537.314
559.356
562.677
569.639
569.552
585.168
663.435
710.068
680.32
631.604
650.83
554.267
1091.64
1020.98
664.73
52.2571
52.673
321.672
51.7936
0
51.1552
51
286.682
0
0
1423.98
1283.73
1236.87
1056.99
1024
1346.18
1400.95
1450.32
1442.28
1458.84
1424.75
1457.76
1364.44
1293.33
1295.48
1232.07
1282.79
1335.39
1407.93
1361.56
1334.35
1325.33
1367.33
1243.84
1237.74
1309.43
1204.3
1178.21
1188.93
1201.37
1217.15
1219.58
1208.93
1269.06
1113.37
1118.83
1016.09
1165.68
1152.18
924.676
0
111.72
1106.15
117
0
0
0
840.437
0
0
1461.18
1343.24
1351.19
1097.67
1070.33
1105.98
1409.88
1401.51
1477.51
1427.38
1483.21
1450.47
1358.25
1365.78
1313.95
1241.87
1243.62
1352.94
1327.39
1355.63
1325.34
1353.55
1328.83
1276.39
1235.54
1262.78
1220.86
1162.07
1237.18
1205.04
1191.48
1202.36
1203.58
1179.28
1111.69
1107.59
1055.46
1168.18
1111.96
919.766
0
110.4
1173.17
117
0
0
0
1011.37
0
0
1475.44
1268.9
1239.33
1105.66
1015.12
1518.81
1438.49
1427.53
1466.27
1429.09
1464.17
1425.16
1327.24
1326.38
1340.11
1213.47
1282.01
1282.9
1355.23
1364.46
1350.88
1311.24
1325.39
1282.37
1264.55
1257.8
1246.82
1159.67
1208.87
1242.76
1224.6
1215.01
1225.04
1248.87
1123.93
1097.56
1123.81
1168.13
1132.34
908.805
0
111
1160.08
117
0
0
0
1015.46
0
0
1429.44
1294.39
1243.97
1085.7
1001.43
1384.11
1457.48
1424.28
1472.15
1459.7
1492.93
1400.03
1332.75
1310.33
1299.12
1156.77
1358.79
1346.01
1359.51
1310.84
1359.77
1351.77
1341.74
1254.55
1257.82
1253.94
1297.42
1216.11
1279.7
1242.43
1170.79
1185.02
1232.62
1125.17
1097.54
1096.65
