283
293
153
92
174
333
75
15
101
12
57
199
57
46
17
0
4
0
0
0
0
0
128
0
0
0
4
0
0
0
0
0
0
0
0
0
0
0
0
0
0
0
0
0
0
0
0
0
0
0
0
0
0
0
0
0
0
0
0
0
0
0
0
0
0
0
0
0
0
0
0
0
0
0
0
0
0
0
0
0
0
0
0
0
0
0
0
0
0
0
0
0
0
0
0
0
0
0
0
0
0
0
0
0
0
0
0
0
0
0
0
0
0
0
0
0
0
0
0
0
0
0
0
0
0
0
0
0
0
0
0
0
0
0
0
0
0
0
0
0
0
0
0
0
0
0
0
0
0
0
0
0
0
0
0
0
0
0
0
0
0
0
0
0
0
0
0
0
0
0
0
0
0
0
0
0
0
0
0
0
0
0
0
0
0
0
0
0
0
0
0
0
0
0
0
0
0
0
0
0
0
0
0
0
0
0
0
0
0
0
0
1685
2971
2889
2827
2716
2851
2824
2763
2849
2676
2962
2987
725
0
2
0
0
0
0
0
25
0
0
4
25
0
27
14
30
8
7
6
2
0
0
8
6
0
0
31
0
3
0
1
0
0
0
0
0
1
2098
2836
2834
2860
2885
2802
2927
2878
2862
2
0
0
3907
5681
5516
4822
4860
2176
5776
5758
5644
5876
5548
5704
5463
5534
5652
5178
4511
5461
5462
5475
5353
5518
5518
5354
5293
5252
5308
852
0
8
14
22
0
0
18
4
517
4739
4709
4820
4964
4904
4837
4722
4792
