33.8276
29.779
32.3383
31.6319
27.8613
32.173
30.2121
31.9857
32.3127
31.2317
30.8093
30.3584
32.9985
32.9619
32.1445
2
2.10316
18.7974
2
0
2.94643
2
32.6259
0
0
32.9787
32.8151
32.9943
32.8765
32.8756
31.6589
32.6887
32.8358
32.9113
32.8668
32.5082
32.774
32.8503
32.7121
32.6765
32.9982
32.6144
32.9424
32.5186
32.2566
32.4624
33
32.5177
32.9971
32.9563
32.5899
32.3501
32.2308
32.8694
32.6859
32.8047
33
32.5986
32.8492
32.7463
32.8852
32.5206
34.6679
32.8066
31.3284
0
2
24.25
2
0
0
0
14.1644
0
0
32.9697
32.8094
32.8623
32.7467
32.9688
31.2555
32.6414
32.9001
32.92
32.7509
32.996
32.696
32.7847
32.8074
32.9573
32.5689
30.6756
32.3629
32.812
32.8463
32.7875
32.7263
32.5912
32.9964
32.5163
31.9588
32.9344
32.4705
32.92
32.9127
32.7946
32.8924
32.6193
32.7362
33
32.9044
32.475
33.7494
32.6873
31.2378
0
2
24.7719
2
0
0
0
17.0227
0
0
32.9772
32.7522
32.7757
32.9948
32.8754
31.5383
32.9337
32.6933
32.5757
32.5586
32.8099
32.8017
32.9421
32.5394
32.8917
32.9213
31.8569
32.5732
32.9154
32.6195
32.8459
32.8204
32.8562
32.6117
32.3508
32.2911
32.6977
32.3926
32.5475
32.2899
32.9142
32.7521
32.8509
32.6846
32.6292
32.5776
32.9927
33.9813
32.6728
32.2902
0
2
23.7679
2
0
0
0
16.0229
0
0
32.978
32.5137
32.3593
32.4645
32.8364
32.6124
32.9984
32.9456
32.7112
32.9776
32.7687
32.5935
32.5285
32.8712
32.8726
32.846
32.4494
32.8596
32.3941
32.338
32.2654
32.939
32.8551
32.9997
32.5997
32.7712
32.9428
31.8266
33
32.8511
32.9939
32.9474
32.861
32.8045
32.6004
32.8463
