23322
22229
22247
22468
21592
21262
18985
17803
17542
17465
17664
16234
16261
16419
4663
315
477
643
843
0
58
18
5432
0
0
7748
12145
11719
12272
13821
4266
12287
12500
12722
12513
12239
12520
12326
12158
12158
10920
9775
11925
11448
11292
11579
11801
11752
11316
11121
11011
11094
10711
13459
13447
13182
13100
13317
13022
12782
12989
12036
12819
14242
4633
0
25
151
2
0
0
0
247
0
0
5649
12031
11373
11622
13766
4331
12271
12643
12748
12634
12393
12383
12232
12179
12210
11720
9566
11685
11705
11568
11718
11537
11989
11410
11083
11012
11399
10703
13495
13400
13447
13531
13468
13412
12893
12909
12394
13193
14168
4540
0
20
142
2
0
0
0
204
0
0
7351
11758
11769
12577
14005
3852
12447
12664
12533
12349
12363
12604
12301
11981
11935
11485
9327
11843
11663
11455
11600
11715
12053
11039
10990
11198
11396
11132
13537
13212
13253
13279
13472
12968
12854
13015
12136
14430
13935
3337
0
22
140
2
0
0
0
202
0
0
8474
11624
11603
12456
13264
4650
12618
12515
12436
12437
12180
12532
11927
12024
12261
11368
9705
11678
11540
11486
11588
11807
11847
11535
11262
11170
11197
11495
13027
13114
13400
13589
13360
13424
13013
13124
