92.7503
94.4507
94.2474
94.5489
93.5945
94.0341
94.142
93.4909
94.1605
93.5079
93.7999
93.6191
90.0395
90.2525
88.1111
49.2571
49.2453
61.2224
48.7046
0
48
48
55.1079
0
0
91.1523
93.7702
94.0204
96.7368
95.4945
94.8629
92.5547
91.5125
91.0395
91.9298
92.9385
91.2623
92.8749
92.5665
93.1258
93.5431
93.2649
93.2405
93.1782
94.7598
95.5409
93.3722
93.772
94.5718
95.5533
94.6336
94.8683
97.5127
96.9562
96.2918
96.9074
96.436
96.6594
96.0613
97.7575
97.69
98.2919
95.9679
96.388
98.4146
0
108.72
110.603
114
0
0
0
83.7328
0
0
91.2767
93.0262
93.3434
96.285
95.6871
95.9612
92.6907
92.2096
91.167
91.775
91.8146
92.7822
93.9312
92.0142
92.9182
93.6658
95.0513
93.6167
93.0326
94.7453
94.2348
93.9002
93.1564
94.1498
94.7792
94.6836
94.9104
96.0121
96.3639
96.5147
96.5473
96.7804
96.1695
96.6907
97.3961
97.5564
97.4685
95.4079
96.9696
99.1414
0
107.4
111.359
114
0
0
0
91.0882
0
0
90.5909
93.6754
94.0252
95.4857
95.4433
94.7103
91.9798
91.7814
92.0162
92.4269
92.5613
91.9632
93.3853
92.5473
93.094
93.7993
93.8012
94.4946
93.829
94.1123
94.4731
93.3726
93.1376
95.0518
94.6624
94.4558
94.5906
96.2816
96.2879
96.7418
96.7212
96.8282
95.9804
96.3785
97.2988
97.8629
97.0311
95.5497
96.8611
97.7513
0
108
111.193
114
0
0
0
90
0
0
91.5676
94.1294
94.3409
95.1888
95.9837
92.6477
91.6605
91.7794
92.4353
91.5175
92.5318
92.2435
92.9449
92.8792
92.7751
94.4309
93.1586
93.7144
93.5223
95.1112
94.3447
93.0457
93.4467
94.2458
93.9981
94.9638
93.2728
96.9959
95.7156
96.3711
96.902
96.5641
96.8403
97.3121
97.1479
97.5546
