834.781
880.204
875.72
854.608
912.478
919.865
1022.11
1087.38
1143.87
1200.63
1160.76
1416.9
876.262
927.984
6197.8
101535
67033.3
49445
37907.9
inf
551673
1.77773e+06
5604.33
inf
inf
2706.12
1351.1
1493.74
1550.57
1291.31
6154.99
1203.43
1109.68
1073.05
1098.5
1189.85
1098.15
1231.7
1338.68
1336.53
1698.33
1990.86
1348.05
1387.32
1472.3
1429.27
1386.31
1355.61
1584.01
1639.7
1596.76
1680.14
1809.38
1188.66
1178.35
1210.4
1223.17
1194.02
1188.32
1390.15
1344.79
1642.6
1330.61
1094.7
5982.3
inf
1.27989e+06
210814
1.59999e+07
inf
inf
inf
128714
inf
inf
4203.54
1316.55
1462.49
1655.73
1254.24
6282.61
1197.89
1129.53
1032.69
1105.47
1098.9
1133.72
1257.84
1261.69
1306.86
1488.5
2101.56
1385.61
1406.48
1410.63
1405.5
1420.13
1340.28
1528.16
1651.77
1643.14
1586.41
1827.74
1134.07
1183.02
1188.23
1162.58
1172.42
1206.64
1370.28
1371.3
1526.43
1257.35
1146.66
6128.69
inf
1.59989e+06
224179
1.59999e+07
inf
inf
inf
155851
inf
inf
2877.71
1452.65
1479.68
1438.66
1269.78
6788.56
1132.41
1099.32
1086.99
1162.21
1124.2
1113.71
1274.18
1344.52
1341.08
1572.77
2148.89
1419.12
1388.49
1429.08
1407.74
1420.3
1329.56
1616.45
1647.19
1599.85
1561.19
1714.93
1155.02
1179.28
1189.95
1194.81
1150.26
1218.74
1365.57
1361.14
1512.97
1049.47
1164.04
8680.65
inf
1.45443e+06
227411
1.59999e+07
inf
inf
inf
157400
inf
inf
2346.82
1458.54
1513.94
1483.34
1411.11
5497.61
1078.58
1132.65
1101.02
1113.27
1134.32
1153.43
1350.24
1351.01
1310.78
1658.15
1938.48
1394.19
1413.45
1475.16
1401.7
1358.49
1359.37
1519.62
1583.59
1610.87
1560.49
1567.71
1176.73
1197.71
1217.27
1169.83
1162.59
1258.62
1361.54
1341.63
