1008.1
979.07
1011.17
1077.84
976.636
1018.76
1001.62
1018.26
989.525
913.046
967.151
799.646
1326.49
1220.77
877.728
0
0
2118.82
88.5
0
0
0
3058.1
0
0
1695.46
1492.81
1473.36
1189.69
1127.93
1539.8
1577.37
1658.9
1650.23
1636.48
1622.59
1655.84
1565.3
1498.05
1498.61
1413.38
1565.62
1544.86
1664.03
1550.47
1484.12
1539.5
1593.66
1444.85
1408.85
1510.45
1409.08
1271.38
1232.61
1323.58
1310.05
1325.78
1307.04
1406.61
1253.94
1226.88
1093.5
1239.24
1182.06
967.716
0
108
1902.5
108
0
0
0
633.021
0
0
1743.56
1601.72
1624.37
1262.04
1167.08
1246.63
1590.16
1583.04
1678.22
1642.35
1664.43
1601.77
1519.51
1602.39
1492.37
1425.39
1464.66
1542.42
1533.99
1528.31
1514.76
1602.7
1511.7
1525.94
1472.39
1484.46
1419.68
1391.72
1339.31
1268.45
1220.19
1237.41
1312.37
1227.17
1188.69
1197.19
1169.38
1217.85
1147.39
933.773
0
108
1902.62
87
0
0
0
623.457
0
0
1849.31
1475.61
1479.81
1250.84
1128.55
1696.29
1644.4
1617.59
1639.39
1603.09
1644.74
1628.4
1489.51
1512.71
1531.63
1396.38
1490.7
1461.75
1525.78
1589.29
1561.52
1520.22
1524.43
1509.57
1486.97
1458.84
1456.09
1340.93
1261.16
1334.04
1318.69
1280.63
1336.29
1384.58
1245.02
1193.11
1231.59
1237.77
1236.42
960.547
0
108
1832.82
108
0
0
0
609.313
0
0
1702.02
1529.81
1464.02
1222.96
1101.24
1628.37
1615.22
1642.12
1650.64
1664.43
1667.34
1572.93
1528.85
1508.95
1513.26
1315
1575.83
1543.48
1541.69
1459.72
1561.36
1545.98
1534.06
1450.36
1490.85
1464.05
1539.53
1338.47
1415.07
1329.47
1215.75
1228.68
1289.15
1176.71
1187.6
1166.33
