0
0
0
0
0
0
0
0
0
0
0
0
0
0
0
0
0
0
0
0
0
0
0
0
0
0
0
0
0
0
0
0
0
0
0
0
0
0
0
0
0
0
0
0
0
0
0
0
0
0
0
0
0
0
0
0
0
0
0
0
0
0
0
0
0
0
0
0
0
0
0
0
0
0
0
0
0
0
0
0
0
0
0
0
0
0
0
0
0
0
0
0
0
0
0
0
0
0
0
0
0
0
0
0
0
0
0
0
0
0
0
0
0
0
0
0
0
0
0
0
0
0
0
0
0
0
0
0
0
0
0
0
0
0
0
0
0
0
0
0
0
0
0
0
0
0
0
0
0
0
0
0
0
0
0
0
0
0
0
0
0
0
0
0
0
0
0
0
0
0
0
0
0
0
0
0
0
0
0
0
0
0
0
0
0
0
0
0
0
0
0
0
0
0
0
0
0
0
0
0
0
0
0
0
0
0
0
0
0
0
0
0
0
0
0
0
0
1856
2842
2775
2689
2667
2721
2880
2770
2686
2602
3087
2837
673
0
0
0
0
0
0
0
122
0
0
0
0
0
0
12
2
8
6
4
0
0
0
8
4
0
0
3
0
0
0
0
0
0
0
0
0
0
2162
2838
2757
2708
2741
2772
2697
2785
2675
032
6916
6985
6832
7029
6960
7086
6873
6825

8687
8658
8405
8444
8096
8337
8138
7709
6693
7999
7981
7591
7777
8063
8018
7675
7753
7409
7566
1326
0
8
14
22
0
0
18
4
