49.7983
42.5406
48.2238
48.909
32.3338
41.103
42.3944
51.04
51.6979
46.0546
48.4342
37.2693
90.987
54.9686
37.0426
0
0
24.5417
2
0
0
0
50.426
0
0
91.0893
56.7281
66.7
80.223
64.5459
66.9577
53.5998
65.4941
48.9038
53.6144
51.767
59.4266
49.4328
44.4932
50.8165
54.6225
71.23
54.5961
69.5249
45.314
44.275
58.664
64.1813
71.1294
67.6547
61.4945
53.3657
67.6793
50.7157
58.1878
61.3714
62.1761
56.1924
65.1302
58.3316
59.4597
61.7784
72.4797
52.9565
45.2263
0
2
23.7177
2
0
0
0
14.6964
0
0
91.8837
58.2751
82.9742
72.0454
68.1863
49.5643
46.768
49.5792
52.3891
50.881
60.0966
43.0221
42.6152
60.202
45.9946
45.4694
68.0155
49.1126
52.3188
50.5304
50.2282
57.7794
51.7909
54.4008
76.3795
51.3628
53.5456
68.0292
56.8529
50.7619
56.4547
51.4216
59.32
54.3756
69.7524
62.5521
56.5962
75.339
56.1748
42.9611
0
2
23.8583
2.66667
0
0
0
15.321
0
0
99.6978
52.2981
59.5214
78.2116
64.8767
67.3045
50.9437
49.9126
50.8836
55.8729
47.9845
52.6408
49.5097
49.9944
60.9056
51.736
68.8562
47.154
51.3641
53.3766
55.6591
53.119
56.3239
65.7465
52.801
47.0135
60.1475
71.2096
55.574
66.5594
55.4567
64.1586
58.2966
64.7019
63.1366
58.387
63.2164
82.755
55.9436
49.0647
0
2
23.5537
2
0
0
0
14.9325
0
0
87.4068
58.5175
52.3869
85.2337
61.546
74.931
45.0428
58.4757
51.6643
58.2262
57.6236
46.6053
49.9728
46.6789
48.2618
56.677
71.0573
54.4974
48.6234
46.2907
61.0767
54.6042
52.1345
58.5568
54.3123
49.1217
54.4106
70.6116
63.5929
51.2916
57.6481
56.0446
70.6325
49.8716
54.5245
59.8884
