14795
14770
14778
15187
14955
15023
15201
15658
15383
15151
15588
13338
14963
14238
3251
0
0
121
2
0
0
0
599
0
0
8342
11417
11385
14516
17807
4609
12703
13147
13279
12896
12563
13003
12615
12410
12316
11437
9893
12132
12342
11807
11500
11931
12080
11778
11335
11583
11562
12092
14482
14806
14115
14336
14487
14520
13664
13933
13255
12999
14431
4401
0
25
150
2
0
0
0
583
0
0
6322
11828
11989
13293
17790
5409
12570
12758
13254
12749
13071
12780
12213
12633
12464
12149
10600
12110
11941
11912
11978
11973
12219
11654
11464
11046
11560
11920
14853
14570
14485
14682
14711
14501
14068
14245
13647
13900
14202
4399
0
20
145
5
0
0
0
591
0
0
8198
11555
11467
15218
18203
4408
13023
12994
13061
12387
12826
12824
12297
11956
12279
11883
9912
11789
11969
11855
11600
12091
12192
11247
11541
11156
11803
12946
14797
14795
14322
14380
14468
14654
14044
13928
13534
15043
14085
3316
0
20
147
2
0
0
0
603
0
0
8937
11463
11408
15424
17024
5013
12991
12989
12912
13051
12930
12668
12277
12341
12256
11829
10409
12082
12039
11620
11852
12253
11973
11602
11631
11245
11680
12932
14805
14755
14431
14590
14681
14555
14429
14174
