89.9475
89.9543
89.8094
88.7867
89.68
88.8961
87.4194
87.059
86.8208
87.3966
86.51
89.4017
81.5997
82.4067
89.2082
0
0
105.595
72
0
0
0
407.785
0
0
72.9433
72.5402
74.6893
84.9368
86.7614
74.9863
71.3739
70.3233
70.2229
70.5698
71.9542
71.2098
72.0214
72.0242
73.0133
73.923
73.5375
73.1031
72.8729
74.6283
74.4501
73.3681
72.5466
74.4409
74.8857
73.2997
73.5976
82.3368
82.2999
81.8672
82.6006
81.425
81.7064
81.4452
82.5821
82.1666
85.104
82.5027
82.5122
87.1541
0
105
104.24
105
0
0
0
97.3688
0
0
71.7684
71.5287
72.7227
82.2137
86.2764
85.0532
71.2757
70.572
69.9617
70.7408
70.3482
70.9085
72.5723
71.5091
72.0568
73.1517
75.1378
72.9763
73.9039
73.6733
73.0985
73.4169
72.6133
73.3494
74.8678
74.3544
74.706
80.4428
81.5472
82.9122
82.9516
82.1279
80.9572
82.6507
83.1805
82.8802
83.6843
82.3401
82.4058
86.4749
0
105
103.221
78.6
0
0
0
98.2234
0
0
71.05
73.2218
74.2565
82.832
86.5873
72.6772
70.3349
70.9248
70.4213
71.876
71.0431
71.1176
72.2837
72.401
71.8356
74.3441
74.3438
74.1526
73.2665
73.7097
73.8065
73.3225
73.0071
74.3726
74.3005
75.0524
73.7322
81.9487
82.5072
81.9684
82.5798
81.794
81.766
81.4868
82.3791
83.0036
82.2344
82.0588
82.4055
85.0006
0
105
104.796
105
0
0
0
98.5025
0
0
71.6099
72.6027
74.8349
84.2976
86.8375
73.9683
70.6701
70.2996
70.3429
70.9858
70.752
71.4655
73.0933
72.4779
72.1645
74.755
73.4405
73.4019
73.1677
74.2632
73.722
72.7193
73.0331
74.0159
74.146
74.4771
73.313
81.9245
81.2575
81.7228
82.8556
82.6657
81.0783
82.9301
82.4841
82.6689
