1154.8
1187.48
1154.21
1029.22
1163.12
1111.31
1103.5
1025.42
1090.69
1199.03
1085.71
1599.51
812.117
1026.74
8965.4
inf
inf
262344
1.59999e+07
inf
inf
inf
50364.3
inf
inf
2140.55
1310.03
1337.36
1014.78
669.116
5403.14
941.723
775.111
759.59
844.911
924.574
805.133
971.359
1080.52
1099.63
1384.55
1668.99
1092.79
928.739
1159.79
1298.49
1142.59
1055.35
1272.08
1414.27
1252.22
1358.61
1374.99
977.03
837.708
957.046
906.361
901.835
797.243
1087.98
1069.82
1320.69
1222.49
1035.39
6303.36
inf
1.27989e+06
211431
1.59999e+07
inf
inf
inf
54255.5
inf
inf
3318.13
1103.72
1044.74
1145.24
631.688
4669.44
955.58
925.19
736.142
867.646
783.733
902.147
1100.65
930.661
1075.02
1208.57
1554.21
1100.02
1145.85
1158.06
1156.81
1069.98
1107.17
1219.9
1318.96
1412.51
1348.49
1292.85
815.14
927.843
988.99
942.133
862.876
979.571
1085.98
1049.21
1175.46
1084.3
1105.82
6340.61
inf
1.59989e+06
218787
6.39991e+06
inf
inf
inf
53522.1
inf
inf
2054.08
1293.75
1310.8
851.93
629.401
5563.24
812.789
845.083
810.653
980.267
850.193
866.923
1112.76
1163.77
1074.44
1296.55
1737.71
1252.65
1147.8
1109.99
1197.1
1126.38
1100.24
1335.64
1285.75
1409.57
1255.09
1130.88
901.442
828.853
915.637
944.678
875.489
799.127
1033.53
1104.42
1132.83
889.465
1035.5
8689.63
inf
1.59989e+06
215854
1.59999e+07
inf
inf
inf
52458.7
inf
inf
1878.6
1261.78
1341.03
851.726
778.462
4755.04
848.019
821.505
827.678
787.492
807.529
953.115
1077.65
1084.03
1097.7
1390.22
1498.44
1105.09
1116.34
1294.15
1138.61
1065.63
1138.62
1307.79
1260.41
1381.66
1200.19
1136.01
746.363
839.287
1001.7
964.603
890.542
1021.84
1030.16
1091.33
