13259
12980
12966
11599
12836
11065
12392
11500
12830
11014
12343
11923
12118
11322
11695
12397
11768
11879
11316
11878
11864
11770
11279
11363
11728
12435
10917
11602
11208
12958
12254
13717
13591
12577
15438
12279
12293
12181
11662
12074
11801
12372
11306
13985
11101
1297
7506
2127
1529
1586
1521
1547
5339
7930
6626
7233
6628
7179
6642
7729
5733
9349
9148
9961
9768
11287
10477
11727
10814
11240
10372
11464
11209
11042
10465
11137
11591
10748
10582
11083
11845
10589
10384
11368
11662
10724
10425
11806
11370
10575
10267
11975
11625
10649
12048
11276
10627
10096
9890
10523
10678
10368
10746
10662
11013
10397
10903
10772
10576
10618
10898
11033
10113
11010
10958
10775
10375
10863
11308
10043
10634
11184
10770
10029
11134
10855
12047
10950
10432
9933
11319
10766
11419
10842
11708
10578
11619
10920
11650
10500
11649
10903
11798
10671
11550
10956
11442
10634
11582
11117
11499
10879
11411
11602
10786
10994
11724
11412
10996
10502
13003
11006
10760
11049
10858
12759
11307
12743
11457
13794
9328
1572
7696
1752
1508
1604
1529
1515
6252
7607
6759
7082
6738
6927
6876
7597
6201
9313
9249
10061
9999
11274
10092
11557
11270
11004
10450
11578
11505
10584
10475
11336
11203
10542
11009
11716
11068
10791
10586
11739
10812
10855
10889
11761
10894
10736
10628
11889
11057
10876
12162
10834
10955
10110
10025
10140
10849
10254
10855
10538
10852
10337
10789
10870
10554
10813
10445
11070
10133
10962
10741
10679
10462
10548
11420
10096
10824
10562
10879
10021
11070
10781
12179
10783
10510
9910
11128
10720
11911
10668
11366
11013
11482
11057
11376
10636
11655
11441
11174
11127
11401
11759
10682
11011
11275
11755
10485
11431
11048
12191
10014
11352
11074
12347
9883
10893
13078
10810
10823
10953
11066
12573
11440
12663
11658
14206
7908
1780
7696
1574
1531
1578
1541
1535
6667
7501
6728
6918
6874
6778
7174
7388
6341
9265
9385
10057
10151
10970
10195
11900
11096
10757
10655
11428
11521
10537
10567
11788
11330
10217
10589
12013
11000
10661
10407
12065
10922
10486
10936
11722
11145
10391
11111
11570
11555
10265
12720
10802
10757
10214
10062
10352
10997
10156
11030
10607
10600
10589
10855
10933
10277
10870
10522
11047
10250
10765
11100
10541
10569
10659
11283
10094
10656
11022
10824
10200
11094
10995
12051
10638
10603
9807
11369
10401
11861
10479
11655
10783
11489
11061
11209
11084
11432
10879
11504
11148
11314
11245
11023
11365
11148
11120
10973
11708
10924
11303
10713
11424
11409
11134
10795
11244
12521
10692
10869
11306
11286
12120
11555
12830
11469
15008
5734
2174
7552
1524
1533
1577
1517
1522
7442
7143
6861
6678
7251
6585
7610
7077
6811
9233
9611
9629
10396
10873
10749
11443
11320
10482
11350
11167
11413
10271
11282
11430
11083
10793
11110
11731
10557
10843
11168
11223
10757
10634
11660
10651
10938
10811
11618
11205
11135
10924
12351
10714
10931
9938
10130
10201
11082
10147
11026
10626
10504
10762
10552
11081
10190
11075
10748
10774
10499
10765
11181
10306
10789
10529
11098
9915
10735
10836
10503
10313
11019
11219
12040
10727
10215
9953
11378
11008
11058
10670
11795
11018
10987
10985
11597
10942
11314
10859
11432
11533
10948
10763
11469
11104
11282
10882
11082
11519
11436
10826
10935
11128
11840
10951
10914
11683
14053
13810
