6343
5398
5734
4902
5837
4622
6345
4340
5667
4919
5967
4396
5215
5639
5242
5244
4611
5449
5412
5256
4700
4975
5297
5771
4599
4954
4741
6191
4662
5278
6430
6577
13151
12807
13322
5965
6283
6014
6307
6368
6438
5619
6760
5765
2197
768
4608
0
0
0
0
0
3479
5051
4909
4461
5147
4625
5407
4687
4410
4549
4105
4280
4162
5779
4791
5343
4276
5962
5305
4985
4364
5559
5523
4875
4381
5403
6006
4589
4707
5198
5867
4515
4515
5720
6031
4388
4398
5991
5429
4679
4333
5714
7404
5423
4017
4017
3951
4299
4383
4276
5007
3855
4675
4382
4554
4120
4523
4788
4006
4717
4361
4602
4179
4488
4716
4247
4550
4309
4785
3827
4527
4817
4261
4075
8028
4663
4829
4457
5355
4545
5544
4516
5681
4949
5422
4523
5601
4756
5595
4346
5455
5234
5375
4354
5630
5036
5377
4411
5484
5535
4976
4694
5437
5425
4724
4733
5444
5249
8274
5698
5311
5245
6682
5446
7054
5198
6764
5837
1872
640
4608
0
0
0
0
0
4195
4981
4821
4611
4853
4776
5298
4743
4394
4586
4173
4440
3787
5931
4998
5130
4389
5926
5262
4847
4728
5507
5350
4533
4724
5772
5406
4710
4716
5959
4967
4846
4838
5756
5258
4787
4892
5685
5004
4806
4770
5347
8355
4308
4196
3843
4223
4078
4417
4207
5004
3888
4613
4389
4425
4259
4325
4878
4023
4649
4166
4751
4121
4305
4794
4122
4686
4161
5030
3698
4519
4484
4557
4002
8090
4595
4849
4206
5538
4709
5231
4660
5797
5009
5010
4798
5605
5009
5181
4491
5585
5761
4674
4854
5255
5845
4390
4924
5177
6328
3989
5266
5077
6128
3779
5153
5041
5580
8261
5936
5042
5324
6595
5601
6948
5290
6546
5989
1656
640
4608
0
0
0
0
0
4493
4942
4766
4605
4757
4964
5144
4897
4231
4569
4177
4408
3957
5954
5033
5104
4317
5891
5472
4501
4811
5733
5465
4357
4622
5945
5532
4621
4267
6338
4963
4721
4636
5978
5411
4526
5079
5527
5344
4469
4894
5367
8314
4247
4181
3885
4214
4181
4421
4332
4913
4086
4473
4520
4275
4347
4333
4881
4004
4546
4497
4496
4124
4477
4866
3966
4706
4321
4747
3797
4592
4689
4503
4599
7521
4670
4817
4191
5702
4296
5547
4573
5736
4844
5221
5010
5223
4877
5264
4733
5536
5215
4888
5084
5218
5125
4939
5183
5048
5532
4660
5478
4911
5255
4685
5250
5209
6374
7289
5598
5112
5814
6341
5847
6701
5309
7169
5198
1295
640
4608
0
0
0
0
0
5083
4769
4639
4936
4519
5264
4887
5173
4231
4310
4340
4219
4386
5592
5159
4766
5058
5463
5556
4260
5478
5319
5341
4441
5175
5922
4806
4848
5303
5560
4628
4795
5552
4990
5374
4686
5574
4754
5165
4636
5276
5249
8160
4183
4285
3713
4389
3967
4597
4287
4842
4098
4466
4744
3839
4604
4327
4777
4300
4432
4624
4311
4405
4207
5029
3830
4701
4405
4407
3902
4556
4518
4366
5237
7184
4586
4767
4646
5011
4497
5453
5217
5141
4825
5427
5043
5188
4690
5498
4984
5095
5072
5291
4895
5372
4697
5197
4982
5521
5036
4915
5290
5336
4809
4905
5150
5440
6553
14066
13559
