12968
12584
13157
13394
12877
13735
12921
13475
12425
13268
12640
13219
12730
13324
12916
12380
12456
13178
12631
12783
13328
12567
13197
12752
12878
12528
13333
13270
12901
11999
12520
9764
2709
4288
3633
9542
8715
8556
9427
9091
8519
8280
8944
8019
6854
102
25
2
7
7
0
0
28
3000
4168
5051
4016
5379
3928
4841
3118
3285
3174
3051
2850
1277
1124
606
1234
1019
1304
658
1208
871
1140
804
1087
957
1192
961
1061
833
1206
731
1232
865
1254
806
1218
829
1184
734
1086
1011
1701
701
716
1688
2250
1493
1540
1384
1220
1003
1260
1052
934
1208
1210
979
854
1470
1109
1021
714
1400
992
1108
1053
1424
982
857
860
1505
1119
881
8544
10256
10318
10515
9975
9894
9614
10076
9508
10133
9761
10064
10169
10241
9831
10171
9785
10446
9908
10062
9437
10159
9717
10154
9093
10484
9839
9742
10197
10026
10185
9498
10037
9401
8413
10051
10110
9739
9865
9832
9046
9338
8839
7473
5477
104
30
2
12
9
0
0
155
3371
4143
5009
4441
5101
3960
4594
3112
3391
3103
2887
2766
1046
1198
854
1278
831
1299
794
1010
965
1116
813
1054
1061
1138
956
956
959
1368
548
1081
959
1459
595
1056
957
1414
497
1171
861
1941
475
854
1954
2148
1539
1349
1448
1164
1013
1254
1023
955
1109
1274
1020
880
1164
1259
1052
813
1253
1049
1104
996
1409
1056
854
862
1424
1068
1054
7558
10137
10696
10719
9690
9681
9558
10261
9416
9791
10026
9778
9742
9710
9994
9696
9653
9424
9838
9708
9841
9690
10131
9863
9769
9446
9688
9480
10160
10360
9964
9473
9933
9515
7416
9770
10103
10207
9403
9656
9041
9334
8470
7244
5072
105
25
4
6
7
0
0
219
3629
4019
5047
4484
5138
3961
4512
2996
3317
3056
3125
2646
1042
1214
701
1272
981
1149
830
964
1083
1236
714
1001
1160
1224
647
1062
1027
1264
528
1268
1004
1337
585
1081
1345
820
752
922
1090
1820
611
758
1997
2122
1580
1354
1459
1064
1016
1346
999
842
1334
1218
934
927
1318
1040
1109
810
1470
887
940
1227
1361
1072
796
823
1428
1232
1001
9385
10017
10608
10962
9646
10086
9564
10133
9794
10039
10036
9775
9842
10422
9715
9938
9047
10451
9967
9854
9555
9732
10139
10019
9896
9890
9730
9788
10191
9954
9993
9956
9916
9030
8893
9887
10357
9261
9000
9458
8695
9006
8793
7774
3579
99
28
1
6
7
0
0
320
4114
4075
5134
4412
5059
3846
4736
2705
3459
2850
3456
2122
1116
974
913
1207
1037
896
1316
706
1080
1099
964
1069
810
1335
732
1128
852
1299
558
1179
1177
1006
771
1136
1277
697
1098
697
1387
1423
672
892
2158
1951
1585
1376
1378
1021
1145
1288
976
839
1372
1143
985
970
1358
990
946
1000
1545
798
862
1093
1390
1108
987
794
1270
1202
1199
9158
10320
10433
10363
10105
10849
9741
10220
9468
10090
10094
10078
9742
10457
9856
9938
9844
10083
9900
11060
9406
9740
10274
10036
10242
9649
9708
10104
10457
10256
9615
9808
10164
8560
3248
3212
