0
0
107
1124
1046
843
1182
1080
1153
850
1229
976
681
1025
1312
909
1056
934
1282
988
991
774
1233
1091
1013
585
1546
929
1298
595
1359
1240
2509
3982
717
0
5
282
519
465
496
512
491
438
89
0
0
0
0
0
0
0
27
3126
4396
4779
4448
5114
4193
4337
3554
2933
3273
3052
2483
1420
1113
922
1098
1106
892
981
1174
867
1144
699
1430
681
1224
900
1326
621
1202
843
1165
1067
947
1111
821
1141
971
1088
627
1139
1734
861
667
1428
2594
1289
1475
1391
1216
886
1385
1118
906
941
1275
1102
1023
1143
1472
730
866
1169
1448
980
937
1068
1235
1070
976
1213
1067
1145
1637
1140
1998
2312
1605
1209
1102
887
1265
951
980
1069
969
881
1008
1272
859
1065
928
1176
764
1155
1076
1019
870
1079
1082
1045
827
1087
1095
834
926
1103
1702
995
2516
1587
906
791
488
625
309
240
29
0
0
0
0
0
0
0
155
3475
4350
5043
4209
5077
3973
4505
3598
2858
3474
2861
2312
1468
981
893
1305
836
1113
1066
1061
888
995
961
1003
981
1103
1117
692
1092
1263
1000
706
1104
1283
910
821
994
1355
846
573
1298
1853
498
749
1759
2471
1228
1474
1393
1176
892
1331
1092
974
997
1134
1124
1040
1013
1517
850
824
1113
1458
1039
816
1137
1154
1075
985
1148
1074
1151
1765
1143
1917
2366
1485
1258
1313
682
1307
952
1123
945
972
955
989
1185
828
1175
874
1298
635
1241
930
1228
660
1267
965
918
914
1170
1136
746
996
1108
1632
1068
2454
1596
916
750
472
701
283
210
29
0
0
0
0
0
0
0
258
3510
4360
5275
3999
5223
3842
4568
3404
2852
3539
2822
2324
1366
982
948
1160
1054
1087
874
1075
906
1072
1028
958
1018
988
1191
782
1064
1039
1049
885
1000
1343
796
1056
786
1480
555
1048
903
2021
625
712
1793
2392
1165
1573
1364
1160
959
1357
1025
964
1030
1157
1153
897
1186
1476
819
771
1221
1342
1088
916
1254
1003
1006
1057
1382
948
1222
1556
1196
2013
2378
1401
1342
1011
1030
993
1178
888
1117
797
1224
808
1237
797
1257
764
1234
655
1339
726
1329
565
1520
853
1061
822
1166
1038
925
931
1377
1254
1307
2417
1386
1028
750
352
656
361
194
0
0
0
0
0
0
0
0
400
3784
4283
5387
4042
5233
3854
4539
3363
2833
3443
2926
2099
1231
1233
692
1163
1038
1258
723
1088
988
1178
843
1020
1036
1206
925
919
871
1436
680
980
962
1241
882
956
1139
1130
736
851
1189
1702
520
896
1997
2220
1243
1542
1398
1087
963
1355
972
945
1093
1251
1028
888
1293
1416
886
772
1140
1242
1045
1185
1106
1050
956
1035
1355
940
1385
1485
1135
2208
2165
1435
1327
1042
810
1333
1015
946
859
1178
1009
1031
980
996
1213
884
922
1038
1039
960
916
1097
974
1189
750
1053
963
1260
688
1070
1461
3097
3136
