0
0
238
777
1378
808
1363
815
1145
808
1456
880
878
645
1366
1045
959
908
1111
1405
756
1034
538
1762
850
897
747
1597
1044
781
1191
1357
2288
4141
719
0
0
300
305
733
483
352
702
269
104
0
0
0
0
0
0
0
38
3185
4675
4385
5028
4448
4622
4175
3463
3346
2681
3720
1891
1411
1215
1157
566
1279
1060
1113
859
1019
931
1167
824
1069
1011
1184
906
1003
833
1245
798
1195
911
1228
789
1167
861
1241
740
1061
1499
1088
774
1441
2380
1345
1327
1463
1298
1012
1177
1102
1003
934
1263
1287
885
822
1494
990
1106
825
1369
945
1079
1040
1546
868
903
847
1491
1115
1632
1114
2253
2260
1478
1225
1314
737
1236
964
1203
766
1231
734
1244
802
1178
766
1309
908
958
809
1290
922
960
998
1220
975
958
806
1301
946
753
1073
1624
1254
2574
1255
1053
779
483
455
479
400
59
0
0
0
0
0
0
0
201
3613
4638
4494
4775
4538
4496
4225
3445
3285
2896
3670
1462
1377
1155
1164
794
1320
850
1312
675
1121
858
1161
849
1067
1004
1315
677
1023
957
1442
548
1086
976
1431
591
1004
1087
1412
485
966
1805
875
752
1674
2393
1276
1420
1273
1347
991
1068
1186
1004
956
1178
1327
929
848
1206
1133
1123
824
1322
972
1047
1038
1539
927
880
885
1404
1085
1727
1071
2315
2229
1506
1222
1085
973
1241
1011
868
977
1106
957
1013
849
1130
1113
1085
868
968
1078
1070
960
947
1173
926
1168
715
1245
1003
964
769
1231
1532
1310
2513
1258
992
737
532
494
465
358
39
0
0
0
0
0
0
0
376
3662
4619
4490
4669
4661
4409
4267
3290
3295
2941
3656
1484
1461
1015
1304
657
1329
978
1086
825
1024
999
1228
725
981
1176
1349
486
1074
989
1328
490
1247
1107
1259
555
1056
1418
905
797
857
1824
935
720
1718
2321
1257
1466
1295
1282
944
1210
1142
1010
842
1347
1201
960
889
1338
905
1157
919
1502
841
957
1063
1540
976
892
860
1312
1404
1524
1143
2485
1892
1675
1035
1301
880
1208
849
1122
951
1008
869
1135
926
1049
1021
1099
1005
834
974
1134
1030
803
1119
1177
1021
920
972
1128
966
1083
1225
1217
1348
2494
1204
995
752
527
449
450
375
12
0
0
0
0
0
0
0
810
3641
4494
4820
4444
4883
4198
4403
3278
3017
3169
3481
1383
1472
995
1053
1027
1064
1084
1014
1013
928
989
1083
869
1139
942
1342
523
1181
929
1232
574
1166
1286
908
787
1084
1411
751
930
781
2027
544
954
1828
2333
1205
1494
1315
1167
935
1339
1142
866
889
1338
1166
1044
987
1366
847
958
1103
1452
882
1024
885
1421
1094
1007
865
1165
1584
1397
1112
2557
1923
1455
1143
1268
889
1165
938
1143
854
1163
803
1123
918
1199
846
1133
892
1215
807
1042
858
1069
1196
1053
980
839
1013
1116
1010
822
1562
3081
3057
