9563
9469
9546
9506
9864
9443
10040
9310
9738
9795
10025
9250
10199
10044
9386
9488
10157
9865
9706
9933
9354
10288
9577
9825
9698
10154
9816
9469
9327
10508
9178
7762
3614
4103
3382
8835
8730
8931
9008
8630
8829
9185
8642
11392
14044
432
433
147
2
160
5
0
263
3173
4326
5119
4543
4806
4047
4562
4057
7191
7403
7447
6750
5642
5209
5872
5476
5668
5184
5906
5722
5515
5463
5731
5423
5636
5831
5478
5601
5668
5574
6182
5267
5556
5268
5899
5758
5571
5379
5743
5478
5781
4605
5368
5769
6526
6514
6000
5877
5963
5555
5767
5855
5639
6044
6093
5652
5494
6313
5972
5754
5548
5924
5381
6069
5487
6085
5909
5609
5603
6276
5876
5975
5701
7822
10445
10597
10804
10234
10181
10324
9991
10289
9657
10080
9914
10106
9928
10087
9889
10121
9742
10101
9775
10305
9983
10103
9878
10439
9771
9948
9958
10088
10056
9746
10037
10300
8985
7668
9556
10452
9445
8961
8817
8861
9180
9196
11364
11464
442
448
149
2
160
5
0
396
3533
4497
4958
4652
4567
4216
4382
4615
6859
7127
7706
6422
6079
5206
6064
5329
5813
5501
5348
5368
5558
5649
5618
5742
5703
5337
5483
5406
5647
5275
5613
5315
6048
4640
5383
5425
6118
5007
5685
5481
5832
4261
5920
5796
6686
6375
6169
6399
5860
5821
5947
6098
5641
5846
5862
5703
5608
6132
6237
6056
5590
5806
6348
5937
5739
6160
5570
5658
5874
6876
5681
5617
5510
7811
10225
10749
10404
10256
10086
10385
10002
9915
9752
10217
10085
9724
10115
10074
10032
9988
9659
10081
10174
9880
10150
9987
9982
10141
9902
9987
10156
10001
10013
9831
10364
9890
9010
7966
9698
10468
9717
9146
8904
8814
9304
9331
12039
10431
582
293
135
8
151
5
4
419
3750
4492
4807
4758
4407
4512
4105
4768
6829
7076
7447
6398
5709
5215
5516
5647
5514
5358
5347
5495
5751
5266
5598
5611
5952
5238
5589
5552
5749
5073
5734
5849
5873
4939
5628
6059
5491
5248
5700
5799
5379
4243
5627
5727
6555
6547
5869
5956
5737
5427
6108
5810
5589
6057
5910
5613
5452
6206
5669
5839
5535
5855
5807
5738
5708
6174
5881
5424
5337
6063
5627
5410
6047
8706
10393
10939
10431
10411
10062
10456
9753
10073
9938
10100
9995
10016
9815
10047
9962
10214
9762
9990
10059
10096
10144
9755
10062
10360
9766
10005
9993
10069
10210
10080
10008
9988
8241
8603
9737
10335
9652
9141
8918
9084
9287
9050
13839
7523
588
421
12
8
152
4
4
647
3890
4623
4557
5137
4157
4751
3873
5482
7052
7499
7369
6550
5436
5134
5971
5268
5466
5873
5431
5723
5487
5600
5399
5254
5566
4989
5645
5290
5878
5212
5968
5654
5829
5092
5513
6218
5447
5284
5446
5858
5466
4587
5840
5589
6608
6674
6182
5914
5722
5600
6058
5600
5391
6583
5769
5437
5472
6080
5661
5875
5509
6175
5618
5597
5819
6320
6425
6094
5722
6061
5865
5636
5584
8930
10238
10818
10229
10431
9919
10216
9755
9854
10168
9963
9961
10057
9962
10047
9979
10115
9808
10347
9803
9948
9939
9874
10176
10001
9918
9893
9827
10198
10044
9893
10168
10002
8146
3552
3494
