    rdJobCounts wrJobCounts rdServTime wrServTime rdThinkTimes wrThinkTimes
1      30.32330    40.59290   107.6120   105.1880   11374.6578   114584.000
2       5.24556     2.00000   114.0000   114.0000    2249.0295   285497.429
3       4.73941     2.60377   114.0000   112.8000    2015.4475    47131.328
4       4.92560     2.00000   114.0000   114.0000    2107.9409   249799.000
5       5.33941     1.00000   114.0000   114.0000    2293.1455   999892.000
6       4.49294     1.00000   114.0000   114.0000    1906.3052   999661.000
7       4.83265     2.00000   114.0000   114.0000    2065.4813   999776.500
8       4.92111     1.00000   114.0000   114.0000    2103.1216          Inf
9       4.62209     2.00000   114.0000   114.0000    1971.9048   999892.000
10      4.56934     1.00000   114.0000   114.0000    1943.7179   999892.000
11      4.64481     2.00000   114.0000   114.0000    1975.8603   666404.667
12      4.81735     1.00000   114.0000   114.0000    2060.7028   999892.000
13      4.84419     1.00000   114.0000   114.0000    2065.6525   999778.000
14      4.93278     1.00000   114.0000   114.0000    2113.2178   999892.000
15      5.53303     1.00000   114.0000   114.0000    2379.9916   999778.000
16      4.80774     2.00000   114.0000   114.0000    2052.0842   999892.000
17      4.99132     1.00000   114.0000   114.0000    2134.9299   999892.000
18      4.47678     1.00000   114.0000   114.0000    1901.5334   999778.000
19      4.76508     2.00000   114.0000   114.0000    2038.2524   999892.000
20      4.92981     1.00000   114.0000   114.0000    2108.9277   999778.000
21      4.79772     2.00000   114.0000   114.0000    2042.9765   285556.572
22      4.89385     2.00000   114.0000   114.0000    2090.6799   999892.000
23      4.92252     1.00000   114.0000   114.0000    2104.7720   999778.000
24      4.94518     2.00000   114.0000   114.0000    2117.9980   999719.500
25      5.97811     1.00000   114.0000   114.0000    2582.7893   999892.000
26      4.91712     1.00000   114.0000   114.0000    2100.0299   999892.000
27      4.89964     2.00000   114.0000   114.0000    2095.9158   999892.000
28      5.35109     2.00000   114.0000   114.0000    2293.6205   999835.000
29      4.90027     1.00000   114.0000   114.0000    2101.9132   999778.000
30      4.96721     2.00000   114.0000   114.0000    2121.9447   181689.455
31      4.92606     2.00000   114.0000   114.0000    2108.3827   666520.667
32      5.17647     2.00000   114.0000   114.0000    2216.5919   999835.000
33      4.36007     2.00000   114.0000   114.0000    1849.7003   666558.667
34      4.52033     2.00000   114.0000   114.0000    1925.9310   666558.667
35      5.43437     2.00000   114.0000   114.0000    2332.6355   999892.000
36      4.74213     2.00000   114.0000   114.0000    2025.3427   999892.000
37      4.77641     2.00000   114.0000   114.0000    2037.4428   999835.000
38      4.74216     2.00000   114.0000   114.0000    2015.3219   999892.000
39      4.92505     2.00000   114.0000   114.0000    2109.1824   666558.667
40      4.31116     2.00000   114.0000   114.0000    1825.1843   999835.000
41      4.72881     2.00000   114.0000   114.0000    2017.6049   999776.500
42      4.77565     2.00000   114.0000   114.0000    2035.9012   666558.667
43      4.58360     2.00000   114.0000   114.0000    1948.1260   999892.000
44      4.97805     2.00000   114.0000   114.0000    2138.6577   999892.000
45      5.76141     2.00000   114.0000   114.0000    2486.5017   666520.667
46      4.88828     2.00000   114.0000   114.0000    2086.2945   999778.000
47      4.97310     2.00000   114.0000   114.0000    2128.3787   666558.667
48      4.95759     2.00000   114.0000   114.0000    2121.3891   666482.667
49      4.73631     2.00000   114.0000   114.0000    2021.6666   666482.667
50      4.95399     2.00000   114.0000   114.0000    2117.0716   999892.000
51      4.17685     2.00000   114.0000   114.0000    1764.8927   999892.000
52      4.84321     2.00000   114.0000   114.0000    2068.7342   999892.000
53      5.89694     2.00000   114.0000   114.0000    2539.6792   999892.000
54      4.83516     2.00000   114.0000   114.0000    2070.0983   666405.667
55      4.98132     2.00000   114.0000   114.0000    2128.5810   999835.000
56      5.50023     2.00000   114.0000   114.0000    2366.0435   999892.000
57      4.82656     2.00000   114.0000   114.0000    2062.7964   666558.667
58      4.64617     2.00000   114.0000   114.0000    1976.7115    66528.167
59      4.82778     2.45000   114.0000   114.0000    2264.8290   111186.909
60      4.45350     2.00000   114.0000   114.0000    3070.0435    95108.381
61     16.00120    57.90520    99.5971    99.2883   18698.9581   117319.662
62      4.28696     2.00000   112.8720   114.0000   18136.0729   117526.530
63      3.85000     1.00000   114.0000   114.0000   20868.9074          Inf
64      3.91473     2.00000   102.8740   114.0000   14849.7015    34976.877
65      3.79899     2.00000   109.7520   114.0000   18648.2822    79889.120
66      4.85450     3.93023   107.3320   103.2390   12365.5779    42520.456
67     34.14310    41.34730   106.2380   103.8970   20912.2952    27790.126
68     32.99980    38.72080   112.6400   106.0400     358.4135     2159.702
69     33.00000    33.92960   112.9580   107.8340     327.9768     1067.687
70     33.00000    34.84260   113.1540   108.9880     332.1134     1251.759
71     33.00000    34.75440   113.0200   109.7650     339.0271     1169.178
72     33.00000    34.88930   112.9630   110.1950     343.3571     1327.148
73     33.00000    33.95900   112.8210   110.6830     441.2026     1216.006
74     33.00000    33.75780   112.7410   110.6660     443.3000     1334.200
75     33.00000    33.68850   113.0500   111.5910     679.8491     1542.173
76     32.99680    33.61410   112.2330   111.4350    1577.5324     3160.722
77     32.96180    33.35840   112.0390   111.3360    1634.8749     3224.610
78     32.98210    33.88610   112.6890   111.7290    1468.4607     3356.783
79     33.00000    32.65840   112.7340   112.5480    1998.4146     4005.731
80     33.00000    32.93630   112.7070   112.2880    1688.8993     3801.095
81     32.88260    32.45510   113.3030   112.7320    2008.2229     4668.860
82     32.99050    31.82350   113.1610   112.7890    2092.8801     4994.635
83     32.92470    29.80330   113.4070   112.7620    2290.5040     5155.751
84     33.00000    32.71470   113.0500   112.4890    2301.7776     5670.408
85     32.89990    30.59600   112.7590   112.5940    2195.1003     4741.500
86     32.99920    31.04310   113.7430   112.5730    2089.4148     4916.532
87     32.99960    32.24860   113.5920   112.6610    2109.5262     4597.325
88     32.98170    29.03560   113.4180   113.0310    2570.2718     5651.155
89     32.96310    33.81760   112.4630   112.6150    2339.9840     5625.068
90     32.86460    30.69620   112.9470   112.3020    2431.2031     5283.931
91     32.90200    30.10800   113.4640   112.7450    2097.9175     5234.060
92     32.88260    29.80470   113.1660   112.2930    2048.9063     4433.303
93     32.99870    30.87040   113.1320   111.8630    2163.0185     4219.598
94     32.83470    31.55000   112.4500   110.0730    1439.3925     3463.358
95     32.13980    26.61490   113.1990   113.2460    3040.0228     5184.681
96     32.61280    29.98280   113.6050   112.4680    2869.7778     5315.978
97     31.60330    27.58890   113.1460   113.1420    2801.0239     5344.253
98     32.99820    31.39290   113.4740   113.2080    2961.4293     5980.908
99     32.89400    30.31810   113.6350   113.2290    3057.6774     5810.063
100    32.74700    28.99070   113.5730   112.9870    3001.6589     4961.592
101    32.24340    31.02940   113.2750   112.9080    2838.4457     5285.710
102    32.72230    27.20740   113.4730   112.7990    2936.0767     5165.761
103    30.46420    29.20520   113.6790   113.4560    3174.4919     5565.606
104    30.09620    25.06820   113.6780   113.5950    3099.9338     5656.344
105    28.33380    23.25370   113.8700   113.2940    2729.5788     4777.362
106    32.36560    26.92190   113.6930   113.5740    3582.8121     5553.550
107    30.23950    24.39370   113.6080   113.2780    3005.3543     4984.427
108    30.56620    23.90650   113.7540   113.5850    3121.5213     4245.946
109    30.85880    27.24070   113.8880   113.4350    3235.5790     4974.798
110    29.89510    25.17640   113.4670   112.8390    2897.4699     4809.605
111    31.73300    25.42070   113.5830   113.0800    3304.5591     5399.276
112    26.25150    22.29470   113.8320   113.4180    2852.4038     4001.859
113    29.31310    25.75460   113.8420   113.4730    3581.5571     4752.947
114    26.78390    24.46360   113.7770   113.6810    2979.8455     3857.233
115    30.52440    26.11280   113.8590   113.4240    3747.8757     4940.160
116    29.75570    27.11550   113.7770   113.2900    3587.8397     4534.659
117    27.42300    21.74750   113.5400   113.4570    3455.5887     3877.015
118    21.55650    20.37870   113.8790   113.5210    2556.7556     3300.495
119    22.15080    21.51400   113.7960   113.1680    2602.6332     3126.443
120    22.51140    19.83280   113.7810   113.2180    2725.9734     2723.541
121    23.03810    20.19180   113.9690   113.4440    3299.0759     3375.452
122    18.21900    16.18420   113.8920   113.2040    2516.2948     2760.998
123    18.86660    15.56950   113.8370   113.2690    3275.3561     3388.723
124     6.86970     6.45035   113.9110   113.9740    2048.9981     2266.973
125    19.47170    27.58710   108.3120   109.8560    8041.4672    19248.259
126     8.76650     4.69054   111.6580   107.2580    1301.5109     5915.949
127    12.10940     7.12000   111.9600   106.4970    1143.2951     5920.937
128    11.95490     4.67826   112.1280   109.0610    1048.6567     4495.712
129    14.18790     6.03077   111.9390   107.7140    1054.3081     3991.983
130    14.89110     5.97115   113.0160   111.8230     949.1635     5356.440
131    15.72950     5.62357   112.8070   111.6720    1061.7835     4854.957
132    15.98620     4.78986   113.1060   112.4320    1067.9954     3939.092
133    15.77500     6.29454   112.7250   111.7040    1104.9229     4595.872
134    13.75500     4.99801   112.8510   111.3230    1003.0519     4151.096
135    11.69040     4.98116   112.6210   112.4120    1050.6964     6126.621
136    29.22350    30.47070   109.7760   104.2020    1819.0273     8469.650
137    33.00000    26.44330   112.1900   109.3280    1328.9551     7074.121
138    32.99710    18.07050   113.1250   112.1440    1786.4473     7069.521
139    32.94340    20.42700   112.7670   111.7730    2077.4386     7831.512
140    32.35950    14.18490   113.3510   113.1370    1979.5645     7528.854
141    32.75610    12.46720   113.5300   113.1220    2228.3565     6628.686
142    31.35340    11.59160   113.5840   113.2090    2052.1482     6821.227
143    30.62300    12.94700   113.4510   113.3360    1955.9681     7468.858
144    32.50640    13.38650   113.6850   113.3970    2191.4932     6798.418
145    32.55250    16.44640   113.7000   113.3970    2179.8451     9890.369
146    31.61200    16.43750   113.3720   113.5070    2057.1368     7452.413
147    32.60290    17.43250   113.6640   113.5560    2266.3135     6869.821
148    32.17880    16.70560   113.6760   113.0640    2126.4328     6569.806
149    32.74220    17.62430   113.6600   113.0580    2234.2001     5534.226
150    32.47010    21.26780   113.2380   113.1280    1874.9972     6456.291
151    32.99340    21.46910   113.4980   113.0630    2114.9861     6364.124
152    32.72360    20.00150   113.5440   113.0570    1892.4632     6338.932
153    32.99960    22.96620   113.6550   113.1610    2202.3276     5796.158
154    32.79630    22.10620   113.1730   112.8360    1685.3313     4231.284
155    32.99850    22.88820   113.2280   112.8770    1723.5830     5475.451
156    32.98540    24.04150   113.2950   112.9420    2364.5356     4755.958
157    32.99540    25.86320   113.1780   112.8230    2147.6172     4687.000
158    32.98140    24.78900   113.4190   112.0640    1759.2620     4299.630
159    32.99960    26.64700   112.7650   111.9870    1770.5191     4550.260
160    32.78010    23.66960   113.2420   113.1130    2836.0099     4701.996
161    32.89410    25.04530   113.6600   113.0100    2966.7856     5344.097
162    32.34390    22.97330   113.7600   113.2830    2818.5479     4621.120
163    32.51980    21.73110   113.5900   113.1750    2629.0430     4241.536
164    33.00000    24.97930   113.6480   113.2310    2779.8794     4558.206
165    32.98220    23.30760   113.6180   113.2200    3006.5181     4004.421
166    32.95200    24.59390   113.7540   113.2380    3127.1921     3946.065
167    32.47460    23.67190   113.4660   113.0920    2906.1052     3915.853
168    32.86190    25.66960   113.3520   113.0660    2685.0466     4073.801
169    32.93950    24.20430   113.7150   112.9820    2880.9368     3724.442
170    32.90140    23.93240   113.7210   112.8280    2804.2984     3901.603
171    32.56930    26.15560   113.6890   113.1860    2590.2421     4182.105
172    32.77650    25.84490   113.6130   113.0470    2627.1010     4290.405
173    33.00000    24.46120   113.3230   112.7740    3070.6333     4279.526
174    31.58800    23.41800   113.7860   113.2570    3718.3636     4817.713
175    27.50700    17.30670   113.6480   113.4720    3444.6555     3758.670
176    21.84370    14.72240   113.7500   113.6510    3073.6404     3583.839
177    15.61760    12.65210   113.9310   113.8770    2264.6358     2916.060
178    16.34230    11.08380   113.9740   113.9330    2295.6500     2821.537
179    14.10670    11.67090   113.7890   113.8910    1854.3824     2917.271
180    16.93430    10.96890   113.9470   113.8020    2426.9368     2725.468
181    14.79840     9.42152   113.8190   113.7520    1971.4686     2326.025
182    16.53780    11.67300   113.9200   113.7190    2351.6792     2879.117
183    14.53070    10.69870   113.9070   113.8140    2208.4385     3085.711
184    10.61320    13.29380   112.0000   111.7180    1864.3889     4921.815
185     7.24924     3.40256   111.1860   111.9110    2180.2655    10506.984
186    12.22270     5.44973   110.5180   110.5160    1211.9824     3625.553
187    13.09430     7.20118   110.4240   112.4040    1168.4714     4001.038
188    14.87990     6.29272   110.2900   109.5160    1137.3753     3362.869
189    14.96400     6.36456   109.5040   112.1150    1233.9483     2903.602
190    15.70470     5.38710   111.1920   111.7060    1137.3483     3764.046
191    16.45050     6.47957   110.2020   111.2040    1178.1701     4402.813
192    15.60760     5.55959   111.3410   109.9180    1035.1427     4773.160
193    15.43250     6.14836   110.5820   112.0500    1096.3299     3947.014
194    14.36940     6.59842   110.2560   112.1290    1105.7847     4376.925
195    14.90570     7.26012   111.1630   111.2440    1634.9348     4861.396
196    19.90260    27.06680   109.0550   102.8280    1391.1685    11379.321
197    32.86090    26.99070   111.9910   108.6960     819.2702     4179.736
198    32.98840    23.93370   112.3820   111.0530    1184.6263     4326.930
199    33.00000    22.59230   112.6100   111.4570     886.9953     3967.960
200    32.86120    21.79910   112.6630   112.0000    1433.6064     4605.287
201    32.95040    20.89430   112.9930   112.1250    1797.8849     5262.663
202    32.81540    18.21510   112.9780   112.8090    1987.6703     5280.685
203    32.85280    17.39150   113.2130   112.8320    2072.7128     6231.764
204    32.88650    15.92460   113.5330   112.9790    2221.0684     6647.670
205    32.88530    13.92890   113.6740   113.1080    2227.8856     5808.365
206    32.50090    17.38220   113.3380   113.6680    2162.0990     9867.403
207    32.47540    14.58500   113.3950   113.2500    2121.7331     5912.502
208    32.80280    14.90770   113.6440   113.3550    2130.5740     6258.670
209    31.78330    13.27410   113.5210   113.6540    2018.2053     7308.866
210    32.19730    15.12740   113.7040   112.8270    2092.3324     6420.540
211    32.62750    15.72910   113.8100   112.9060    2108.2946     6419.520
212    32.88300    16.28840   113.6640   113.3400    2253.9656     6147.941
213    32.45880    16.75200   113.6250   112.7710    2062.3401     5515.411
214    31.74780    16.35680   113.4360   113.3230    2063.2199     5849.379
215    32.98260    17.83220   113.5300   113.1380    2191.3468     5383.672
216    32.45880    18.02310   113.4200   112.7750    2236.6748     4994.971
217    32.96140    22.26610   113.4890   112.8380    2077.5499     5136.410
218    32.91110    21.77700   113.6490   112.8020    2201.8284     6572.267
219    32.98110    20.70500   113.5700   113.0980    2424.0896     4903.032
220    32.97150    19.70530   113.4500   112.4240    2310.2038     5068.173
221    32.06750    18.23500   113.7300   113.3710    3006.8866     4467.189
222    31.71900    18.06970   113.3550   113.1460    2779.9275     4188.327
223    31.46920    18.31980   113.5920   112.7580    2785.7827     3922.125
224    32.55710    23.17580   113.5260   113.0490    2905.7819     5439.197
225    32.47010    20.48420   113.7420   112.9410    2924.9751     4317.512
226    32.50620    22.61250   113.6090   112.4950    3017.6723     4592.361
227    31.16890    19.77200   113.7550   113.4380    2986.5501     3580.028
228    32.43890    23.19330   113.7670   112.8430    3150.8750     5527.568
229    28.23450    15.86540   113.7230   113.2980    2989.2146     4471.741
230    23.35040    16.12160   113.1980   113.5620    2425.5745     4003.793
231    21.46750    16.79010   113.9120   113.7420    2171.7070     3993.773
232    20.50580    12.32070   113.5080   113.7640    2225.3151     3474.644
233    19.63710    13.45930   113.9230   113.7490    2411.3797     3257.530
234    18.45680    13.11440   113.9340   113.6710    2252.4634     2955.370
235    20.24680    11.75350   113.9350   113.6880    2567.9270     2567.166
236    22.46580    12.97450   113.7890   113.6730    3046.9016     2878.909
237    19.64300    12.42050   113.9080   113.7370    2435.6178     2668.359
238    18.24310    12.83100   113.9600   113.8910    2217.6695     2786.415
239    19.74600    13.63130   113.9330   113.8300    2513.8185     2903.907
240    18.09520    13.15690   113.6950   113.6970    2271.5598     2981.894
241    14.52600    11.88830   113.9730   113.8530    2033.7223     2824.011
242    14.17340    11.85100   113.9450   113.7520    1974.2063     2755.931
243    14.42670    10.54270   113.9190   113.8880    2332.5403     2986.176
244     9.90559     6.92885   113.9830   113.9150    2198.9367     2694.089
245    23.91850    38.41340   109.2420   107.4940    8250.1005    33231.405
246     9.93891     3.57908   111.6910   108.8910    1295.3150     4190.184
247    12.40500     4.34118   112.1310   110.2040    1297.1100     4203.684
248    12.70480     6.75208   113.1370   109.3810    1071.5428     5508.344
249    14.03210     5.83820   113.5270   112.6510    1092.9854     3670.410
250    14.13150     6.56177   113.7290   113.5910    1020.4819     4049.959
251    15.11070     6.54350   113.7850   113.2300    1055.6677     5329.172
252    14.76370     7.06076   113.6180   112.2370    1006.4218     5968.577
253    15.23030     7.30300   113.6690   112.4160    1110.3805     7285.576
254    13.96890     5.66866   113.7050   112.3520    1237.3210     6031.035
255     9.98468     5.60116   113.7160   112.3790    1139.3837     7623.015
256    22.37430    35.60680   109.0630   104.5250    2849.2376    20588.252
257    33.00000    23.85030   113.2060   110.8160    1100.8128     4584.999
258    33.00000    24.60920   113.1650   110.8630     967.0088     4930.828
259    32.89690    23.54430   113.5190   111.3240    1297.3365     5597.984
260    33.00000    21.16120   113.2920   111.9250    1271.9497     4493.051
261    32.62380    18.98930   113.4050   112.6840    1641.9567     4575.953
262    32.99050    20.97350   113.6690   112.6900    1512.4701     4270.774
263    32.95080    24.65600   113.2840   112.3150    1287.3065     4594.441
264    33.00000    24.15650   112.7120   112.2890    1466.5765     4674.013
265    32.99980    22.89300   112.6650   112.1690    1312.7895     4152.118
266    32.99820    22.94280   113.1280   112.6740    1688.4283     4009.151
267    32.93210    22.16300   113.2210   112.5080    1809.2197     4343.161
268    32.98710    21.87670   113.4270   113.1060    2168.3263     5313.041
269    32.98790    20.24650   113.8270   113.4640    2227.0349     6384.715
270    32.93990    19.04580   113.7010   112.5100    1999.9417     4903.716
271    32.92800    20.99290   113.1730   113.0660    2077.8998     5754.865
272    32.82740    19.97310   113.2890   113.1330    2200.6903     5707.297
273    32.11370    19.85580   113.7000   113.2680    2303.9410     4750.515
274    32.81270    21.00580   112.9150   113.1900    2262.3114     4405.331
275    32.71350    21.41180   113.3280   113.3580    2251.5198     4691.880
276    32.93000    20.69660   113.8120   113.1620    2090.2032     4423.747
277    32.84450    19.61410   113.5520   113.6460    2215.2083     4495.469
278    32.81930    21.95960   113.9280   113.1930    2001.6620     4354.970
279    32.90840    22.37990   113.6130   113.3330    2445.8782     4731.017
280    32.97190    23.74750   113.9750   113.5170    3217.7615     5657.115
281    31.24010    19.94980   113.8560   113.4690    2767.9692     4666.173
282    31.64330    19.69090   113.9130   113.3340    2866.9953     3962.068
283    32.75070    22.19240   113.9630   113.4740    3021.6166     4848.475
284    31.31070    20.53000   113.9520   113.0360    2830.8839     4996.375
285    31.06490    18.65640   113.9040   113.5940    2898.5836     4363.698
286    30.72860    21.46280   113.9510   113.3930    3161.1919     5247.217
287    31.67750    19.26410   113.9620   113.1930    3249.2744     3887.991
288    28.91220    16.95040   113.9420   113.4930    2748.1933     4400.445
289    27.44550    18.14520   113.9410   113.7150    2519.2459     4620.566
290    27.51200    18.83720   113.9510   113.7570    2632.5946     4389.070
291    29.07620    21.95040   113.9210   113.2660    3162.0993     4478.033
292    24.99000    16.46950   113.9390   113.8010    2640.9625     4155.268
293    26.79690    17.07840   114.0000   113.8600    3050.7572     3854.262
294    25.71070    18.40500   114.0000   113.6740    2803.0286     4307.094
295    25.41160    17.13960   113.9620   113.7270    2790.2567     3707.886
296    22.79650    14.95900   113.9760   113.7460    2309.3519     3832.379
297    23.83960    18.26190   113.9750   113.9270    2597.8812     4725.460
298    20.23020    13.93730   113.9750   113.8590    2398.1468     3423.324
299    15.45900    10.69550   113.9870   113.8010    2147.1432     2619.653
300    15.40700    11.48590   113.9610   113.8450    2170.3166     2930.157
301    14.80180     9.91650   113.9850   113.9480    2848.7108     3422.318
302     4.85496     3.98225   114.0000   114.0000    1400.5457     2141.551
303     5.08772     3.99939   114.0000   114.0000    1458.4050     2309.638
