107.612
114
114
114
114
114
114
114
114
114
114
114
114
114
114
114
114
114
114
114
114
114
114
114
114
114
114
114
114
114
114
114
114
114
114
114
114
114
114
114
114
114
114
114
114
114
114
114
114
114
114
114
114
114
114
114
114
114
114
114
99.5971
112.872
114
102.874
109.752
107.332
106.238
112.64
112.958
113.154
113.02
112.963
112.821
112.741
113.05
112.233
112.039
112.689
112.734
112.707
113.303
113.161
113.407
113.05
112.759
113.743
113.592
113.418
112.463
112.947
113.464
113.166
113.132
112.45
113.199
113.605
113.146
113.474
113.635
113.573
113.275
113.473
113.679
113.678
113.87
113.693
113.608
113.754
113.888
113.467
113.583
113.832
113.842
113.777
113.859
113.777
113.54
113.879
113.796
113.781
113.969
113.892
113.837
113.911
108.312
111.658
111.96
112.128
111.939
113.016
112.807
113.106
112.725
112.851
112.621
109.776
112.19
113.125
112.767
113.351
113.53
113.584
113.451
113.685
113.7
113.372
113.664
113.676
113.66
113.238
113.498
113.544
113.655
113.173
113.228
113.295
113.178
113.419
112.765
113.242
113.66
113.76
113.59
113.648
113.618
113.754
113.466
113.352
113.715
113.721
113.689
113.613
113.323
113.786
113.648
113.75
113.931
113.974
113.789
113.947
113.819
113.92
113.907
112
111.186
110.518
110.424
110.29
109.504
111.192
110.202
111.341
110.582
110.256
111.163
109.055
111.991
112.382
112.61
112.663
112.993
112.978
113.213
113.533
113.674
113.338
113.395
113.644
113.521
113.704
113.81
113.664
113.625
113.436
113.53
113.42
113.489
113.649
113.57
113.45
113.73
113.355
113.592
113.526
113.742
113.609
113.755
113.767
113.723
113.198
113.912
113.508
113.923
113.934
113.935
113.789
113.908
113.96
113.933
113.695
113.973
113.945
113.919
113.983
109.242
111.691
112.131
113.137
113.527
113.729
113.785
113.618
113.669
113.705
113.716
109.063
113.206
113.165
113.519
113.292
113.405
113.669
113.284
112.712
112.665
113.128
113.221
113.427
113.827
113.701
113.173
113.289
113.7
112.915
113.328
113.812
113.552
113.928
113.613
113.975
113.856
113.913
113.963
113.952
113.904
113.951
113.962
113.942
113.941
113.951
113.921
113.939
114
114
113.962
113.976
113.975
113.975
113.987
113.961
113.985
114
114
