12014.9
14410.1
14417.9
14448.1
14411.6
14415.2
14436.8
14428.5
14444.8
14434.9
14410
14450.2
14409.2
14461.4
14410.4
14417.8
14439.6
14417.8
14462.9
14424.8
14413.3
14417.3
14423.9
14454.9
14421.7
14416
14436.7
14401.3
14476.2
14409.6
14442.8
14420.2
14424.7
14456.6
14413.4
14443.5
14417.4
14388.4
14460.9
14416.7
14424.9
14427.5
14415.8
14471.8
14429.4
14426.6
14430.1
14430.2
14436.8
14421.9
14423.3
14424
14410.1
14457.2
14415.4
14416.9
14442.5
14410.3
15763.2
22873.4
37882.2
136568
174694
122456
158257
82690.7
19286.3
121.608
88.7459
90.3298
95.7224
101.694
199.83
204.81
440.044
1353.33
1420.04
1249.34
1780.41
1471.28
1821.82
1889.82
2105.83
2099.02
2011.11
1884.32
1896.58
2377.94
2141.53
2256.54
1919.3
1869.07
1951.16
1262.77
3012.22
2743.24
2879.97
2757.38
2874.41
2845.62
2787.02
2792.02
3498.98
3471.19
3453.98
3508.76
3353.9
3417.88
3476.95
3322.27
3357.23
4072.63
4166.3
4156.5
4064.05
4093.88
4451.67
4952.6
4941.56
4972.32
5413.23
5723.42
6511.78
10559.1
13386.3
5617.6
4003.19
3730.63
3462
3206.87
3209.13
3195.23
3296.61
3428.28
3770.98
2364.08
1165.69
1636.15
1932.98
1928.29
2120.66
2142.81
2150.05
2118.26
2101.4
2114.79
2173.4
2099.03
2114.74
1798.51
1950.76
1776.22
2027.91
1542.75
1551.82
2179.93
1956.96
1575.34
1581.52
2686.59
2796.02
2752.76
2531.17
2582.53
2810.75
2929.8
2810.05
2508.64
2687.98
2622.82
2473.47
2470.04
2869.47
3801.98
4332.95
5101.25
5713.56
5396.18
5428.75
5434.06
5335.1
5469.69
5713.51
6459.75
10488.7
4070.39
3843.3
3478.75
3636.77
3296.81
3221.2
3145.12
3307.69
3453.71
4117.77
3874.22
663.285
1010.27
712.901
1285.73
1638.61
1856.13
1940.7
2087.52
2095.4
2090.36
2050.29
2010.16
2049.03
2062.81
2013.26
2117.59
1989.95
2102.42
2032.38
2160.67
1908.46
2050.46
2251.39
2145.12
2994.88
2829.85
2882.3
2803.24
2837.53
2920.84
3148.69
3069.34
3648.21
4017.92
4180.57
4267.27
4812.41
4950.31
4885.2
4949.94
4897.66
4983.99
5015.14
5060.88
5647.79
5690.4
5932.89
7823.79
11120
4902.43
4044.2
3727.82
3617.99
3551.43
3347.61
3328.75
3325.96
3610.46
4409.15
5402.47
926.533
793.666
1145.27
1101.8
1537.75
1340.93
1115.49
1289.14
1135.33
1505.21
1642.6
1996.89
2065.4
1842.26
1922.95
2063.65
2284.09
2117.11
2124.09
1924.84
2068.08
1852.62
2279.39
3035.89
2906.01
2934.14
2880.51
2955.71
3068.45
3397.95
3311.17
3294.32
3338.85
3469.44
3748.86
3931.7
4046.95
4008.8
4071.05
3983.02
4127.19
4645.57
5446.76
5471.75
6691.88
10216.7
10092.4
