105.188
114
112.8
114
114
114
114
114
114
114
114
114
114
114
114
114
114
114
114
114
114
114
114
114
114
114
114
114
114
114
114
114
114
114
114
114
114
114
114
114
114
114
114
114
114
114
114
114
114
114
114
114
114
114
114
114
114
114
114
114
99.2883
114
114
114
114
103.239
103.897
106.04
107.834
108.988
109.765
110.195
110.683
110.666
111.591
111.435
111.336
111.729
112.548
112.288
112.732
112.789
112.762
112.489
112.594
112.573
112.661
113.031
112.615
112.302
112.745
112.293
111.863
110.073
113.246
112.468
113.142
113.208
113.229
112.987
112.908
112.799
113.456
113.595
113.294
113.574
113.278
113.585
113.435
112.839
113.08
113.418
113.473
113.681
113.424
113.29
113.457
113.521
113.168
113.218
113.444
113.204
113.269
113.974
109.856
107.258
106.497
109.061
107.714
111.823
111.672
112.432
111.704
111.323
112.412
104.202
109.328
112.144
111.773
113.137
113.122
113.209
113.336
113.397
113.397
113.507
113.556
113.064
113.058
113.128
113.063
113.057
113.161
112.836
112.877
112.942
112.823
112.064
111.987
113.113
113.01
113.283
113.175
113.231
113.22
113.238
113.092
113.066
112.982
112.828
113.186
113.047
112.774
113.257
113.472
113.651
113.877
113.933
113.891
113.802
113.752
113.719
113.814
111.718
111.911
110.516
112.404
109.516
112.115
111.706
111.204
109.918
112.05
112.129
111.244
102.828
108.696
111.053
111.457
112
112.125
112.809
112.832
112.979
113.108
113.668
113.25
113.355
113.654
112.827
112.906
113.34
112.771
113.323
113.138
112.775
112.838
112.802
113.098
112.424
113.371
113.146
112.758
113.049
112.941
112.495
113.438
112.843
113.298
113.562
113.742
113.764
113.749
113.671
113.688
113.673
113.737
113.891
113.83
113.697
113.853
113.752
113.888
113.915
107.494
108.891
110.204
109.381
112.651
113.591
113.23
112.237
112.416
112.352
112.379
104.525
110.816
110.863
111.324
111.925
112.684
112.69
112.315
112.289
112.169
112.674
112.508
113.106
113.464
112.51
113.066
113.133
113.268
113.19
113.358
113.162
113.646
113.193
113.333
113.517
113.469
113.334
113.474
113.036
113.594
113.393
113.193
113.493
113.715
113.757
113.266
113.801
113.86
113.674
113.727
113.746
113.927
113.859
113.801
113.845
113.948
114
114
