20263921128120092619824011038417327
9441
8027
9801
8076
8940
8845
8290
9627
8088
10057
7875
9024
19149
22050
10701
10653
10826
11133
11004
3847
7558
26357
31168
30681
31356
28184
21600
20302
20307
21276
15275
22757
23000
25264
25188
26062
25623
26155
24806
26323
24729
26421
25346
26080
26223
24681
26702
24076
26922
25024
25224
25650
24428
24438
24715
25357
25173
25767
25494
25183
25940
25070
26078
24497
26114
24706
25858
24561
25179
20221
8229
7877
8155
8773
8782
8449
9241
8378
9611
7954
9447
7732
9042
9014
8533
9754
7315
9552
7821
12680
9404
9694
10429
10637
11226
3260
8084
26501
31010
30856
31280
27816
21695
20149
19957
21625
15165
22550
22463
25170
25574
25665
25408
26383
24447
25702
25412
25869
25193
25770
26524
24476
26655
24530
27254
25043
25296
25454
24192
24470
24566
25374
25188
25808
25465
25180
25861
25166
25262
24483
25955
24916
25978
24327
25881
20456
8111
8345
7837
8938
8723
8378
9239
7854
9891
7223
9725
8097
8772
9174
8081
10170
6772
9948
8110
11969
9553
9257
10667
10631
11110
4474
4894
26930
30901
30711
31318
28516
21724
20295
20538
20834
15151
22275
22237
25260
25704
26030
25152
26405
24746
26530
24632
26282
25255
25474
25782
25140
26623
24669
26607
25453
24736
25723
24323
24311
24683
25644
25047
25740
25546
25282
25916
25065
26045
24494
25981
24340
25812
24400
25892
21638
8103
8109
8089
8680
8894
8837
9154
8131
9778
7828
9583
7932
9122
8834
8403
9899
7331
10034
8015
12211
9342
9802
10505
10806
11223
3073
9814
26457
31045
30290
31215
27382
21285
20230
20105
21316
15309
22825
22724
25296
25840
25661
25470
26081
24165
26324
25434
26277
25027
25698
26056
24921
26394
24853
26755
24473
24739
25682
23653
24989
24848
25314
25252
25465
25694
26005
25107
25461
25861
24845
25609
24886
26056
24623
25470
17480
8100
8239
8165
9107
8539
8823
8754
8774
9409
8018
9661
7283
9509
8310
9367
9065
7713
9894
7396
20426
18258
19651
18824
19486
19695
18631
19946
17980
20139
18244
20373
18816
21960
