9102
9174
9161
8905
8377
8697
8215
10472
7357
10047
6920
10827
7558
9698
7804
9808
8338
8827
9368
18684
22170
10512
11064
10916
10531
11125
3897
768
4608
0
0
0
5508
7490
7971
7512
7938
6972
7348
7497
8448
9246
7831
9128
8034
9011
8933
8465
9761
7230
9787
7191
9812
8537
8359
9333
7779
11937
6838
6694
7209
7228
7935
7073
7626
6709
7631
7006
7629
7051
8059
7478
7923
7445
6892
7382
10545
8177
7849
8436
9033
8467
9263
7730
9028
8640
8942
9286
8081
10044
7317
9789
7621
9165
9017
8016
12418
9229
10520
10381
10142
11191
3434
768
4608
0
0
0
5707
7510
7816
7534
7879
7057
7383
7534
8590
9016
7815
9142
8135
8898
8931
8250
9680
7267
9708
7720
9765
8521
8293
9098
7566
12471
6759
6632
7246
7202
7950
7075
7671
6535
7590
7030
7751
6921
8056
7386
7936
7351
6582
7805
10405
8143
8202
8366
8957
8216
9710
7246
9012
8689
8267
9787
7517
10213
7102
9753
8341
8875
9285
7612
12175
9376
10071
10471
10285
10587
5226
791
4608
0
0
0
4812
7524
7918
7379
8266
6732
7436
7554
8178
8766
8347
9182
8306
8907
9091
8005
9536
7307
10039
7399
9802
8640
8438
8293
7999
11791
7736
6614
7284
7114
7996
6957
7548
6743
7499
7175
7800
7300
7829
7504
7711
7491
6475
7698
10597
8061
7983
8528
9116
8370
9427
7916
8931
8545
8977
9402
7796
10046
7473
10162
7813
8931
8907
7968
12808
9010
10706
10543
10337
11103
3210
640
4608
0
0
0
6178
7747
7751
7696
7536
7006
7302
7667
8505
9140
8086
9111
8107
9091
8349
8644
9180
7693
9758
7571
10306
7696
8561
8559
8212
12057
6811
6543
7302
7478
7817
7239
7763
6967
7759
6699
7595
6773
8359
6980
8366
7208
7571
7188
10616
7952
8031
8473
9008
8784
9484
7874
9293
7903
9094
8906
8792
9519
7275
10398
7063
9799
8335
8891
19473
8102
28661
28058
28383
29141
27988
28975
27145
29088
27819
28451
28578
28317
29171
27354
28513
25019
