0
153
2031
1896
1545
1738
1673
1654
1687
1834
1522
2200
1349
1965
1274
1898
1705
1681
2168
4231
3480
0
507
999
672
960
148
0
0
0
0
0
904
6558
7780
7193
6836
5707
5180
5312
2112
1880
1729
1622
1708
1736
1688
1704
1807
1787
1505
1703
1453
2169
1339
1932
1760
2227
1217
3083
2868
2172
2161
1682
1846
1533
1917
1745
1694
1925
1877
1927
2103
1570
2073
1420
2791
2197
3729
2365
1811
1743
1902
1521
1633
1730
1930
1790
1511
1919
1691
1678
1744
1560
1923
1542
2413
3032
2505
1437
538
1023
207
0
0
0
0
0
1033
6649
7617
7203
6731
5822
5251
5262
2076
1833
1716
1597
1654
1833
1583
1836
1658
1754
1647
1695
1732
1896
1421
1811
1760
2288
1281
2986
2898
2166
2191
1665
1805
1530
1922
1803
1657
1845
1919
1864
2181
1593
1930
1661
2595
2124
3882
2391
1722
1762
1961
1366
1762
1746
1775
1798
1551
1632
1968
1486
1889
1468
2137
1295
2410
2742
2910
1461
575
950
386
0
0
0
0
0
567
6233
7734
7073
7287
5461
5287
5748
1958
1787
1849
1779
1495
2095
1453
1796
1592
1776
1550
1873
1482
2200
1150
1799
1736
2309
1449
2672
3091
2196
2208
1618
1844
1603
1863
1820
1758
2030
1766
1895
2015
1618
2041
1328
2946
1872
3995
2356
1926
1752
1735
1772
1588
1743
1747
1897
1512
1768
2032
1595
1822
1380
1996
1539
2380
3030
2588
1432
556
1070
149
0
0
0
0
0
1410
6975
7549
7303
6516
5747
5122
5060
2111
1765
1811
1604
1623
1909
1663
1731
1709
1547
1632
1851
1852
1811
1272
1959
1426
2516
1201
3167
2799
2189
2152
1733
1902
1651
1934
1875
1331
2011
1861
1820
2221
1793
1892
1668
2428
2573
3603
2199
1791
1910
1822
1653
1547
1754
1649
1919
1731
1692
1769
1636
1836
1531
1953
1555
4787
25
1326
2330
1275
2017
9690
18322
18097
17697
16719
16934
16405
17626
16833
17036
17095
16803
16539
17096
17780
17224
17335
17128
16826
17126
9017
