15304
1749
1667
1761
1810
1720
1286
1874
1909
1739
1701
1566
1784
1761
1634
2172
1466
1586
4668
3450
2
414
826
699
1116
138
7994
29368
46865
46209
46717
27617
16957
17560
17513
17512
15282
28527
28195
27819
28066
27708
28146
28074
28410
27853
28308
27901
28430
27775
27862
28379
27820928221027799528197323870939700
10908
10913
10634
9950
10242
9618
10156
10009
9552
9884
9863
10309
9917
9986
9914
9716
10824
10675
17936
18076
17558
17432
17012
17171
17149
17400
17267
17247116861517317817193011656
1967
1451
1552
1910
1979
3249
2530
1296
764
933
131
9486
29296
47016
46308
46862
26712
16776
17400717057817972015682021226621258729711
9614
9760
9756
8911
9625
9864
9213
9803
9650
9466
9653
9836
9274
9801
9012
9576
8694
9884
11122
10890
10904
9722
9865
9828
10271
9465
10052
10043
10311
9990
10196
9774
10120
9709
10336
10705
17512
18790
17384
16969
16818
17447
16957
17260
16909
17060
16954
17095
17484
17011
17419
16927
17254
17170
17248
13873
17362
17039
16027
15696
1520201950244292577411
156
5
474
6292
7951
7830
7366
6112
12708
12518
10031
9442
9424
9590
9636
9320
9539
9998
9793
9598
9620
9974
9898
8655
10039
9347
9848
8325
9336
11058
10754
10518
9850
10144
9617
9904
10050
9766
10201
9210
10103
9834
9922
10041
9552
10507
9914
17786
18345
17496
17725
17075
17690
16650
17402
17279
17359
17142
17222
17483
17094
17401
17229
16943
17136
17480
14269
17337
16942
15853
15799
14760
17536
581
422
19
162
2
1382
6764
7697
7741
7113
7414
12287
12013
9684
9603
9554
9443
9397
9841
9688
9286
9791
9789
9716
9775
9529
9308
9758
9821
10049
8026
9696
11103
10497
10465
9744
10250
9858
9995
9504
10297
10142
9548
9998
10175
9572
9947
9744
10240
11615
17453
18269
17552
17733
16969
17590
17037
17585
17299
17158
17308
16995
17357
16939
17379
17022
17395
17414
17174
8652
551
1967
1785
1833
1496
1670
1925
4559
