5846
6048
5413
5553
4648
5739
5371
4718
5547
5541
5355
4356
5884
4952
5464
4725
5312
5694
4942
5468
4177
5858
5157
5353
4456
4875
6057
4733
5248
4952
6286
6633
13369
12928
13089
6081
6123
6383
6143
6206
6113
6062
6358
5997
2337
863
4608
0
0
0
0
0
3305
5118
4578
4818
4532
5270
4783
5300
4186
4082
4341
3919
4783
5313
5105
4776
5248
5252
5661
4276
5586
4739
5830
4047
5524
5226
5777
4117
5376
5381
5300
4429
4895
6093
5027
4637
4832
6110
4619
4898
4619
5847
7152
5201
4224
3882
4287
3920
4633
4297
4606
4398
4386
4676
3952
4694
4265
4737
4271
4416
4904
3984
4476
4499
4749
3819
4760
4820
4093
4211
4565
4577
4144
4299
7905
4727
4711
4448
5070
5290
4841
4857
5298
5769
4535
5331
4689
5680
4578
5392
4724
6215
4045
5382
4922
5985
3976
5629
4997
5887
4014
5865
4696
5813
4055
5791
4439
5675
8272
5665
4863
6273
5880
6126
6020
5957
6663
5525
1901
758
4608
0
0
0
0
0
3946
5021
4465
5078
4292
5317
4615
5417
4251
4069
4515
3749
4911
5299
5347
4294
5353
5717
5180
4285
5498
5470
5071
4342
5086
5784
5021
4635
5665
5389
4691
4769
5705
5155
5015
4630
5851
5154
4627
4687
5548
5182
8214
4066
4283
3922
4300
3918
4515
4338
4517
4487
4155
4803
3924
4610
4312
4707
4359
4264
4927
3860
4630
4090
4950
3821
4713
4674
4312
4132
4333
4753
4014
4461
7882
4818
4442
4454
5284
4974
5216
4605
5640
5337
4860
4890
5221
5486
4630
5235
4989
6156
4215
5466
4952
5866
4001
5430
5215
5875
4057
5462
5330
5525
3944
5379
5089
5414
8251
5846
4576
6497
5722
6287
5852
6183
6406
5673
1707
758
4608
0
0
0
0
0
4171
4968
4445
5307
4108
5520
4400
5517
4114
4106
4540
3706
5191
5057
5376
4334
5529
5436
5281
4228
5653
5382
5061
4389
5343
5848
4725
4594
5527
5672
4703
4501
5684
5194
5221
4550
5997
4646
5258
4280
5808
5136
8128
4037
4241
3953
4273
4048
4626
4315
4493
4496
4249
4778
3911
4626
4388
4586
4357
4327
4959
3781
4685
4221
4902
3752
4781
4803
4123
4177
4564
4778
3815
5102
7301
4863
4332
4913
4799
5376
4725
5183
4991
5728
4515
5546
4433
5920
4391
5596
4379
6364
4080
5791
4416
6112
3925
5848
4498
6251
4083
5555
4695
5797
4332
5430
4637
6847
7290
5716
4634
6628
5783
6521
5552
6290
6448
5386
1258
758
4608
0
0
0
0
0
4646
4936
4344
5415
4162
5635
4366
5575
4095
4198
4301
3869
5354
4747
5649
3978
5966
5286
5201
4512
5584
5313
4808
4746
5663
5532
4662
4908
5756
4888
4873
4975
5638
4850
4932
5085
5504
4989
4737
4885
5453
5028
8161
4018
4333
3879
4127
4223
4465
4510
4281
4645
4202
4751
3942
4537
4514
4387
4582
4424
4805
3870
4639
4458
4451
4161
4577
4667
4035
4338
4288
4813
3680
5687
6951
4828
4496
4668
4994
4985
5041
5012
5235
5363
4807
5440
4658
5486
4777
5492
4537
6068
4274
5675
4536
5630
4336
5810
4877
5268
4686
5704
4835
5063
4776
5614
4624
7017
13977
13749
