5958
6041
5042
5915
4687
5638
4675
6321
4410
5719
4988
5670
4582
5038
5785
5157
5303
4890
5250
5338
5210
4785
5000
5177
5836
4495
5181
4420
6203
4817
5222
6759
14289
12987
13124
5813
6361
6028
6130
6081
6566
5954
6308
6185
2406
4452
20941
20137
22743
22448
23459
23203
20330
14577
13332
12278
12840
11984
13316
12359
10125
13236
13442
12754
14014
14869
15831
15103
15610
14631
15643
15294
15059
14553
15536
15382
15207
14523
15166
16240
14518
14855
15175
16036
14576
14925
15791
15570
14516
14558
16183
15389
14752
14408
15882
15433
15672
14612
14397
14917
15045
15022
15221
15602
14554
15570
15297
15182
15123
15523
15405
14809
15340
15539
15305
14884
15325
15697
14991
15083
15283
15385
14575
15454
15140
15269
8727
4874
4473
4899
4698
5431
4550
5626
4688
5597
4797
5500
4441
5632
4664
5725
4401
5699
4919
5387
4356
5577
5052
5430
4473
5501
5428
4867
4659
5615
5280
4826
4799
5642
8629
5044
5353
5083
6928
5245
6909
5745
6354
6036
2038
7467
20095
21008
22815
22119
23676
23439
19363
14221
13250
12295
12758
12165
13131
12363
10002
13233
13648
12848
14572
14215
15986
15178
15123
14717
15363
15682
14745
14894
15254
15571
14630
14805
15951
15293
14995
14775
16053
14969
15105
14669
16073
15063
14729
14999
15797
14989
14922
15092
15284
15518
15557
14592
14165
15087
14703
15051
15185
15508
14777
15400
15302
15230
15221
15023
15633
14708
15328
15230
15345
14870
15309
15769
14806
15362
15090
15718
14649
15443
15002
15391
8899
4962
4233
4879
4638
5702
4670
5177
4886
5692
4893
5123
4621
5641
5112
5133
4662
5753
5479
4697
4854
5223
5752
4433
5000
5216
6189
3908
5330
5011
6170
3727
5260
5629
8598
5140
5535
4695
7236
5078
7047
5536
6552
6026
1781
8950
19383
21132
22630
22451
23435
23274
19077
14087
13331
12164
13008
11954
13229
12380
10005
13173
13542
12791
14255
14258
15872
15330
15176
14606
15539
15697
14611
14781
15949
15537
14539
14527
16254
15081
14760
14383
16585
15146
14764
14755
16107
15392
14352
15297
15418
15439
14405
15472
15027
15508
15526
14697
14345
15272
14862
15169
15395
15213
14891
15562
15573
14959
15343
15166
15485
14854
15319
15400
15356
15018
15219
15774
14590
15148
15448
15639
14532
15502
15143
14874
7422
5081
4294
4993
4415
5752
4359
5588
4831
5511
4744
5318
5041
5147
4831
5389
4907
5305
5192
4965
5101
5173
5105
4962
5200
5065
5491
4561
5365
5168
5077
4724
5212
6715
7481
5239
5512
4791
7365
5088
7436
5237
6438
5711
1384
11859
17655
22957
22692
22358
23442
23315
18245
13790
13352
12103
12884
12169
13343
12600
9664
13188
13250
12943
14464
14898
15680
15254
14832
15517
15089
15587
14321
15396
15441
15395
14877
15126
15970
14685
14947
15448
15503
14818
14988
15608
14877
15262
14632
15793
14707
15308
14879
15473
14718
15691
15474
14461
14096
15311
14686
15258
15440
15220
15068
15443
15252
14803
15730
15221
15332
15069
15173
15660
15005
15387
14994
15619
14257
15177
15302
15257
14753
15382
15109
15024
7096
4968
4147
5080
4930
4951
4582
5477
5485
4977
4704
5543
5026
5130
4655
5549
5188
5071
4885
5278
4955
5341
4701
5260
4922
5578
5039
4847
5135
5471
4871
4761
5300
6961
13673
14107
