6206
5297
5974
5279
5492
4659
5722
5427
4741
5541
5379
5419
4242
5950
5248
5220
4859
5076
5672
4880
5539
4166
5723
5350
5194
4600
4617
6068
4701
5062
6192
6711
13801
12813
13434
5896
6223
5935
6274
6133
6505
5757
6691
6044
2151
797
7397
2502
7
12
0
0
8641
12192
11428
10207
11133
10460
11350
10758
7443
4706
4151
4322
4507
5048
5245
5295
4653
5680
4841
5660
4228
5639
4818
5677
4152
5493
5329
5602
4094
5337
5504
5164
4483
4930
6269
4755
4691
4893
6052
4662
4916
4805
7859
5480
4048
3923
3947
4593
3892
4674
4592
4287
4487
4368
4717
3900
4638
4410
4857
4069
4359
5044
3806
4592
4454
4688
4064
4475
4855
4213
4145
4547
4695
3988
7875
4979
4660
4567
4876
5037
5302
4912
5294
4863
5701
4594
5331
4736
5663
4501
5365
4920
5970
4083
5441
4904
5968
3993
5636
4953
5925
4051
5748
4793
5715
4180
5896
5074
8499
5556
5385
4610
7015
5271
7223
5140
6431
6281
1794
670
8877
1041
7
12
0
0
10364
11909
11290
10270
11211
10360
11250
10882
6426
4880
4077
4420
4381
5077
5285
5445
4284
5620
5381
5294
4304
5384
5348
5148
4506
5149
5878
4686
4672
5703
5351
4680
4717
5630
5552
4699
4731
5785
5146
4652
4785
5612
8355
4400
4034
3982
4020
4416
4014
4510
4721
4132
4500
4161
4894
3869
4558
4496
4692
4182
4207
5064
3728
4705
4083
4893
4075
4566
4678
4155
4208
4327
4873
4036
7876
4956
4542
4561
4791
5406
4985
5159
4974
5345
5205
4926
5039
5078
5524
4604
5335
5267
5693
4213
5490
5010
5754
4030
5439
5531
5523
4114
5519
5185
5618
3862
5511
5578
8497
5681
5335
4479
7117
5307
7224
5085
6460
6352
1571
665
9579
404
7
12
0
0
11019
11869
11260
10079
11161
10385
11593
10770
6116
4906
4051
4617
4099
5494
5007
5510
4273
5765
5233
5248
4316
5525
5522
4962
4429
5338
6038
4336
4724
5553
5580
4828
4353
5726
5365
5144
4472
5997
4658
5309
4248
5748
8367
4364
3949
4094
4023
4441
4174
4508
4818
4033
4483
4323
4761
3905
4620
4581
4355
4336
4367
4925
3823
4612
4385
4677
4145
4469
4737
4220
4239
4496
4851
4587
7327
4861
4687
4392
5166
4829
5459
4742
5551
4626
5670
4626
5501
4337
6028
4302
5762
4446
6094
4068
5846
4466
6016
3937
5778
4766
6105
4060
5474
4869
5596
4419
5610
6436
7369
5488
5509
4954
6835
5415
7300
5282
6725
5555
1189
667
9913
17
1
12
0
0
12564
11776
11088
10258
10915
10540
11405
11066
5044
4874
4020
4578
4238
5640
4796
5604
4066
6074
5168
5137
4460
5595
5471
4558
4861
5808
5468
4563
4891
5841
4667
4914
4977
5527
5293
4622
5116
5443
5025
4796
4960
5486
8070
4455
3969
4045
3984
4257
4384
4372
4895
3872
4707
4312
4528
4166
4406
4882
4151
4571
4358
4735
3951
4542
4658
4167
4555
4201
4716
4028
4325
4417
4831
5040
6956
4849
4498
4683
4917
4989
5127
5074
5444
4771
5369
4839
5550
4504
5524
4771
5541
4710
5765
4142
5889
4639
5408
4358
5702
5119
5257
4605
5654
4936
5082
4718
5727
6634
14099
13612
