17983
18595
17305
17617
16103
17747
15778
16943
16453
17664
15639
16786
17028
16516
16515
16246
16877
16778
16485
16073
16176
16706
16901
15782
16376
16169
17344
15358
16352
16446
17649
17173
13631
13292
15929
17098
17027
17274
16491
16561
16519
16966
16316
15427
7380
848
4775
33
14
38
2
3
3296
5087
4342
5067
4093
5698
4254
5755
4007
4237
4180
3968
5255
4865
5205
4488
5714
5513
5076
4371
5538
5366
4986
4465
5334
5735
4806
4734
5161
5964
4524
4431
5585
5709
4765
4449
5852
5554
4576
4352
5917
5555
6819
5249
4296
3920
4027
4350
4303
4549
4274
4710
4258
4709
4022
4548
4644
4119
4711
4438
4583
4103
4478
4740
4240
4240
4615
4835
3878
4401
4860
4322
3830
4738
14100
16687
15566
15446
15737
16846
15966
17006
16160
17072
15917
17194
16269
17282
15786
16832
16279
16984
15639
16800
16711
16887
15933
17003
16650
16482
16153
16926
16775
16365
16270
17192
16559
16456
15917
16273
13817
16633
15658
16769
16075
17227
16688
12998
6052
720
4771
33
14
37
3
2
3872
5012
4305
5027
4525
5408
4423
5534
4046
4307
4336
3607
5691
4769
5258
4330
5620
5693
4856
4638
5589
5464
4465
4671
5667
5259
4876
4813
5792
5146
4777
4742
5839
4799
5125
4860
5791
4954
4758
4681
5842
5022
8314
4053
4206
4090
3984
4397
4081
4694
4231
4658
4336
4480
4153
4370
4735
4106
4711
4206
4757
4019
4488
4574
4257
4276
4480
5096
3725
4519
4320
4682
3827
4669
14118
16770
15187
15493
15846
16577
16227
17215
16222
16589
16240
17023
16694
16658
15988
17141
16865
16525
16169
16889
17283
16086
16270
16636
17258
15846
16570
16557
17824
15185
16712
16228
17569
15768
16082
16374
13464
16517
15778
16868
15918
17233
16606
12897
5387
751
4742
34
10
38
4
1
4075
5141
4176
5069
4564
5422
4396
5501
3906
4256
4313
3811
5548
4972
5121
4244
5809
5677
4668
4753
5598
5488
4470
4587
5946
5403
4686
4253
6324
5001
4682
4629
6018
5008
4812
5065
5611
5343
4457
4943
5455
5434
7995
4086
4129
4101
4068
4385
4226
4755
4277
4576
4373
4374
4286
4397
4825
3845
4776
4408
4596
4026
4512
4787
4056
4390
4607
4762
3850
4447
4713
4481
3997
5186
15408
16823
14998
15965
15509
16760
15959
17268
15998
16840
16174
16985
16511
16667
16275
16836
16429
16171
16419
16715
16756
16349
16415
16732
16405
16100
17141
16254
16616
16239
16747
16782
16358
16386
15928
16262
13813
16590
15836
17052
15965
17469
16401
12391
3995
747
4773
7
9
37
3
1
4575
5264
4199
5155
4533
5364
4437
5687
3505
4461
4043
4240
5134
5145
4863
4882
5384
5812
4331
5443
5277
5374
4308
5321
5688
4889
4983
5137
5716
4665
4773
5413
5204
4865
5057
5581
4702
5173
4726
5415
5139
5123
8111
4228
3969
4202
3875
4459
4221
4839
4215
4538
4536
4162
4388
4365
4788
3967
4794
4479
4426
4336
4262
4964
3910
4397
4698
4529
3786
4550
4531
4337
4219
5535
15823
16669
15065
15554
15732
16494
16560
16616
16359
16851
16555
16648
16299
17023
16433
16662
16147
16762
16513
16619
16349
16958
16271
16920
16141
16322
17006
16796
16224
16344
16777
17107
16107
16973
14178
13790
