5900
6139
4766
5901
5229
5405
4757
5636
5548
4537
5711
5182
5544
4218
5921
5258
5022
5148
4896
5789
4720
5715
4142
5405
5672
5034
4784
4506
6247
5322
4950
6909
13844
12887
13277
5944
6368
6087
6088
6189
6143
6343
5989
6272
2099
4276
20433
20133
24272
23858
24382
24556
18466
11745
10713
10455
10448
10170
11192
10467
9403
16471
17065
16546
17743
19386
19410
19459
19695
18892
19877
19042
20100
18605
19873
19105
20206
18466
19416
19776
19734
18785
19244
20083
19324
19266
19251
20260
18977
19224
19109
20532
19033
19393
18570
19639
20318
18904
18364
19203
19761
19076
19792
19694
19251
19890
19742
19997
19291
19729
19580
19793
19468
19887
20465
19196
19818
20085
19617
19133
19780
20199
19618
19248
19590
20051
8791
4697
4648
4773
4847
4923
5052
5354
4991
5340
4711
5701
4636
5299
4660
5820
4445
5626
4693
5911
4105
5540
4831
5929
4134
5943
4655
5847
4014
5880
4673
5747
3971
5821
8540
5038
5599
5674
5893
6034
6113
6665
5886
5960
1820
7355
18808
21600
24040
23888
24239
24185
17647
11312
10723
10203
10432
10282
11238
10381
10254
16317
17414
16495
18250
18894
19525
19475
19866
18567
19659
19912
19765
18734
19336
19625
19406
19010
19533
19912
19074
19336
19859
19656
19235
19094
20163
19616
19000
19095
20020
19539
19133
19230
18124
20136
20469
18669
18492
19103
19466
19404
19428
19855
19265
19878
19547
20258
19179
19717
19812
19520
19509
19600
20455
18922
20076
19427
19880
19295
19906
19829
19177
19558
19511
20051
8938
4754
4546
4485
5144
4779
5452
4982
5144
5147
5196
5298
4819
5066
5057
5657
4542
5650
4856
5815
4154
5472
4971
5837
4070
5628
5346
5481
4087
5425
5241
5618
3905
5754
8612
4893
5825
5335
6257
5791
6327
6429
6128
5823
1630
8775
17930
22174
24076
23968
24323
24454
16872
11053
10723
10417
10945
10042
11511
10243
10421
16411
17542
16557
18289
18693
19745
19562
19642
18377
20034
19526
19564
18735
20003
19848
19247
18788
19565
19910
18761
19087
20031
19854
19250
18730
20352
19271
19518
18940
20280
19160
19592
18968
18476
20134
20458
18807
18711
19225
19636
19256
19451
19921
19219
20056
19640
19938
19405
19720
19735
19390
19827
19623
20292
19181
19775
19803
19706
19179
19921
20222
19449
19577
19532
19223
7237
4956
4372
4849
4721
5092
4863
5536
4792
5565
4530
5816
4556
5461
4277
6080
4398
5814
4298
6172
4067
5732
4444
6184
3886
6008
4587
6012
4058
5505
4952
5461
4339
6861
7634
4926
5604
5404
6647
5653
6597
6095
6029
5732
1227
12004
16120
24124
24154
23861
24272
24538
15484
11020
10846
10238
10888
10044
11431
10011
11181
16643
17349
16243
18765
18704
19998
19398
19766
18535
20012
19576
19366
19034
19835
19849
19012
19270
19970
19533
19025
19259
20130
19040
19266
19390
19946
19101
18838
19675
19741
19622
19209
19775
17769
20118
20243
18647
18662
19324
19447
19664
19283
19947
19091
20236
19279
19978
19594
19577
20203
19014
20088
19802
19941
19431
19945
19976
19068
19350
19361
20110
19198
19639
19476
19315
6872
4749
4504
4679
4953
4907
5032
5166
5315
5238
4718
5536
4745
5529
4454
5670
4659
5800
4446
5611
4360
5836
4638
5357
4531
5917
4892
5143
4611
5698
4970
5039
4660
7110
13599
14081
