21238
21025
20756
19304
19962
19528
19279
19317
19724
19463
18709
19839
19284
19636
18515
19799
19421
19102
19161
18594
19751
18716
19582
18029
19130
19694
18925
18628
18410
20003
20033
20366
13365
12874
17108
19697
19464
19413
18735
18945
18717
19573
18213
18959
12580
768
4736
4
10
7
0
0
3127
5380
4256
5064
4859
5167
4452
5640
3994
4374
3920
4542
4805
5135
4806
5220
5049
5801
4464
5527
4603
5884
4082
5566
4989
5828
4141
5430
5245
5553
4193
4968
5998
4924
4887
4933
5887
4772
4756
4759
6185
4969
6930
5270
4116
4254
3719
4508
4281
4544
4265
4643
4536
4065
4618
4271
4733
4024
4689
4751
4130
4420
4419
4923
3754
4578
5011
4076
4103
4615
4644
4274
4180
4568
15382
17811
16606
16311
17539
17233
17385
18042
17999
17433
18047
17390
18546
17316
18125
17217
18599
16811
17995
17693
18682
16795
18241
17598
18441
16677
18522
17383
18533
16853
18692
17496
18418
16566
17680
18374
16243
18399
17270
19671
18146
19697
18449
17252
10050
640
4736
6
8
7
0
0
3727
5319
4344
5016
4845
5303
4504
5623
3816
4482
3782
4742
4823
5173
4563
5224
5333
5639
4157
5514
5479
5220
4175
5217
5621
4823
4869
5566
5358
4810
4722
5564
5258
4781
4921
5848
5165
4641
4671
5700
5371
4986
8070
4181
4107
4286
3740
4482
4263
4399
4536
4228
4728
3988
4584
4229
4777
4018
4641
4848
3968
4469
4172
4995
3734
4668
4623
4447
4116
4449
4627
4113
4390
4317
15539
17806
16568
16329
17176
17618
17353
18188
17663
17629
17527
18125
18496
17385
17772
17663
18524
17075
18103
17701
18595
16774
18049
17779
18461
16800
18070
17897
18341
16725
18124
17961
18483
16392
18102
18314
16360
18330
17405
19852
18145
19531
18569
17299
8845
640
4736
9
7
5
0
0
4022
5258
4397
5118
4702
5353
4414
5750
3654
4415
3810
4969
4684
5297
4355
5554
5170
5573
4128
5675
5343
5107
4396
5448
5631
4684
4679
5457
5763
4524
4606
5691
5324
4979
4590
6092
4644
5321
4456
6037
4993
5028
7959
4204
4114
4243
3807
4604
4294
4367
4677
4227
4738
3904
4653
4297
4681
4039
4597
4902
3897
4521
4343
4829
3845
4496
5034
4137
4051
4649
4772
4008
4491
5015
16918
17500
16675
16349
17630
17203
17516
17551
18106
17351
18045
17318
18520
17105
18235
16786
18811
16827
18441
17086
18887
16912
18332
16936
18582
16787
18350
17259
18645
16789
18310
17828
18258
16507
18048
18256
16440
18719
17576
19819
18342
20035
18503
17432
6450
640
4736
14
2
5
0
0
4690
5151
4481
5089
4642
5248
4639
5622
3614
4362
3929
4943
4415
5613
4170
5761
5128
5514
4396
5605
5272
4953
4620
5461
5645
4542
5157
5583
5094
4862
4770
5728
4841
4859
5225
5594
4853
4752
5236
5521
4985
4744
8124
4312
4128
4093
3951
4469
4357
4177
4851
4180
4737
4013
4511
4345
4591
4178
4660
4924
3729
4786
4341
4584
4061
4523
4846
4020
4314
4283
4728
3970
4642
5365
17214
17627
16494
16735
17435
17448
17625
17715
17945
17556
17940
17489
18354
17215
18336
17115
18382
17130
18386
17212
18516
17088
18615
17495
17837
17383
18449
17515
17702
17551
18499
17696
17809
17219
14089
13685
