0
0
110
994
948
1389
1007
757
1280
1034
838
986
1302
906
809
1046
1221
958
1067
972
895
1406
826
948
1125
1073
1044
435
1589
1127
756
1243
2908
4040
701
0
24
254
544
431
563
333
460
343
61
2768
13517
15703
16117
16035
16384
16071
12956
11444
11747
11976
11717
11238
11961
10918
9479
15129
15245
15181
14687
13834
14746
14454
14468
14083
14631
15001
14900
14222
14504
14776
14156
14702
15211
13938
15160
14402
15294
14704
14697
14166
14330
14548
14999
14488
14554
14696
14459
14314
10930
14325
15624
16598
15641
15133
15200
15087
15025
15959
15629
15152
15766
15545
15258
15382
15527
14954
15531
15196
15728
14960
15265
14988
15430
15642
15261
15104
15500
15523
15219
14897
2932
1067
1966
2392
1329
1205
1358
970
1010
971
1138
982
885
1191
949
890
952
1294
832
1100
1029
1059
808
1147
1048
1115
805
1102
1018
938
969
1027
1124
848
1447
1028
2858
1595
786
629
686
290
561
342
47
4990
13371
15314
16135
16054
16325
16064
12881
11477
11790
11672
11920
11413
12224
11055
9976
14860
14681
15791
14574
14535
14596
14737
14613
14078
15590
13964
14539
14760
15591
14959
14711
14647
14094
14148
14526
14641
14020
14809
14655
14760
13761
14631
14744
14748
14291
14623
14482
14082
10781
16137
15539
15961
15502
15713
15516
15216
15420
15409
15821
15725
15823
15515
15409
15058
15416
15616
15247
15442
15889
15655
15355
15202
15549
15198
15103
15510
16148
15550
15620
14987
3060
1094
1887
2265
1634
1055
1342
1039
1102
967
1049
995
896
1107
978
1033
913
1172
804
1237
787
1358
618
1252
940
1079
773
1334
1058
761
951
1163
1204
612
1552
1025
2954
1470
830
570
709
258
562
374
32
6229
12853
15043
16263
16219
16262
16152
12163
11234
11712
11675
11838
11154
11969
10968
10483
14846
14966
15161
14764
14463
14670
14187
14511
14718
14474
14229
14660
14728
14367
14836
14822
15024
14188
14791
14669
14620
14327
14568
15145
14700
14146
14185
15109
14439
14817
14141
14527
14155
10295
15987
15652
15623
15426
15379
15156
15076
14796
15791
15569
15511
15346
15546
15282
15297
15889
15258
14887
15785
15335
15564
14914
15571
15176
15899
15166
15147
15434
15066
15058
14571
1888
1206
1982
2297
1286
1213
1239
1086
960
1146
887
1096
843
1189
795
1153
846
1208
738
1266
770
1259
703
1387
763
1259
633
1390
921
1055
821
1147
1004
1088
1287
1173
2826
1429
800
629
620
366
481
364
0
8276
12064
16320
16022
16477
16318
15952
11765
11370
12024
11539
12024
11209
11828
10486
11111
14796
14902
15047
15103
14221
14457
14453
14339
14127
14558
14276
14844
14600
14608
14549
13938
14305
14012
14414
14930
14240
14652
15001
14912
14523
14456
14879
14859
14704
14606
14217
14521
13735
10891
15962
15384
16092
15744
15836
15183
14917
15258
15688
15475
15241
15979
15351
15173
15316
15547
15059
15067
15342
15564
15290
15059
15555
15656
16014
15853
15518
15769
15397
15327
13545
1768
1153
2184
2236
1244
1114
1335
1092
968
967
1161
963
944
778
1300
999
998
999
1092
986
916
1043
1025
923
1034
951
983
1053
1182
721
1137
942
1305
925
3116
3388
