0
0
246
813
932
1490
686
1127
1008
1155
801
1387
1155
710
704
1348
1007
923
1135
796
1528
869
912
881
1454
958
809
644
1689
889
792
1262
2744
4067
724
0
2
341
395
438
393
350
645
543
117
4672
20654
27561
32953
32316
32610
32323
19624
9867
10986
10437
11124
9982
10885
9730
8878
16769
17076
16318
16738
16223
16678
16415
16916
15978
16632
16424
16495
16667
16471
16727
16463
16424
16196
16071
16550
16283
17023
15998
16880
16034
16463
16352
16604
16460
16478
16519
16765
16044
13109
16494
18182
17561
17758
18018
17572
17527
17575
17389
17616
17582
17513
17457
17415
17681
17314
17278
17438
17854
17514
17995
17387
17636
16896
17483
17729
17810
17539
17495
17078
17533
3500
1027
1918
2591
1157
1427
1131
1180
790
1183
1006
1105
798
1229
707
1321
778
1160
815
1281
844
1023
863
1309
939
938
961
1232
857
928
897
1403
897
805
1595
1312
2275
1477
1096
517
564
322
751
398
128
8303
19147
29298
32988
32178
32461
32241
16927
9984
10798
10329
11012
10139
11433
9784
9496
16882
17306
16313
16545
16072
16521
16316
16505
16385
16479
16242
16933
16313
16441
16429
16844
16122
16314
16208
16863
16272
16418
16500
17024
15795
16333
16291
17266
15845
16552
16748
16810
15874
11929
17873
18119
17840
17834
17521
17424
17758
17345
17666
17248
17509
17732
17353
17390
17840
17555
17092
17470
17720
17349
17658
17255
17884
16762
17652
17366
17747
17059
17556
17239
17609
3705
1092
1808
2653
1182
1481
1129
931
982
1179
1093
836
879
1158
1010
1035
832
1132
1134
1053
892
994
1030
1045
1004
980
1184
982
1019
732
1260
960
1074
640
1783
1300
2341
1385
1097
532
530
352
713
425
97
10246
18254
30022
32839
32063
32724
32156
15982
9978
10954
10286
11088
10181
10533
9908
9867
16993
17326
16210
16765
16461
16561
16448
16647
16092
16575
16664
16726
16486
16644
16483
16689
16224
16297
16622
16767
15950
16335
16563
16575
16116
16178
16415
16994
16185
16344
17179
16393
16355
11817
18057
18213
17655
17663
17659
17522
17820
17457
17489
17359
17737
17738
17298
17415
17827
17097
17476
17457
17734
17478
17682
17494
17675
17159
17170
17625
17904
17831
17630
17397
16194
2087
1122
2063
2378
1069
1561
1001
1140
913
1145
924
1034
963
1032
896
1176
939
1001
1060
1072
941
912
992
1192
936
926
1091
1127
1045
927
863
1157
990
1221
1329
1201
2482
1269
1147
470
416
582
620
371
59
14400
15934
32801
32919
32142
32925
32149
13189
10043
11161
10273
11097
10140
10547
9870
10551
16900
17087
16192
16660
16439
16758
16174
16569
16249
16324
16512
16716
16523
16411
16356
16797
16233
16575
16268
17003
16068
16757
16288
16452
16102
16219
16754
16547
15861
16497
16499
16108
16359
12370
18038
18193
17790
17629
17655
17540
17736
17693
17648
17516
17634
17536
17618
17218
17703
17181
17469
17601
18097
17188
17665
17721
17745
17192
17157
17162
17552
17602
17513
17211
15928
1942
1180
1986
2499
1151
1339
1088
1127
1022
1035
970
1070
838
1165
830
1184
867
1216
861
1109
895
1199
825
1125
867
1076
973
1180
956
804
1089
1069
1119
1185
2994
3307
