0
0
195
781
1334
1050
859
1264
1070
772
1022
1461
793
629
1208
1134
1070
896
1202
1139
959
910
866
1290
1014
966
529
1492
949
1051
1013
1503
2585
4009
717
0
6
198
548
291
576
584
563
328
142
141
5956
5107
7
12
0
0
8711
15582
15815
14631
15185
14586
15141
14648
8492
3535
3122
3324
2219
1102
1134
1007
894
1258
929
1089
801
1206
904
1114
757
1404
687
1242
931
1131
778
1110
914
1023
1125
1056
1096
737
1067
1071
1107
714
1546
923
1013
1384
2182
1865
1117
1423
1339
1082
926
1402
970
935
1002
1297
1086
1013
1168
1366
755
858
1188
1414
1025
1006
1067
1084
1076
1002
1417
836
1826
1187
2032
2387
1225
1451
1098
1027
963
1094
1084
921
1135
928
880
997
1206
885
1158
989
983
818
1163
1047
1058
777
1276
990
1019
827
1046
1148
799
1209
1351
1286
2653
1149
1174
395
818
433
527
303
139
145
9073
2243
7
12
0
0
10744
15375
15705
14826
15076
14656
15302
14706
7097
3755
2994
3306
1839
1149
1227
950
889
1328
831
1152
1008
1001
930
1052
973
942
961
1241
1060
614
1134
1331
869
791
1104
1328
817
748
1063
1378
844
601
1879
814
910
1610
2255
1607
1163
1407
1315
1097
977
1224
997
1059
978
1194
1154
990
1019
1432
866
810
1157
1404
1047
973
1084
971
1100
1048
1226
1134
1747
1181
2027
2445
1104
1439
1195
1143
929
1038
1032
1032
1009
949
981
973
1154
803
1241
968
1105
735
1181
969
1191
709
1266
1121
775
877
1177
1068
840
1170
1494
1194
2682
1079
1157
454
757
479
526
315
100
142
10492
758
7
12
0
0
11526
15393
15612
14423
15113
14648
15403
14577
6724
3808
2891
3463
1684
1186
1141
932
938
1207
951
1158
916
1059
943
1042
1011
988
1025
1009
1102
826
990
1205
920
930
927
1404
694
1064
874
1393
652
903
1836
747
992
1694
2133
1619
1135
1447
1332
1077
1031
1184
971
1006
1086
1265
1066
879
1193
1376
905
730
1210
1325
1101
1088
1101
854
1107
1053
1489
1154
1538
1176
2274
2157
1235
1350
1271
865
1099
946
1186
823
1158
767
1209
814
1251
658
1390
797
1158
726
1336
787
1185
686
1526
897
995
743
1168
1071
921
1245
1221
1286
2710
1118
1101
382
776
456
586
254
40
138
10904
40
1
12
0
0
13392
15552
15467
14592
15087
14683
15118
14776
4979
3819
2816
3511
1400
1189
1069
1219
782
1143
968
1307
802
1022
1023
1137
837
970
1036
1289
806
1156
626
1321
867
934
1219
1058
890
854
1219
1161
750
731
1925
649
936
1907
2109
1448
1215
1463
1310
1024
1085
1164
937
1017
1131
1423
923
841
1247
1286
1003
868
1062
1179
1069
1239
1090
919
995
1085
1377
1399
1335
1295
2183
2143
1202
1386
1216
959
966
1153
1137
832
806
1287
1005
979
1047
977
1186
683
1183
1015
948
952
921
1174
969
1201
673
1078
975
1250
689
1548
3123
3129
