17837
17786
18075
17300
17684
17493
18141
17804
17215
17917
18109
17419
17809
18168
17755
17666
17567
17600
17795
17681
17744
18119
17899
18007
17481
17947
17852
18509
17247
17683
16626
12928
2766
4201
5575
15878
15584
15428
15705
15874
14995
15129
15387
14655
11412
0
24
1
1
3
0
0
39
3118
4084
5034
4705
4971
3809
4828
3070
3262
3015
3775
2363
1133
928
1103
1063
895
1010
1191
855
1106
727
1293
825
1225
829
1391
660
1142
855
1165
1047
934
1011
1025
1082
903
1088
708
1091
1173
1346
784
774
1940
2108
1696
1388
1401
982
1176
1305
942
845
1345
1071
1041
1017
1469
874
898
1163
1413
911
848
1120
1277
1174
988
1050
1171
1025
888
12168
17613
17286
17145
17100
17016
17123
17034
16851
17127
16878
17390
16770
17206
17307
17154
16889
16643
17299
16894
17263
17310
17135
17027
17231
16680
16841
16958
17372
17149
16781
17256
16922
16054
11991
16547
15646
15820
15443
15754
15510
15322
15406
13274
9381
0
34
6
8
7
0
0
47
3556
4271
4986
4683
5075
3851
4696
2896
3345
2913
3862
2144
928
924
1294
827
1065
1046
1167
856
1030
1001
939
1014
1089
1048
840
1051
1113
1070
673
1108
1269
944
806
1047
1309
860
705
1156
1352
1155
622
986
2070
2023
1637
1441
1293
1004
1215
1194
969
948
1168
1090
1135
859
1537
984
812
1028
1506
964
854
1064
1243
1167
995
1044
997
1072
1035
11625
17529
17596
17147
17101
17313
16710
17244
16881
17173
17121
17027
16845
17251
16980
16933
16842
16543
17308
16654
17450
16934
17329
16946
17350
16603
16859
17014
16987
17494
16849
17312
16972
15728
11890
16339
15933
16051
15004
15755
15637
15507
15449
12544
8103
0
26
4
0
0
0
0
72
3744
4332
5083
4552
5082
3698
4819
2766
3281
2972
3976
1940
1019
877
1137
1059
1008
959
1110
945
1028
1019
951
1030
979
1092
984
996
987
1051
858
1006
1368
741
1179
792
1336
589
1194
1047
1040
1509
631
972
2078
1939
1619
1466
1282
1013
1231
1201
888
1041
1158
1109
1055
1009
1533
885
728
1201
1353
1088
683
1451
1018
1070
1065
1253
946
1054
1161
14251
17573
17609
17105
17307
17257
16931
16918
16841
16944
17221
16949
17352
16991
17173
16930
16870
17033
17284
16872
17240
16854
17522
16610
17437
16829
16921
17118
17338
17261
16982
17102
17180
14301
13477
16667
15370
15702
15103
15691
15266
15310
15418
13073
5978
0
24
3
0
0
0
0
288
4045
4457
5024
4501
4932
3874
4725
2670
3288
3066
3797
1699
1239
663
1180
950
1288
697
1192
930
1227
810
1072
1007
1206
905
1036
840
1397
665
957
885
1333
795
1047
1275
871
819
1042
1182
917
1267
756
1158
2099
1922
1585
1437
1244
1033
1300
1099
840
1096
1214
1088
959
1208
1454
825
833
1120
1256
1091
1074
1059
1027
1147
987
1274
1043
1014
1220
14446
17501
17636
17155
17199
17338
16835
17169
16955
17050
16972
17414
17152
17184
16964
17234
17051
16749
16974
17092
17250
17224
17278
17225
17250
17002
16597
17281
17057
17460
16544
17127
16908
14157
3000
3351
