630.931
663.762
685.075
664.044
693.805
682.148
688.043
684.465
686.523
687.126
696.848
660.197
449.346
288.007
734.912
744.83
747.368
733.554
1139.33
1140.55
1388.62
971.065
730.44
738.158
733.028
997.982
877.966
875.354
845.602
859.079
857.95
842.895
850.192
855.902
853.169
848.769
796.121
624.942
819.198
806.846
779.836
797.823
780.033
775.976
800.7
793.635
799.52
789.409
777.304
612.734
885.133
837.666
823.215
829.984
820.201
826.622
826.054
826.55
823.548
827.426
833.996
728.737
649.705
797.003
748.553
698.743
881.792
935.988
1465.63
1357.66
725.931
749.176
674.152
932.88
924.667
853.477
844.17
865.001
856.288
849.795
855.322
853.819
844.159
853.629
834.795
607.211
818.075
820.738
770.089
775.459
780.265
789.263
779.651
789.682
791.538
779.146
788.443
692.914
739.063
873.017
835.245
802.65
820.691
833.674
804.548
826.578
825.318
814.96
816.141
799.554
605.471
816.359
737.857
729.093
753.53
1228.87
1140.24
1370.11
912.917
737.231
734.603
761.395
973.716
853.793
850.134
850.957
854.924
847.277
839.604
858.191
850.622
845.334
846.354
783.542
667.058
832.857
797.26
778.619
781.321
771.525
775.768
804.408
788.769
784.659
793.03
759.497
641.429
888.215
831.613
814.907
828.668
816.096
824.185
823.742
830.507
817.499
813.832
818.952
724.104
673.439
785.817
750.705
741.594
607.461
1032.01
1441.96
1349.67
687.324
752.063
652.679
955.977
921.118
854.706
854.811
842.675
853.448
854.357
849.457
850.296
839.784
849.214
807.54
631.707
807.055
827.977
779.25
783.981
784.935
786.295
779.179
807.064
802.739
775.632
774.34
667.462
764.302
877.058
836.345
810.317
825.002
833.878
813.431
818.364
827.918
824.579
828.176
769.478
449.838
