13671
13828
12270
13845
13860
12315
13197
14116
13126
12325
14953
11992
11585
36306
17279
16000
17426
9801
834
10180015112714632913931110618711611913914412912314014213514113612513714213613813413114014014113812412315716410310410810611611611111311310811011611511211511110911211411611411014714912512613714113713013614313813914013113414314013813713214214812912913612917518115315615915816316217917524100
0
1247231409131371221064411237911361311390811388611339611382611370211410711364511339711334811644011035011104511120211151311120311117911170611109411125311177011096911097211586911349111333711378211444311281811440911402611298811438211391311279111754811440711759011609017590
768
4608
0
6599
13901
14657
10756
11604
13616
14171
13012
13349
14607
12998
13284
14312
13772
13320
13566
15052
10532
10716
11602
11316
11537
10885
11665
11293
11389
10973
11782
15046
12399
13629
14966
12197
14253
14543
12753
14033
14460
13231
13911
13428
17606
15534
16321
15447
1138
4608
0
0
14437
14538
11510
11292
13488
13115
13626
14670
12757
13892
14039
13587
13935
14004
12358
16719
10332
10823
11492
11441
10662
11803
11318
11044
11184
11596
11119
10879
16224
13661
12954
14017
14612
12583
14207
14314
13211
13864
14031
12611
23247
093
23097
