49785
48412
47922
48551
47586
48115
48567
47896
47925
48520
48271
47544
30824
37199
51917
50864
51326
35226
768
4750
7
4548
14480
14202
10396
11903
13493
13687
13826
13507
13723
14033
13352
13851
13469
14024
13503
15037
10593
11016
11517
10900
11474
11581
10618
11980
11218
10954
11367
20922
46652
47082
47598
48121
47741
47695
48171
47940
47807
48166
47441
47417
46625
48172
50990
47404
10153
5376
21
0
12260
14390
13562
9631
13413
13088
13798
13997
13663
13398
14153
13256
14210
13660
12849
16892
10568
10486
11547
11314
11599
10806
11855
11369
11031
11356
11685
10571
42677
46172
47591
47517
47443
48439
47592
47512
47796
47552
47964
48310
45870
48548
49780
51382
27790
768
4750
7
6486
14002
14775
9676
12280
13151
13986
14159
12500
14040
14344
12579
13959
14156
13761
13173
15093
10585
10960
11711
10872
11563
11643
10701
11503
11692
10898
11250
26312
46401
47516
47359
47876
47521
47407
48222
47799
47467
48016
47989
46948
46200
48811
51210
47916
3388
4736
21
0
13786
14361
12324
10573
13290
14389
12667
13992
14024
13393
13765
13879
13588
13833
13535
16131
10559
10724
11345
11349
11399
10886
11654
11275
11051
11266
11586
10947
45569
46045
47910
47195
47678
48110
47623
47631
48057
47554
47598
47792
42364
75
30196
29482
31559
