14439
12641
12515
14881
11789
13741
13847
13032
12433
14760
13014
11704
11526
37076
16946
16519
16140
10252
9044
51378
57217
49247
31136
31083
24975
46610
50885
52176
51355
51070
51995
51595
51797
51679
51949
51385
51604
48213
48757
49026
49810
49551
50261
49845
49842
50036
49931
49855
50235
41013
12850
13229
14045
13621
14258
13313
14075
14055
14104
13184
13613
13362
17712
15359
16505
15457
1851
30518
61024
55722
36970
30536
28561
37077
48744
51925
51361
51865
51880
51715
51638
51930
51505
51744
51296
47660
50270
48334
49705
50412
49813
49782
50486
50269
49874
50573
49800
49694
19888
12868
13535
14645
13022
13546
15112
12416
14237
14099
13604
13772
16634
14383
16549
17602
6860
13584
52367
56928
47371
30827
30633
28016
46965
51012
51938
51299
51564
51504
51299
51559
51686
51780
52039
51161
46995
48657
49217
49869
49880
50107
49934
50129
50080
50213
49821
50212
36901
12603
14328
13341
13223
15295
12100
14350
14613
13142
13526
14707
11987
18221
16146
15824
14912
1326
38900
59115
55915
33630
30420
24526
42134
49543
51623
51372
51781
51469
51888
51476
51758
52202
51706
51311
49164
49907
48406
49749
49857
49806
50171
50108
50027
49395
50226
50018
49266
17099
12796
13415
15305
12330
13872
14657
13269
13599
14350
13008
13905
22266
