13820
13563
12550
13462
13713
13048
12974
13523
13295
13220
13370
13636
10685
36584
16291
17340
16617
9950
901
4608
0
4943
14165
14230
10361
11673
13311
14393
12973
13791
14232
12802
14183
13521
13699
13905
13389
15021
10439
10978
11366
11430
11395
11056
11568
11322
11203
11024
11644
14576
12172
13991
14501
12689
14504
13846
13345
14291
13881
13155
14362
13623
16951
15303
16201
16069
1972
5366
0
0
12150
14228
13597
9477
13379
13302
13782
14298
13232
13897
13706
13526
13843
13449
13509
16480
10421
10783
11455
11634
10645
11699
11591
10970
11184
12012
10648
11142
15722
13548
12774
14624
14168
12173
15092
13684
12866
14569
14124
12900
17239
14757
16892
16260
7995
768
4608
0
5977
14319
14195
10661
11535
13370
14928
12439
13754
14474
12795
13821
14008
13679
13444
13987
14323
10645
11038
11151
11533
11469
10998
11426
11426
11329
10952
11894
14642
12723
13705
14526
12398
14316
13932
13716
13445
14217
13432
14347
13284
17509
15479
16830
14910
1399
4608
0
0
14107
14393
11606
10896
13907
12481
14123
14446
13087
13409
14218
12971
14376
13695
12969
16617
10377
10690
11511
11525
10593
11641
11509
10976
11034
11869
11153
10823
15987
13832
12639
14544
13726
13282
14132
13873
12972
14996
13267
13393
22474

41312
