33.9801
31.9267
30.807
31.7667
31.2854
32.8978
32.2292
30.4576
31.6759
32.4903
32.7667
31.4346
28.3475
32.8457
33.5223
32.9694
32.9748
32.8979
32.7339
32.9417
32.9917
32.9385
32.8856
32.7537
32.9362
32.9536
32.9896
32.9451
32.9947
32.9974
32.9792
32.9543
32.8786
32.9768
32.9294
32.9164
32.989
32.881
32.7612
32.8207
32.9065
32.9316
32.9231
32.8795
32.9352
32.9461
32.954
32.9211
32.8919
32.5556
32.96
32.9572
32.9492
32.9368
32.9181
32.9167
32.9346
32.9596
32.9731
32.9928
32.9858
32.8851
32.6326
32.9522
32.9531
32.8937
32.8581
32.9955
32.9982
32.8478
32.9999
32.9608
32.8096
32.1512
32.9275
32.9718
32.9587
32.9917
32.9461
32.9761
32.9949
32.994
32.9287
32.9489
32.992
32.8498
32.9982
32.9784
32.8955
32.8911
32.7428
32.8334
32.9439
32.8186
32.9569
32.8954
32.882
32.815
32.7794
32.9406
32.9499
32.9903
32.9476
32.977
32.9116
32.9239
32.9285
32.9605
32.9465
32.9003
32.9366
32.9521
32.9032
32.9009
32.0373
32.1932
32.9904
32.975
32.9675
32.9972
32.7276
32.9918
32.9586
32.9729
32.9378
32.981
32.9344
32.9518
32.9753
32.9965
32.9928
32.9459
32.9217
32.9704
32.8645
32.6701
32.8355
32.8862
32.8945
32.8805
32.921
32.8512
32.739
32.9368
32.9059
32.8116
32.926
32.9317
32.9988
32.9811
32.9127
32.9657
32.9722
32.9355
32.9848
32.7638
32.9075
32.9769
32.597
32.9778
32.9671
32.9825
32.9955
32.4306
32.9983
32.9886
32.929
32.9996
32.8436
32.5624
32.6564
32.9827
32.9859
32.9402
32.9711
32.9815
32.9977
32.9477
32.9845
32.9937
32.958
32.9653
32.9048
32.9299
32.8595
32.9471
32.862
32.9655
32.9591
32.8919
32.6966
32.9651
32.997
32.7156
32.7284
32.2913
32.8998
32.9534
32.9665
32.8883
32.9709
32.9703
32.8906
32.8957
32.9417
32.9299
32.9382
32.9851
