194858
187859
181141
192675
184732
185330
188285
188180
184830
188731
190300
180704
135577
294772
214094
211466
213113
139101
23553
140270
112451
140814
180571
175940
127828
169180
189126
190291
189701
190225
189982
190092
191683
189051
191351
191237
186588
193608
165569
168472
173984
171573
172830
173136
171796
174560
171908
171809
173676
188785
181445
189952
191605
190544
194118
189308
192970
193504
191485
191433
189727
187553
208339
198335
208588
200292
34555
104871
118768
110976
179082
175472
166489
138007
180150
188767
191986
190880
190055
191478
190543
189646
191705
189757
186574
199332
168552
165988
173693
173658
172944
172353
175304
172943
172756
174914
172188
169630
199306
184096
188332
195318
188552
188850
196759
187870
190463
193931
190665
191005
205075
193832
210425
213224
106662
33016
141552
112270
149626
177377
178397
130391
169977
187920
193179
188629
187557
191578
190266
187717
191436
192368
190270
187237
188821
165986
168505
174410
172228
173761
172963
172046
173695
174529
171058
174254
192838
181557
192735
190421
186779
196254
187846
191399
193401
190212
191288
194316
184462
207812
201050
209508
197077
15599
116747
115421
111427
186709
176346
144561
155487
183726
189265
188485
193285
188546
189688
191788
190207
192566
190539
186784
200881
167636
166459
172956
173319
171146
172973
174124
170827
171402
174715
172940
168933
201525
183481
188456
195841
187962
189595
194960
190259
190422
194097
188651
189267
228698
