119.786
121.353
120.962
122.166
121.543
121.79
121.508
121.787
121.657
121.867
122.324
121.412
119.327
127.422
122.339
123.78
124.249
119.145
101.064
107.048
94.807
107.248
131.114
131.874
128.086
126.722
123.55
122.534
122.448
122.68
122.753
122.468
122.585
122.458
122.669
123.011
122.404
122.324
121.877
121.786
121.244
121.054
121.114
120.837
121.191
121.278
120.927
121.219
121.172
122.569
123.738
123.873
122.956
122.851
123.405
122.519
122.994
123.033
123.169
122.895
122.934
122.943
124.417
126.273
124.149
122.508
109.183
113.666
93.9516
95.432
122.992
132.345
130.618
126.163
125.562
122.604
122.502
122.58
122.555
122.676
122.78
122.756
122.725
122.631
122.315
123.566
120
122.562
121.798
120.946
121.007
120.978
121.194
121.086
120.979
121.113
121.076
120.996
123.973
124.54
123.103
123.337
122.569
122.59
123.389
122.647
122.996
122.988
122.921
122.808
124.068
125.556
124.735
123.953
115.562
100.075
106.977
94.9107
110.776
131.471
131.978
127.68
126.847
123.212
122.81
122.428
122.307
122.809
122.544
122.461
122.727
122.816
122.652
122.517
122.642
121.856
121.568
121.189
121.085
121.366
120.829
120.899
121.218
121.176
120.906
121.431
123.544
123.783
123.794
122.75
122.599
123.549
122.593
122.84
123.207
122.762
122.926
123.06
122.337
125.673
126.077
123.775
121.499
107.638
110.591
94.1876
95.5935
125.934
132.491
130.073
126.345
125.094
122.428
122.449
122.706
122.506
122.305
122.725
122.503
122.427
122.617
122.584
123.165
120.522
122.307
121.383
121.293
120.859
121.051
121.229
120.814
121.125
121.135
121.254
121.169
124.05
124.322
122.817
123.401
122.525
122.972
123.092
122.841
122.846
122.989
122.817
122.702
124.836
