1112.91
1035.74
1015.65
984.676
999.753
1092.95
1023.68
934.072
1027.27
1034.39
1025
1079.37
1641.53
826.266
830.861
814.255
799.925
1631.48
12758.6
1207.9
1545.25
1368.08
1090.76
1123.48
1843.57
949.864
866.353
855.948
893.7
875.573
877.961
890.702
865.066
888.429
867.718
872.469
971.895
1073.39
1159.51
1141.29
1111.51
1121.57
1124.91
1123.08
1116.41
1093.74
1117.43
1126.74
1116.56
1111.75
931.396
897.362
896.426
898.583
875.576
912.171
880.669
876.755
898.419
896.037
904.594
1024.64
916.616
864.439
831.264
943.544
8627.13
2210.31
1312.75
1602.24
1116.79
1129.23
1296.53
1396.8
903.114
893.215
872.553
863.401
877.217
872.394
876.302
885.946
873.519
882.746
933.513
1040.78
1139.67
1166.06
1123.8
1118.56
1112.99
1115.75
1099.6
1107.97
1116.18
1101.52
1121.21
1241.59
905.613
916.3
914.32
886.403
926.71
912.526
868.135
925.903
903.546
884.642
911.839
922.931
1000.6
883.678
825.797
813.926
2250.1
8521.94
1190.38
1567
1290.41
1123.05
1099.94
1768.83
965.29
900.831
854.905
897.501
901.043
872.746
893.511
899.587
872.814
867.315
883.909
977.351
1073.45
1135.38
1151.38
1106.95
1128.62
1120.76
1127.59
1105.04
1096.09
1102.52
1130.64
1123.48
1066.02
925.631
880.522
917.104
933.449
863.652
931.093
897.034
875.006
904.991
906.481
878.124
1043.03
913.466
853.931
823.581
932.649
20182.7
1794.47
1416.15
1605.54
1080.11
1110.39
1599.82
1144.29
874.096
888.138
892.819
863.155
895.809
885.221
868.464
883.839
873.586
880.513
957.346
1006.32
1157.32
1146.05
1125.69
1112.06
1141.23
1119.15
1109.81
1106.95
1120.52
1112.99
1117.39
1269.9
838.046
916.03
912.255
873.014
924.728
905.14
877.702
910.361
899.595
872.597
917.372
970.827
992.461
