968.814
909.912
902.479
886.218
942.494
895.903
921.947
931.448
918.814
916.722
948.455
872.107
671.738
353.21
1238.11
1131.28
1128.98
1183.64
1756.96
1644.55
1645.22
1362.93
794.72
786.672
815.639
1088.93
1180.41
1222.04
1182.94
1202.71
1194.25
1182.48
1202.36
1215.19
1187.47
1188.18
1124.4
958.067
1024.5
1038.45
1048.98
1097.44
1036.65
1038.8
1089.9
1081.32
1074.29
1059.1
1052.33
886.87
1111.91
1108.35
1138.74
1143.16
1140.09
1139.91
1131.63
1164.17
1136.21
1149.48
1163.01
998.979
932.324
1022.89
1113.08
1120.29
1261.51
1507.89
1738.48
1630.42
924.643
794.8
741.54
1032.43
1097.27
1171.13
1200.94
1212.65
1192.95
1190.56
1205.87
1181.19
1186.22
1192.81
1177.03
924.573
1114.99
1000.15
1017.46
1036.32
1061.12
1070.56
1048.01
1074.6
1048.36
1040.99
1063.17
934.271
1044.35
1091.59
1136
1116.55
1149.06
1148.53
1127.83
1145.01
1139.74
1143.7
1137.68
1099.95
882.509
1021.13
1082.46
1104.95
1233.38
1757.43
1623.77
1632.43
1284.91
792.154
782.915
848.223
1069.62
1169.75
1189.89
1183.1
1189.06
1193.53
1174.09
1186.62
1191.28
1179.63
1185.47
1101.35
1029.22
1033.86
1026.33
1055.91
1049.76
1034.59
1044.06
1084.25
1061.37
1050.44
1066.78
1015.92
915.488
1104.93
1127.56
1141.05
1136.33
1143.7
1146.94
1125.93
1170.73
1140.1
1103.39
1150.48
1011.48
971.958
1039.53
1129.82
1193.92
1100.7
1562.84
1715.08
1605.89
851.327
794.438
716.597
1065.04
1126.9
1183.89
1198.84
1193.84
1199.7
1192.38
1206.32
1194.36
1170.48
1203.4
1117.36
964.188
1055.69
1032.91
1026.59
1059.03
1065.22
1050.45
1038.8
1087.52
1091.82
1051.6
1041.71
893.387
1083.15
1114.03
1138.27
1141.08
1150.47
1130.32
1144.8
1148.34
1133.85
1142.18
1149.89
1059.53
740.853
