1
2407
2119
2958
2710
2424
2683
2662
2209
2784
2585
2503
2610
7031
61
1313
1285
653
0
0
0
541
13076
13132
8567
8942
3866
2825
2715
2583
2754
2592
2883
2341
3052
2623
2336
3289
4062
3942
2840
2844
2960
2427
3028
2835
2619
2858
2804
3411
4661
4291
2755
2567
3092
2498
2735
2803
2493
2712
2712
2876
3233
4768
1658
1239
56
0
0
0
6702
13982
11593
7348
7049
2930
2788
2821
2783
2579
2736
2774
2728
2391
2807
3323
2115
4862
3475
3219
2208
3126
2832
2340
3222
2848
2552
2801
3961
5426
2596
3370
2374
2505
3295
2276
2731
2948
2479
2572
3758
4675
2206
1379
464
0
0
0
1089
13702
12943
8660
8496
3531
2850
2503
2804
2822
2379
2950
2630
2779
2696
2636
2711
4462
3958
2620
2906
2850
2558
2981
2748
2835
2855
2857
3319
5309
3626
2780
2299
3258
2571
2345
3273
2164
2835
3110
2512
3608
4490
1566
1097
0
0
0
0
8646
14037
9747
8452
6350
2578
3051
2747
2387
2834
2508
2663
2874
2338
2854
3444
2652
4667
3354
2889
2385
3114
2627
2653
2977
2830
2799
2721
4221
5221
2627
3358
2416
2550
3174
2189
2644
3421
2064
2723
4694

3006
2560
2906
2887
2434
24588
28340
25463
26069
25425
25548
27064
25214
25486
26115
26114
25579
17762
