10
1920
2707
2998
2079
3125
2490
2074
2941
2980
1830
2918
1893
7733
83
1150
1206
617
6607
37290
39499
34743
34136
33673
24937
41137
38174
37750
37619
38311
38122
36882
37348
37490
37398
37873
36519
32310
39977
39135
38350
38864
38692
38368
38937
38635
38631
38411
38238
26774
4830
3686
3102
2472
2688
2808
2732
2482
2981
2434
2589
3050
3359
4850
1527
1075
54
23373
41036
39257
32946
34432
30467
32091
39400
36921
37982
37856
37237
37385
37393
37452
38204
37763
38398
30966
39784
39620
37756
38203
38057
38361
38436
38607
38594
37783
38506
36881
7715
5210
3069
2845
2680
2618
2848
2540
2879
2517
3119
2448
2758
5304
2379
1231
325
10350
36514
39427
34924
34012
33463
26823
40249
38424
37491
37559
37307
37832
36579
37413
38054
37013
37077
37302
32014
39949
38999
37826
38127
38506
37879
39218
38993
38166
38655
38227
23131
5034
3668
2704
2770
2840
2396
3037
2398
2924
2503
2648
2735
4018
4364
1380
978
0
29276
39661
39048
32827
34087
25923
37142
39756
36874
37374
38074
37349
37304
37977
37520
37033
37812
36897
32606
39079
39434
38447
38886
38628
38755
38822
38887
38880
37978
38361
36681
5403
4790
3114
2928
2297
3124
2412
2752
2713
2661
2991
2736
4310
4304
