0
2055
2413
3185
2072
2749
2621
2676
2234
2881
2962
2038
2869
6891
82
894
1552
682
180010
744
13337
12981
8609
8935
3614
2551
3000
2531
2596
2907
2400
2718
2983
2521
2485
3255
4191
3663
3077
2598
2834
2841
2660
3079
2548
2911
2895
3267
5177
3937
2530
2928
2731
2518
2831
2747
2359
3167
2315
2874
3505
4580
1699
1281
9
0
0
0
6937
13627
11734
7983
6458
3225
2394
2728
2877
2653
2564
2932
2489
2713
2904
3009
2088
5007
3348
3123
2570
2610
3231
2328
2979
3068
2424
3025
3763
5421
3119
2764
2584
2659
3048
2387
2894
2673
2459
2805
3541
4570
2516
1182
535
0
0
0
1680
13122
13385
8675
8332
3305
2735
2735
2518
2863
2656
2608
2720
2947
2583
2367
2981
4643
3486
3030
2607
3205
2404
2911
2937
2529
2884
2877
3487
5241
3625
2841
2500
2935
2743
2553
2927
2302
3141
2712
2361
4022
4052
1664
1161
0
0
0
0
8879
13963
9732
8466
5915
3088
2790
2725
2559
2772
2506
2948
2595
2397
2983
3065
2659
4683
3371
3139
2330
2938
2942
2261
3162
2803
2474
3082
4154
5245
2728
3008
2696
2531
2965
2463
2864
2761
2430
2782
4656
70
2443
3248
2293
2769
2795
4691
