41243
42147
41991
41936
42828
42184
41855
42733
41969
42404
42897
41799
24188
7596
38915
40267
40088
26781
0
38
7
331
13118
13215
8098
9375
4314
2319
2742
2870
2628
2687
2808
2499
2535
2983
2632
2577
4549
3954
3096
2500
2733
3128
2346
2921
3053
2573
2828
11050
45980
45424
44176
44053
44774
44438
43852
45016
44559
44332
44567
43198
36150
41864
39993
36534
7615
25
17
0
6754
14026
11827
7087
7411
2528
3011
2557
2512
3069
2450
2491
3052
2650
2393
3506
2261
4792
3483
2706
3169
2327
3034
2921
2361
3164
2727
2424
36286
45960
44535
44630
44754
43652
44771
44242
44340
44568
44328
44294
37524
42192
40670
39829
19883
0
33
5
1443
13433
13539
7470
9259
3263
2829
2711
2516
2956
2672
2378
2885
2691
2743
2719
2536
4642
3825
3262
2270
2805
3137
2263
3004
3063
2383
3057
17025
46201
45475
44254
43973
44902
44127
43825
45131
44691
43756
44476
43622
34959
41093
40080
37222
1931
32
21
0
8273
13939
10562
7922
6567
2694
2774
2833
2482
2890
2627
2258
3098
2749
2372
3317
2906
4762
3066
2883
2947
2399
3077
2722
2557
2914
2846
2739
40932
45995
44086
45094
44287
43893
44491
44856
44285
44687
44311
43502
28388
73
14450
14728
15045
14323
14353
13441
25385
27939
26245
27142
26095
25830
26549
26785
25884
26467
26798
25163
18679
