34.7103
32.1357
29.9803
31.2089
31.3285
31.8417
34.7557
31.4013
31.6036
34.4305
32.6822
30.6099
28.1071
20.3059
40.4625
33.7953
36.3222
46.4853
56.9131
58.26
55.4066
54.2611
49.7775
41.5027
45.1238
45.7687
46.4591
39.0981
46.9672
39.4813
39.8575
37.8986
41.8813
38.7549
40.6392
38.0972
37.5982
41.5608
37.8701
43.3904
35.735
43.9426
33.2716
39.4651
38.1006
40.2279
38.4797
37.7382
36.3061
38.84
40.9188
44.9785
37.1753
36.0625
36.1965
36.5432
39.8585
38.128
37.8416
40.5411
39.3128
41.9468
39.4799
36.0928
39.0058
36.6324
46.7393
57.5869
53.9957
57.6011
55.9161
44.6394
46.1233
51.6134
49.0143
38.3201
39.7208
39.1817
37.7701
40.5232
39.8702
37.0792
39.6675
39.8242
38.5836
34.595
53.9545
44.0306
38.9651
36.7578
42.3399
41.2096
38.5813
46.1654
36.5194
39.8539
36.0372
36.2598
47.4682
39.3046
42.6
37.9639
39.7706
42.4101
38.8805
35.8928
40.6902
38.7081
43.029
38.6903
35.6403
39.5129
36.5567
32.7324
46.4364
54.9009
57.5182
54.6707
55.6565
48.9914
44.8109
45.596
46.0215
36.269
38.6105
38.824
41.7535
42.569
39.814
37.9406
39.6997
39.9639
36.5
39.6006
43.4956
44.0964
40.0357
37.5005
40.2224
40.4532
38.9075
48.5524
38.4192
40.5096
38.6379
36.5145
41.7139
45.3301
39.3032
38.0748
36.2165
39.6082
37.2199
37.1241
40.8385
40.3156
40.3721
39.1781
38.4741
42.29
45.8537
36.8525
42.0935
38.9041
57.9477
52.0553
54.123
54.8523
43.8648
42.1197
49.4263
45.5486
39.9257
39.6156
37.0332
37.8
44.3909
37.7416
43.3421
37.4905
36.72
38.9847
38.9796
40.4266
39.9012
38.4463
37.5344
40.4255
38.5169
37.3261
40.3053
40.153
39.2743
35.4188
41.6088
46.6875
43.3781
38.6502
39.8624
38.2559
40.906
40.1551
36.3931
37.435
37.9163
37.9897
37.6801
32.917
