91526
105203
106122
110296
107657
108488
107625
108004
106948
109096
107782
105391
66913
59553
84096
92827
93798
71817
17821
114658
117291
109323
175532
172127
116272
151490
116989
108300
108141
109285
109427
106703
108012
107126
108371
109139
105619
97178
122108
117500
111509
110589
109726
109917
110252
111334
110332
109755
110456
102430
125838
119896
110277
109293
111098
109358
110692
110084
110455
110194
109163
107855
98707
118205
95487
89089
23507
70962
124084
114503
140088
177928
156409
122079
135945
107756
109459
108183
108241
108574
107311
108141
108985
108011
109092
95331
109684
125585
113862
109957
109828
109495
111231
110161
110832
110514
109909
106785
110376
127930
112309
112010
109758
108365
112557
108259
111492
111072
110358
109513
99195
120084
100879
92817
56648
27985
114897
117206
114949
176300
173711
117432
149230
112470
109018
107894
106624
109885
106647
107024
109200
107968
107527
107280
95290
123989
116658
111009
108813
110769
109286
110254
111963
110913
109816
111137
105526
128881
117985
109341
108614
112675
108862
109535
112282
109470
110508
110235
106697
99582
113926
95059
95074
6704
88507
120362
114600
148613
178332
133885
138104
132741
107144
108438
109217
106682
107841
108656
108004
108149
108080
107379
99214
111894
123624
112831
111631
109439
110035
111416
110196
111115
110385
109733
106087
114438
127096
110735
113417
107627
109500
112102
109208
109859
111162
110097
108416
87484
