103.792
105.777
105.872
107.543
105.77
106.171
106.522
106.339
106.197
106.56
106.592
106.127
106.984
138.027
106.093
107.959
108.766
103.613
81.0897
81.3059
76.4711
87.3513
117.319
117.612
114.779
110.553
107.449
106.019
106.044
105.692
106.239
106.098
106.432
106.235
106.421
106.247
105.663
109.978
105.272
105.069
105.086
104.286
104.65
104.394
104.481
104.652
104.527
104.506
104.604
110.759
108.889
108.942
107.863
107.843
108.28
107.51
107.992
108.123
107.669
107.674
107.792
108.478
113.587
111.031
108
107.234
97.3552
86.2563
75.5413
77.3236
109.931
117.923
117.038
111.331
109.886
106.143
106.42
106.192
106.314
106.582
105.985
106.47
106.287
105.747
105.482
112.336
102.656
106.165
105.373
104.919
104.624
104.175
104.606
104.389
104.538
104.9
104.591
104.922
112.299
109.898
107.913
108.967
107.42
107.541
108.736
107.224
107.486
108.109
107.548
107.845
113.947
110.254
109.351
108.38
101.382
79.887
80.922
76.8757
91.9614
117.243
117.537
114.333
110.907
106.561
106.329
105.926
105.805
106.565
106.472
106.053
106.622
106.535
106.037
106.496
110.272
105.672
105.121
105.396
104.738
104.521
104.517
103.988
104.226
104.852
104.197
104.835
111.493
109.087
108.609
108.29
107.598
108.322
107.713
107.798
107.699
107.576
108.255
108.074
107.637
114.918
111.208
108.101
105.702
113.749
82.857
75.8105
77.483
113.81
117.919
117.033
110.894
109.453
106.389
106.337
106.69
105.9
105.88
105.783
106.237
106.243
105.786
106.135
111.363
103.438
106.202
105.195
104.473
104.023
104.171
104.385
103.954
104.521
104.952
104.662
105.215
112.32
109.216
107.965
108.598
107.45
107.907
108.189
107.662
107.53
107.926
107.176
107.837
117.91
