2823.59
2144.73
1922.6
1943.34
1967.53
2039.14
2307.39
1975.97
2036.23
2239.26
2083.79
2032.3
3528.8
3056.52
3573.36
2509.39
2743.4
5289.11
30179
3436.65
3078.63
3600.44
2041.09
1624.5
3065.25
1932.3
2790.83
2388.13
3160.21
2409.99
2448.14
2369.3
2675.1
2402.5
2562.53
2302.52
2435.39
3318.7
2076.86
2654.35
2155.7
2876.06
1995.6
2551.64
2365.88
2531.95
2413.33
2379.3
2234.59
2904.99
2139.79
2643.11
2232.34
2156.46
2117.98
2201.71
2469.21
2299.36
2289.76
2529.59
2438.29
2890.2
3067.38
2030.52
2971.84
2991.59
18621.6
6607.28
2613.07
3400.12
3066.86
1714.04
2207.35
3195.44
2508.18
2385.07
2427.89
2409.15
2296.5
2541.75
2509.52
2247.59
2453.51
2494.25
2359.77
2704.36
3804.09
2505.89
2404.67
2306.61
2793.99
2693.04
2420.57
3116.12
2246.67
2565.24
2215.66
2461.32
3256.24
1980.76
2657.11
2272.79
2474.41
2765.1
2326.46
2170.44
2509.87
2341.25
2761.35
2432.99
2710.45
2269.3
2541.36
2421.6
6963.97
17860.5
3382.3
3032.07
3556.92
1986.71
1796.71
3034.54
2014.31
2055.02
2351.77
2415.24
2726.9
2680.43
2559.16
2358.43
2444.23
2521.83
2209.02
2589.98
3535.33
2522.61
2405.56
2322.24
2646.71
2617.45
2516.09
3319.43
2370.05
2601.93
2451.64
2269.61
3037.46
2412.28
2203.64
2341.16
2198.09
2371.56
2272.06
2263.32
2466.41
2542.69
2549.93
2403.57
2594.43
3274.79
2985.34
2746.97
3233.52
56930.5
4984.41
2609.82
3116.89
2839.62
1665.29
2429.36
2513.88
2304.49
2542.47
2454.45
2196.94
2343.53
2923.95
2267.17
2818.66
2296.08
2194.09
2513.21
2964.65
2557.25
2194.72
2380.84
2303.34
2628.67
2449.97
2311.35
2570.09
2521.82
2506.34
2186.01
3028.75
2996.57
2298.99
2352.07
2373.6
2404.02
2605.38
2437.21
2184.11
2273.7
2268.73
2300.67
2415.98
3021.77
