5788
5607
5711
5511
5036
5332
5284
5346
5613
4247
6230
4625
5591
4135
6836
4471
5210
4979
6657
4046
4905
5923
5162
4908
5006
6238
4116
5034
5820
5459
5990
5763
13518
13205
12658
6120
6171
6330
6227
6304
5981
6006
6359
5925
2300
863
4608
0
0
0
0
0
3448
5135
4354
4909
4708
5014
4842
5091
4302
4276
4214
4283
4104
5978
4274
5650
4453
6002
4334
5401
5077
5346
4769
5269
5075
5302
5026
5267
5058
5583
4395
5224
5141
5218
5027
5227
5183
5419
4800
5195
4672
5541
6580
5676
4154
4055
4138
4173
4636
4195
4821
3930
4871
4167
4672
4117
4550
4354
4377
4991
3867
4628
4022
4904
4149
4586
4507
4327
4530
4218
4665
4187
4534
4087
7979
4734
4686
4510
5120
4845
4894
5178
5239
5377
4577
5449
5352
4984
4581
5400
5339
5291
4720
5259
5390
4801
4985
5215
5322
4871
5077
5430
5374
4466
4990
5741
5297
4562
8523
5657
5189
5144
7105
5066
7043
5484
6231
6264
2097
759
4608
0
0
0
0
0
3875
5023
4330
4932
4747
4957
4853
5213
4014
4234
4264
4211
4546
5234
4773
5515
4676
5846
4396
5681
4467
5967
4266
5777
4359
5868
4797
5406
4809
5447
4562
5643
4662
5684
4637
5973
4477
5588
4225
6040
4394
5658
7363
4801
4251
3849
4010
4225
4632
4240
4723
4128
4669
4153
4554
4291
4541
4408
4507
4886
3989
4435
4315
4678
4107
4395
4832
4430
4188
4448
4618
4307
4240
4348
7898
4737
4443
4652
5186
4557
5086
5281
5272
5068
4806
5552
5305
4539
4984
5350
5528
4921
4887
5198
5487
4626
5139
5163
5459
4667
5511
5058
5402
4445
5408
5224
5272
4837
8520
5544
5209
5297
6893
5081
7202
5387
6489
6043
1828
758
4608
0
0
0
0
0
4191
5005
4300
4917
4766
4985
4954
5203
3965
4264
4323
4112
4356
5608
4661
5444
4675
5721
4476
5645
4899
5376
4568
5407
4971
5477
4804
5659
4788
5537
4191
5996
4427
5764
4809
5604
4787
5349
4601
5486
4755
5272
7894
4348
4286
3831
4130
4052
4756
4041
4963
3950
4788
4087
4649
4342
4547
4405
4444
5132
3622
4742
3985
5013
3963
4663
4517
4492
4222
4429
4873
4050
4632
4521
7536
4593
4724
4513
5558
4187
5453
4834
6085
4083
5522
4841
5723
4223
5537
4815
5734
4548
5544
4964
5627
4331
5486
5083
5553
4388
5638
5010
5545
4299
5529
5101
5365
5790
7474
5628
5125
5382
7030
4986
7384
4890
7004
5346
1585
758
4608
0
0
0
0
0
4532
4968
4376
4948
4636
5048
4895
5274
3906
4308
4320
4039
4801
5246
4909
5004
4905
5645
4857
5104
5074
5393
4977
4843
5039
5475
5424
4984
4796
5390
4993
5147
4736
5755
5114
5011
4803
5415
5130
4941
4734
5387
8264
4146
4237
3979
3943
4117
4663
4244
4812
4174
4613
4273
4387
4523
4322
4439
4391
4943
3990
4583
4294
4542
4233
4393
4744
4225
4273
4399
4736
4090
4419
4220
7855
4798
4288
4775
5325
4480
5234
4921
5790
4660
5137
4996
5833
4330
5434
4749
5754
4826
5339
4865
5464
4565
5272
5072
5410
5015
5109
5182
5313
4861
4818
5449
5021
5798
14210
13577
15427
16437
15393
15296
16235
16536
16182
16421
16737
16833
16291
16802
16410
16778
16506
16756
16511
16619
16335
16693
16397
16602
16714
16512
16538
16675
16779
16530
16543
16809
16900
16339
16854
16430
14585
13324
