20809
21083
21387
19847
19719
19773
19466
20031
18702
19804
19063
19729
18453
20798
18840
19455
19071
20752
18363
19483
19597
19898
18811
19289
20422
18342
19217
19127
19373
17616
20797
21009
14698
12783
17089
20040
19660
19341
18915
19083
18581
19095
18651
19085
12413
768
4736
9
5
7
0
0
3347
5189
4558
4818
4714
5178
4606
5436
3953
4251
4338
4006
5470
4316
5480
4392
6005
4383
5663
4825
5508
4609
5200
5194
5346
4612
5629
4974
5518
4465
5228
5091
5372
4744
5307
5193
5410
4816
4990
4995
5526
4515
7216
5649
4215
4194
3915
4592
4165
4476
4220
4904
4085
4779
4039
4570
4440
4196
5010
4028
4594
3937
4970
4026
4588
4244
4711
4508
4257
4525
4234
4399
4173
4790
14864
17887
16846
16297
17107
17384
17679
17654
17710
17449
18003
17970
17907
17460
17879
18463
17289
17317
18072
17831
17737
17658
18056
17947
17598
17725
17913
18145
17214
17957
18387
17931
17088
18046
17553
18761
16123
18403
18339
18764
19016
18649
19427
16681
10962
768
4736
9
5
7
0
0
3744
5111
4422
4924
4751
5088
4563
5521
3894
4294
4264
4244
4926
4637
5509
4724
5627
4677
5599
4495
5908
4233
5813
4293
6031
4262
5874
4701
5422
4578
5580
4811
5598
4322
6219
4642
5478
4128
6214
4334
5720
4372
8118
4796
4110
4057
3981
4542
4167
4432
4370
4748
4102
4568
4377
4477
4311
4369
5086
4042
4422
4281
4723
4102
4365
4578
4556
4381
4366
4568
4341
4200
4351
4541
15946
17638
16772
16527
17105
17629
17838
17895
17503
17718
18084
18170
17330
17694
18161
18228
17131
17476
18152
17904
17589
17559
17968
17963
17285
18062
17851
18173
17249
18114
17987
18052
17306
17830
17692
18530
16163
18066
18629
18681
19366
18499
20151
16389
9660
640
4736
9
5
7
0
0
4041
5128
4306
4977
4664
5204
4529
5499
3881
4388
4074
4159
5210
4681
5336
4629
5693
4687
5588
4908
5268
4600
5486
4885
5511
4545
5831
4776
5461
4358
5935
4402
5753
4516
5931
4686
5451
4644
5406
4759
5251
4703
8381
4399
4115
4143
3845
4667
4020
4486
4308
4842
4064
4694
4310
4555
4356
4264
5375
3671
4671
3951
5108
3849
4710
4126
4838
4206
4422
4792
4247
4343
4036
5308
16780
17706
16526
16891
16850
17687
17674
18250
16809
18281
17591
18503
17039
18142
17519
18579
16954
18072
17547
18309
17323
18149
17781
18152
17021
18340
17758
18111
17110
18271
18065
18114
16909
17727
18111
18586
16215
18581
18221
18837
19055
18568
19785
16446
8279
640
4736
14
2
5
0
0
4467
5162
4463
4868
4832
4936
4814
5264
3835
4321
4129
4439
4931
5015
4792
5030
5476
5010
5180
4925
5406
4936
5002
5072
5405
5137
5061
4904
5337
5125
5004
4817
5639
4851
5367
4787
5398
5197
4942
4653
5414
5276
8106
4273
4140
4081
3828
4514
4277
4451
4368
4646
4262
4488
4538
4350
4379
4181
5136
3950
4563
4275
4738
4064
4483
4365
4526
4345
4308
4778
4142
4283
4176
4718
16696
17529
16656
16548
16926
17588
17552
18265
17362
17925
17461
18514
17157
18189
17329
18753
17132
17919
17480
18103
17474
17753
17894
18123
17515
17624
17797
18043
17506
17612
18146
17631
17848
17173
14118
13689
2
10514
11187
10491
10543
10498
11145
10478
10671
10599
10952
10364
10756
10635
10807
12276
10764
10190
10125
11191
10733
11280
11163
11502
10982
11292
11187
11519
11072
11339
11174
11273
11325
11256
10968
11348
11102
11245
11093
11305
11447
11131
11109
11306
11376
11154
11128
10893
11194
14308
13335
