5769
5773
5513
5331
5365
5287
5246
4910
5965
4863
5646
4155
6570
4436
5419
4589
6707
4190
5231
5156
6221
4296
5064
6332
4175
5281
5423
5911
3517
6151
6019
6140
13641
12882
13058
6026
6283
6092
6045
6260
6165
6254
6095
6027
2107
4361
20508
20104
24336
23921
24258
24475
18208
11364
10636
10155
10423
10013
10763
10559
9142
16570
16755
17221
17157
19500
18678
20332
18497
19971
18965
19938
18855
19526
19759
19716
19139
19718
19592
19840
18877
19834
19264
19667
19042
19379
19502
19523
19090
19423
19809
19750
19055
19926
18400
19312
20504
19310
18649
19276
19523
19276
19883
19506
20130
19262
20141
19551
19842
19556
19597
19870
19140
20411
19323
19958
19444
20132
19468
19488
19777
19635
19847
19510
20229
19574
9744
4800
4729
4359
4882
5108
5027
5066
5019
5495
5076
5068
4703
5437
5186
5095
4779
5453
5475
4676
4977
5211
5321
4739
5051
5485
5428
4505
5127
5600
5307
4367
5115
5330
8654
5382
4936
6254
4968
7233
5242
6842
5991
5913
1934
6265
19661
21212
24330
24173
24420
24640
17341
11211
10796
10064
10551
10254
10780
10525
9292
16526
16982
16698
17567
19565
19333
19759
18907
19857
19101
20172
18731
20183
18678
20342
18548
20159
18941
19714
18950
19950
19280
19983
18736
20321
19178
19773
18504
20575
18964
19926
18641
20196
18144
19816
20389
18906
18653
19162
19533
19393
19854
19312
19917
19518
20142
19340
19843
19797
19779
19746
19390
20096
19425
19648
19753
19739
19473
19895
19692
19661
19671
19667
20035
19403
8798
4717
4729
4295
4907
4984
5278
4726
5077
5728
5194
4784
4729
5562
5458
4405
5090
5596
5319
4662
5140
5144
5460
4530
5118
5573
5372
4472
5513
5064
5505
4455
5338
5039
8516
5440
4903
6137
5137
7222
5275
6916
5968
5897
1795
8119
18340
22003
24516
23696
24316
24323
16747
10941
10695
10123
10527
10160
10937
10634
9669
16524
16771
17008
17706
19276
19371
19843
18857
19866
18979
19811
18870
19804
19072
19815
19189
19825
19286
19598
18860
20489
18730
19941
18689
20476
18941
19941
19056
19745
19263
19928
18701
20093
17918
19897
20319
18813
18558
18964
19642
19288
20019
19210
19974
19520
20338
19351
19889
20162
19681
19898
19072
20421
19058
20153
19626
20143
19166
19648
19928
19798
19741
19731
20355
18924
7605
4583
4840
4106
5305
4844
5651
4126
5801
4862
5828
4122
5395
4942
5773
4143
5598
5156
5656
4255
5544
5103
5509
4296
5388
5393
5544
4167
5661
5140
5492
4216
5686
5897
7595
5325
5053
6167
5322
6926
5084
7346
5446
5854
1487
9620
17673
23007
24220
24054
24395
24452
15537
10840
10597
10208
10418
10330
10851
10760
1011511672511685811657811848211895811929611973511907211947311909011980511917611946011940511973311929711949711917511972411931611951611912012001611917111958911897811989511938811934311904211980711962711938811794512032212025111886111847111921111952011934111972911945411998711970211998811931411963412007811931211973011943912021511945311941411955511967011938911953212001611951511960511944212009111926787719447414463344485449405494855539543794552355077456635450845264547924598054400553875511445516544895525455010454935463355068555474531454848549624530455151550145488555947114120113613
