6040
5480
5603
5474
5367
5122
5042
5668
5282
5441
4246
6340
4636
5324
4474
6777
4306
5293
4895
6693
3969
5030
6294
4439
5222
5237
6089
3845
5485
6007
5128
6306
13746
13029
13237
5883
6412
6051
6329
6076
6357
5657
6443
6156
2122
794
7508
240
0
0
0
35779505614820
4674
4725
4940
4959
4989
4398
4655
4073
4339
4596
5014
4933
4909
5321
5397
4779
5134
5321
5138
4920
4959
5541
4888
5310
4877
5508
4901
5091
4810
5393
4739
5964
4588
5521
4469
5926
4471
5544
4704
6944
5781
3999
4178
3965
4529
4006
4591
4592
4296
4727
4222
4545
3888
5000
4049
4902
4096
4523
4424
4170
4595
4240
4649
4255
4961
4039
4452
4264
4653
4208
4327
8031
4846
4604
4555
5044
4995
4923
5018
5303
5249
4946
5146
5232
5084
4972
5028
5330
5189
4916
4972
5493
5032
4840
4873
5558
5394
4773
5003
5529
5227
4696
4901
5675
4742
8601
5409
5594
4874
6837
5504
6709
6023
5760
6342
2009
640
4608
0
0
0
0
0
4116
4843
4815
4697
4707
5001
4882
5024
4308
4546
4246
4265
4364
5345
4776
5408
4769
5737
4422
5688
4593
5667
4568
5449
4717
5619
4753
5621
4561
5568
4557
5646
4847
5365
5033
5586
4700
5341
4857
5329
4822
5633
7281
4890
3973
4112
3946
4407
4203
4559
4462
4298
4733
4218
4449
4122
4920
4082
4742
4493
4319
4387
4211
4688
4202
4316
4691
4748
4028
4459
4577
4351
4090
4436
8107
4645
4768
4465
5092
4905
4969
4891
5526
5132
4891
5190
5430
4824
4891
5171
5658
4755
4895
5279
5484
4750
4910
5098
5582
4927
5103
5251
5410
4811
4827
5501
5263
4826
8499
5394
5497
5007
6765
5705
6592
6124
5756
6184
1704
640
4608
0
0
0
0
0
4495
4826
4749
4702
4700
4973
4927
5045
4221
4672
4098
4321
4429
5331
4778
5137
5066
5829
4451
5193
5040
5452
4816
4855
5599
5333
4832
4803
5580
5223
4764
4984
5444
5138
5204
5060
5318
5042
5184
4731
5140
5482
7689
4460
3998
4103
3950
4443
4064
4534
4595
4198
4920
3988
4743
3890
5252
3847
4955
4207
4549
4220
4224
4922
4073
4350
4433
5107
3782
4810
4129
4915
3901
4898
7772
4464
4761
4696
5197
4799
4796
5223
5644
4659
4971
5274
5496
4602
4907
5226
5501
4953
5013
5117
5580
4791
4749
5703
5048
5039
4810
5739
5178
4748
4673
6006
5012
5840
7469
5430
5468
5088
7034
5211
7135
5557
5899
5945
1523
640
4608
0
0
0
0
0
4964
4909
4482
4969
4581
5060
4908
5119
4080
4572
4273
4164
4683
5216
4693
5238
5040
5629
4624
5215
4851
5659
4682
5359
4994
5290
5018
5239
4965
5125
4912
5694
4627
5225
5068
5685
4710
5198
4985
5382
4618
5492
7962
4391
4003
4024
3949
4342
4308
4477
4629
4102
4887
4121
4682
4014
4851
4107
4602
4506
4349
4478
4214
4748
4062
4343
4565
4734
4148
4472
4288
4483
4134
4407
8003
4724
4719
4358
5201
4895
5320
4659
5400
5074
5304
4906
5289
4979
5214
5018
5257
5229
4991
5038
5219
4918
5162
5212
4995
5237
5267
5267
4956
4951
5110
5318
4835
5879
14206
13957
1
5259
5195
4953
4787
5201
6198
14103
13996
