0
0
120
1081
1040
911
1083
1107
1062
904
1345
779
1409
488
1283
965
1473
521
1296
993
996
742
1251
699
1425
994
1157
434
1666
832
1359
793
2820
3948
653
0
5
293
511
467
531
618
314
508
62
0
0
0
0
0
0
0
51
3259
4175
4862
4634
4832
4259
4185
3395
3103
3414
3223
2100
1757
902
1131
787
1499
790
994
792
1387
877
824
815
1276
1124
852
842
1359
1015
694
921
1263
1137
751
1058
1324
962
808
917
1039
1445
817
865
1638
2393
1439
1493
1352
1281
816
1338
1205
778
1111
1109
1204
977
1195
1181
937
1029
1032
1261
1032
1134
1098
1188
1000
898
1269
1238
977
1837
1127
1806
2474
1460
1216
1143
902
1090
1149
928
925
1115
1100
935
892
1101
1094
1058
832
1118
900
1189
868
981
1090
1043
919
1007
1095
968
872
1000
1199
1341
1133
2647
1363
1224
554
683
557
379
397
58
0
0
0
0
0
0
0
130
3459
4187
4883
4678
4754
4221
4248
3277
3059
3456
3119
2274
1464
1024
980
983
1288
847
992
722
1499
725
1001
907
1363
897
1190
753
1100
1059
867
805
1373
973
999
755
1335
963
981
585
1344
1486
629
963
1700
2366
1386
1504
1340
1331
821
1199
1278
866
1046
1112
1207
972
1163
1225
1055
937
929
1350
1232
762
1303
1032
1190
703
1518
953
1010
1927
1123
1795
2482
1455
1127
1229
994
1116
968
979
965
1271
822
1021
817
1434
860
909
839
1428
820
1046
758
1420
887
935
803
1399
948
808
795
1280
1284
1101
1201
2659
1330
1204
555
654
508
456
375
42
0
0
0
0
0
0
0
193
3615
4237
4873
4662
4814
4270
4180
3319
2963
3593
2884
2164
1501
979
977
945
1395
863
1016
812
1349
982
815
757
1390
1095
763
756
1477
980
917
571
1532
1051
917
727
1364
958
944
873
971
1591
638
949
1743
2378
1316
1545
1347
1238
854
1275
1203
871
1120
1063
1287
905
1235
1097
1062
900
1231
1126
1266
731
1317
1082
1278
796
1243
1321
830
1792
1169
2048
2277
1572
979
1207
957
1329
724
1114
654
1512
778
1050
780
1489
811
1077
901
1348
831
898
755
1457
1035
823
813
1435
1036
649
877
1358
1313
966
1247
2714
1229
1111
542
648
482
472
334
24
0
0
0
0
0
0
0
333
3762
4322
4901
4558
4821
4262
4219
3189
3074
3600
2856
2018
1454
1123
770
1102
1263
970
896
847
1255
1098
809
967
1124
1208
587
1041
1170
1039
674
870
1590
969
816
721
1555
965
710
860
1373
1330
718
954
1924
2165
1304
1544
1309
1253
936
1192
1298
846
1138
1074
1172
895
1169
1232
1011
1019
1020
1302
1130
892
1143
1200
1115
827
1389
984
941
1938
1102
1793
2538
1439
1081
1213
1027
1151
916
1163
712
1285
851
1127
777
1329
908
1102
899
1197
929
936
932
1112
1167
769
1028
1082
1129
600
1191
997
1258
3077
3275
1038
1109
822
1514
1164
881
980
1285
1048
930
9059
10989
10708
10659
10218
10116
9387
10282
9807
10277
9881
9613
10071
9566
9573
9807
10016
9943
9700
10081
10150
10552
9571
9727
10062
10130
9812
9610
10190
10276
9682
9981
10443
9042
3415
3281
