0
0
19998981105011064710614866814313990610711553114891718
16301297
1385
971
1204
497
1393
938
1098
1041110109655113541133668721712
106511783225313392766600023312944514342395439314953612710774275521355321538831624131621731618631636911286491126101165101134101165101145101166101087839501615141614311615751614371614961614691615211614541614221614351615351614431514671614301614671614471614561514121614911614391614211615241615301614491614711614221714751614491613961614671614551514281614551411611514911815671715111715671714921715581715131715591715091715451715381715141715881715361715621715251715461715041716071715791715341714941715121715481715901715261716051715311715711714581715304034910984219752242811411112361122111067810011962111348101778211998111001109489891955
1102
991
1039
882
1036
1004
1148
831
1131
1059
995
813
1084
1120
999
868
1584
1128
2506
1791
772
783
441
375
574
330
74
4201
13469
15272
16263
15936
16213
16098
12886
11396
11842
11420
11759
11465
11571
10794
9504
15308
14330
15528
14576
14939
14098
14744
14240
14595
14813
14657
14565
15016
14267
15301
14045
14770
14103
15090
14435
14627
14166
14890
14389
14323
13864
15091
14900
14710
14039
15432
14348
14194
10801
15582
15823
15922
15616
15280
15649
15168
15739
15365
15451
15598
15398
15804
15299
15284
15485
15079
15504
16108
15697
15769
15586
14909
15053
14931
15545
15447
15093
15990
14878
15722
2642
988
2096
2297
1457
1202
1287
961
1028
1082
1196
863
777
1111
1374
680
1040
892
1373
901
895
780
1428
949
910
876
1295
1022
833
701
1504
1025
776
712
1741
1249
2428
1751
745
845
439
341
606
306
123
5557
13303
15602
15908
15998
16056
16077
12327
11177
12009
11325
11671
11289
11580
10804
9907
14979
14859
15314
15055
14730
14405
15383
14780
14615
14450
14561
14728
14359
14218
15124
14339
14329
14284
15315
14412
14175
14576
15130
14797
13884
13909
14984
14747
14544
14323
14669
14689
13992
10518
15906
15694
15652
15840
15471
15416
15172
15344
15829
15761
15629
15237
15939
14971
15376
14616
15952
15619
15861
15600
15190
15244
15664
15202
15483
15047
15348
14929
15455
15252
14289
1866
956
2339
1969
1505
1213
1402
785
1112
775
1467
708
1012
817
1443
771
1083
910
1351
892
877
832
1509
914
720
789
1508
1115
696
809
1502
1021
753
1000
1425
1353
2592
1529
667
864
405
370
420
399
11
6870
12937
15490
16077
15943
16287
16143
11666
11207
11704
11571
11586
11346
11550
11012
9893
14960
14458
15231
14917
14620
14855
14870
14956
14463
14713
14706
14414
14443
14305
14968
14516
14442
14454
14753
14898
14474
14805
14940
14380
14253
14767
15374
14682
14373
14618
14978
13932
13949
10715
15846
15787
15845
16564
15600
15079
15196
15592
15419
15053
15011
15321
15910
15373
15589
15670
15305
14929
15098
15594
15645
15579
15182
15598
15676
15488
15638
15652
15776
15104
15523
1716
1010
2122
2308
1388
1291
1254
885
1152
929
1242
836
1049
778
1360
807
1084
901
1336
960
861
951
1176
980
879
918
1225
1067
714
1096
1114
1157
674
1225
3079
3453
5
2908
3557
