0
0
89
955
1116
1104
781
1203
1236
10391672
1453
763
1506
367
1382
925
1320
595
1287
978
1029
876
1097
838
1374
1077
1026
602
1636
798
1607
2215
4069
678
0
17
230
525
321
543
650
450
358
114
140
0
0
0
0
0
56
3308
4550
4555
4668
4598
4329
4204
3615
3517
2638
3787
2087
1070
1347
984
982
965
1074
1241
602
1058
1118
1095
753
877
1331
1045
813
780
1387
935
773
788
1800
689
1028
692
1590
664
1156
820
1532
868
718
1685
2405
1456
1254
1555
1219
1018
1227
1027
1106
780
1293
1197
1034
961
1182
1244
867
1107
1119
1110
1051
1102
1241
940
1019
1014
1418
965
1706
1319
1995
2347
1415
1321
1159
783
1247
1044
1084
781
1067
1137
1059
783
1045
1164
1145
826
1007
1072
1067
768
1113
1081
1080
722
1089
1258
1030
562
1186
891
1640
1025
2848
1223
988
638
754
445
365
439
10
0
0
0
0
0
0
0
202
3400
4634
4581
4647
4638
4245
4149
3579
3440
2773
3671
1815
1307
1247
1093
724
1299
950
1147
589
1213
1010
1116
882
947
1017
1419
654
935
988
1376
604
1089
1232
979
782
939
1449
821
858
871
1790
695
682
1848
2337
1443
1317
1370
1352
974
1239
1065
1166
740
1226
1221
1002
1080
1136
1164
1038
833
1167
1316
986
928
1461
890
901
1191
1153
1219
1634
1256
2168
2229
1363
1366
1206
710
1176
1102
1090
806
989
1173
1111
646
1241
1200
1076
664
1139
984
1249
596
1082
1094
1159
681
1080
1229
1064
657
993
1255
1367
1136
2869
1142
953
780
637
491
367
308
9
0
0
0
0
0
0
0
377
3547
4606
4575
4607
4639
4277
4161
3432
3530
2711
3713
1752
1157
1318
986
845
1260
996
1085
731
1297
962
1058
716
1096
1126
883
972
835
1368
892
838
904
1472
886
976
647
1594
759
1040
862
1685
653
707
1928
2249
1457
1298
1389
1353
927
1302
998
1187
671
1339
1200
1085
873
1309
1050
1029
1036
1158
1124
1002
1062
1286
1142
842
1221
1152
1220
1598
1217
2338
2094
1451
1318
988
996
1117
1081
989
751
1206
981
1176
612
1273
1082
1132
832
1049
1086
1005
767
981
1327
899
871
947
1362
842
1008
769
1683
941
1369
2750
1132
909
619
627
424
450
427
13
0
0
0
0
0
0
0
667
3792
4353
4851
4513
4659
4243
4182
3313
3330
3064
3510
1579
1128
1226
1096
842
1192
1032
1093
796
1093
894
1251
886
872
1137
1152
865
641
1206
1113
867
848
1291
1140
791
980
1269
984
823
1270
1280
790
809
1996
2130
1425
1341
1338
1481
780
1293
1077
1068
830
1198
1278
960
1092
1178
1084
1033
949
1215
1038
1096
915
1531
926
996
982
1327
971
1732
1266
2268
2022
1414
1328
1302
765
998
1157
1274
644
1031
1043
1230
701
1074
1195
1182
784
868
1134
1082
840
855
1295
1109
881
746
1407
881
870
844
1435
3054
3355
7
1123
1092
751
1071
1091
1134
634
1157
1274
2981
3471
