18987118987118833118686118618118681118679918051018051018621018109918510517610118610118110318698917101818100518983511004711026411009611039519935
10217
9856
10748
9939
9783
9258
8961
3554
4039
3475
8870
8846
8990
9029
8502
8805
9013
8707
11662
13566
443
441
148
2
160
5
0
297
3105
4526
4667
4976
4528
4256
4241
4069
7360
7302
7301
6955
5725
5857
5457
5672
5683
5448
5631
5498
6029
4841
5455
5858155161548475599058144549725729
885
1370
1001
754
984
1482
912
713
933
1235
895
1395
929
837
1765
2227
1676
1375
1415
978
1250
1220
968
891
1148
1242
956
1199
1160
1061
1007
911
1268
1033
1027
1071
1263
1096
924
1143
1193
1123
842
11275
17214
17481
17212
16817
17162
17023
17221
17348
17233
17033
16869
17009
16992
17303
16744
17286
16981
16904
17528
16911
17656
16975
17409
16940
17180
16863
16924
17321
17169
16948
17111
17062
16595
11769
16761
15959
15796
1539991579881549211586991110121122821443
4483146
5
7
0
0
81
3408
4283
4866
4604
4833
4048
4592
3154
3028
3306
3400
2534
1047
979
1008
1239
807
1035
859
1366
747
939
798
1538
774
1261
780
1168
912
975
820
1360
893
944
817
1424
829
997
570
1532
832
1398
871
938
1768
2199
1620
1404
1455
859
1251
1293
951
965
1027
1318
908
1256
1163
1079
1001
928
1264
1156
807
1160
1248
1167
575
1538
977
1179
833
12110
17678
17635
17077
17114
17392
16901
17150
17038
16791
17296
17121
17512
16981
16924
17443
16850
17036
16814
17787
17046
17600
16623
17727
17046
16678
16676
17003
17303
16868
16605
17655
17172
16344
11956
16412
15624
15956
15445
15322
15469
15436
15298
12819
9230
0
26
3
5
5
0
0
124
3603
4233
4898
4547
4964
4012
4547
3198
3012
3203
3338
2567
968
958
907
1411
816
1092
925
1229
973
862
718
1410
1021
862
703
1475
970
897
599
1447
1090
862
778
1413
1004
879
783
1308
878
1387
729
1008
1890
2087
1661
1418
1344
942
1248
1282
942
972
1054
1290
959
1271
1038
1139
938
1007
1183
1227
767
1297
1131
1299
731
1201
1239
944
1082
13800
17781
17550
17362
16865
17275
16873
17539
16617
17464
16748
17709
17110
17022
16990
17520
16771
17055
17026
17410
16783
17260
17001
17781
17228
16727
16910
17528
16927
16690
16596
17704
17210
14486
13620
16313
15316
16050
15245
15661
15411
15329
15622
13134
7869
0
22
8
1
4
0
0
267
3876
4433
4782
4720
4661
4183
4427
2978
3055
3222
3539
2168
1187
730
1102
1213
878
968
1012
1118
1102
847
999
1129
1145
588
1046
1207
1054
700
823
1504
959
890
676
1653
911
666
734
1638
626
1614
710
970
1980
2059
1578
1452
1363
890
1263
1358
877
1031
1051
1298
848
1159
1197
1058
988
960
1297
1114
957
1091
1344
1036
876
1228
1046
977
934
13558
18000
17636
17061
16938
17086
17162
17504
16588
16945
17044
17260
16909
17161
16969
17296
17092
16942
16906
17430
17066
17066
17107
17401
17128
16778
16958
17228
17296
16792
17202
17298
16930
14720
3169
3571
10089
9815
9702
10649
9671
8850
3646
3486
