203.54
135.316
140.79
137.091
133.859
136.869
135.179
136.801
133.831
137.038
135.417
134.99
136.252
137.138
135.022
134.246
139.02
134.292
135.598
133.934
138.797
134.809
134.773
136.986
137.006
136.041
135.25
137.588
135.653
135.878
135.836
138.49
133.953
135.323
138.656
135.081
134.64
137.27
137.647
135.325
133.81
137.813
136.276
133.387
135.897
138.685
135.208
135.138
135.123
136.791
135.403
134.728
141.967
134.717
136.685
135.198
136.092
135.184
133.472
131.61
487.133
184.269
169.344
149.264
158.599
210.847
4992.94
7457.74
7566.76
7646.61
7690.17
7631.51
7524.04
7426.96
7233.82
5844.15
5727.6
5890.33
5195.83
5492.82
4936.36
4670.24
4285.23
4389.22
4531.52
4683.82
4920.64
3891.66
4452.33
4208.11
4417.33
4650.89
4837.13
5508.28
3350.87
3864.23
3488.19
3783.91
3685.66
3839.16
3974.02
3590.11
3262.06
2769.06
2868.88
2972.91
2981.48
3196.42
3291.24
3135.85
2955.65
2719.98
2797.79
3062.09
2792.6
3121.45
2512.42
2388.53
2657.59
2603.43
2135.72
1723.64
1373.88
277.348
265.572
327.042
597.812
550.875
863.494
1015.88
1014.17
1055.57
1025.97
825.341
515.122
3917.82
4058.8
3187.49
2966.72
2635.31
2437.09
2344.01
2360.17
2509.36
2442.12
2640.04
2758.02
2805.94
3035.75
3408.13
3339.37
3364.34
3555.76
4186.88
3953.09
3814.82
4172.13
4421.66
4468.77
3442.5
3315.51
3368.12
3494.06
3732.85
3567.57
3705.07
3666.37
4040.68
3884.21
3819.7
4090.64
4002.45
3567.87
2692.84
1993.66
1287.25
1023.28
940.449
963.576
953.163
922.235
983.227
707.031
416.058
253.182
554.559
684.146
897.622
876.63
943.847
983.241
973.816
963.534
807.839
530.018
2693.93
5134.87
4634.46
4858.13
4208.77
3724.22
3305.99
3012.86
2733.21
2693.59
2492.19
2758.85
2789.6
2502.89
2726.18
2833.02
2824.49
3058.96
2871.16
3144.78
3140.86
3719.39
3266.04
3381.42
3292.43
2696.03
2856
2935.89
3086.69
3114.85
3200.04
3094
2875.3
1952.07
1873.1
1922.8
1417.57
1402.39
1424.19
1423.95
1437.29
1478.11
1450.76
1516.8
1358.37
970.621
980.432
623.145
322.853
243.685
329.752
441.99
677.466
878.923
981.147
994.909
982.759
901.814
601.176
343.563
3085.59
4650.32
4753.22
4280.3
4343.16
3808.06
4201.16
4666.94
4388.64
4544.47
4368.51
4077.82
3560.59
3170.2
3525.96
3420.18
3236.11
3303.48
3600.24
3591.22
3765.06
3506.83
3968.74
3585.72
2952.13
2906.89
3088.83
3134.53
2839.29
2744.45
2561.08
2830.86
2365.39
2419.66
2497.37
2672.98
1960.4
2079.8
2126.17
2149.79
1836.22
1869.81
1464.79
936.639
895.143
458.954
176.252
173.844
