30.3233
5.24556
4.73941
4.9256
5.33941
4.49294
4.83265
4.92111
4.62209
4.56934
4.64481
4.81735
4.84419
4.93278
5.53303
4.80774
4.99132
4.47678
4.76508
4.92981
4.79772
4.89385
4.92252
4.94518
5.97811
4.91712
4.89964
5.35109
4.90027
4.96721
4.92606
5.17647
4.36007
4.52033
5.43437
4.74213
4.77641
4.74216
4.92505
4.31116
4.72881
4.77565
4.5836
4.97805
5.76141
4.88828
4.9731
4.95759
4.73631
4.95399
4.17685
4.84321
5.89694
4.83516
4.98132
5.50023
4.82656
4.64617
4.82778
4.4535
16.0012
4.28696
3.85
3.91473
3.79899
4.8545
34.1431
32.9998
33
33
33
33
33
33
33
32.9968
32.9618
32.9821
33
33
32.8826
32.9905
32.9247
33
32.8999
32.9992
32.9996
32.9817
32.9631
32.8646
32.902
32.8826
32.9987
32.8347
32.1398
32.6128
31.6033
32.9982
32.894
32.747
32.2434
32.7223
30.4642
30.0962
28.3338
32.3656
30.2395
30.5662
30.8588
29.8951
31.733
26.2515
29.3131
26.7839
30.5244
29.7557
27.423
21.5565
22.1508
22.5114
23.0381
18.219
18.8666
6.8697
19.4717
8.7665
12.1094
11.9549
14.1879
14.8911
15.7295
15.9862
15.775
13.755
11.6904
29.2235
33
32.9971
32.9434
32.3595
32.7561
31.3534
30.623
32.5064
32.5525
31.612
32.6029
32.1788
32.7422
32.4701
32.9934
32.7236
32.9996
32.7963
32.9985
32.9854
32.9954
32.9814
32.9996
32.7801
32.8941
32.3439
32.5198
33
32.9822
32.952
32.4746
32.8619
32.9395
32.9014
32.5693
32.7765
33
31.588
27.507
21.8437
15.6176
16.3423
14.1067
16.9343
14.7984
16.5378
14.5307
10.6132
7.24924
12.2227
13.0943
14.8799
14.964
15.7047
16.4505
15.6076
15.4325
14.3694
14.9057
19.9026
32.8609
32.9884
33
32.8612
32.9504
32.8154
32.8528
32.8865
32.8853
32.5009
32.4754
32.8028
31.7833
32.1973
32.6275
32.883
32.4588
31.7478
32.9826
32.4588
32.9614
32.9111
32.9811
32.9715
32.0675
31.719
31.4692
32.5571
32.4701
32.5062
31.1689
32.4389
28.2345
23.3504
21.4675
20.5058
19.6371
18.4568
20.2468
22.4658
19.643
18.2431
19.746
18.0952
14.526
14.1734
14.4267
9.90559
23.9185
9.93891
12.405
12.7048
14.0321
14.1315
15.1107
14.7637
15.2303
13.9689
9.98468
22.3743
33
33
32.8969
33
32.6238
32.9905
32.9508
33
32.9998
32.9982
32.9321
32.9871
32.9879
32.9399
32.928
32.8274
32.1137
32.8127
32.7135
32.93
32.8445
32.8193
32.9084
32.9719
31.2401
31.6433
32.7507
31.3107
31.0649
30.7286
31.6775
28.9122
27.4455
27.512
29.0762
24.99
26.7969
25.7107
25.4116
22.7965
23.8396
20.2302
15.459
15.407
14.8018
4.85496
5.08772
