2619
2200
2198
2194
2200
2199
2196
2197
2195
2196
2200
2194
2200
2192
2200
2199
2195
2199
2192
2198
2199
2199
2198
2193
2198
2199
2196
2201
2190
2200
2195
2198
2198
2193
2199
2195
2199
2203
2192
2199
2198
2197
2199
2191
2197
2197
2197
2197
2196
2198
2198
2198
2199
2193
2199
2199
2195
2200
2013
1391
834
234
183
261
202
386
1318
4222
4180
4136
4110
4138
4143
4193
4170
4446
4477
4482
4587
4595
4735
4878
5007
4932
4891
4872
4694
5104
4853
4950
5050
4908
4714
4726
5029
4843
5025
4892
4878
4787
4733
5014
4733
5128
5061
4937
5051
4838
4728
4955
5069
4711
4595
4433
4667
4435
4595
4359
4211
4224
4239
4297
4058
2953
2344
5383
6955
7474
7398
7578
7577
7528
7403
7523
7466
5094
6125
6634
6531
7012
7021
7132
7095
6915
7043
6730
6489
6524
6213
6146
6049
6225
5731
5585
5813
5338
5221
5336
5289
5221
5236
5228
5311
5067
5017
4823
4941
4886
4869
4967
4875
4944
4971
4927
5058
5009
4750
5050
5006
5010
5114
4959
4984
4654
2979
6919
7068
7312
7090
7546
7611
7769
7492
7509
6885
4872
5519
5669
5744
5824
5967
6199
6460
6638
6682
6983
6654
6667
7030
6682
6603
6475
6338
6434
6181
6036
5686
6019
5681
5885
5623
5628
5500
5433
5376
5228
5126
5383
5714
5432
5243
5629
5149
5020
5072
5010
5019
4973
4899
4985
4835
4797
4881
3928
2816
6116
7133
7264
7116
7060
7369
7422
7569
7598
6733
3770
5738
5769
5898
5877
5986
5774
5534
5636
5634
5448
5594
5758
6112
5961
5989
6038
5727
5597
5599
5624
5740
5497
5456
5344
5505
5313
5320
5522
5505
5370
5210
5654
5557
5363
4983
5431
5223
5216
5144
5499
5336
5237
5013
5026
4475
3079
3117
