736.739
216.857
209.945
201
108
339
223.5
0
108
108
262
108
222
108
222
108
108
222
108
222
157.714
108
222
280.5
108
108
108
165
222
128.727
146
165
108
108
108
108
165
108
108
165
223.5
108
108
108
146
222
108
184
184
108
108
108
108
261
165
108
108
138.5
176.727
129.714
1095.88
120.529
0
110.842
110.88
199.435
5103.51
7033.27
7187.69
7311.18
7407.92
7379.94
7318.55
7233.77
7118.11
5911.91
5810.71
5973.09
5325.24
5585.14
5074.49
4903.81
4486.21
4588.2
4701.71
4808.75
5026.25
4040.3
4660.09
4347.76
4634.18
4851.65
4867.95
5517.57
3498.81
3963.75
3624.83
3937.86
3766.09
3936.72
4046.44
3673.55
3346.57
2884.78
2992
3136.54
3098.31
3278.92
3360.79
3241.69
3037.73
2780.83
2860
3100.56
2918.04
3144.61
2513.67
2393.47
2644.48
2616.47
2108.47
1675.46
1274.2
248.764
414.678
388.54
659.47
578.323
875.467
995.847
978.622
1009.11
1019.24
792.534
532.684
4491.09
4202.34
3303.9
3109.57
2779.94
2585.8
2444.64
2552.04
2608.82
2635.45
2789.02
2901.76
2905.86
3139.15
3575.69
3466.05
3518.88
3623.94
4245.02
4025.67
3808.88
4182.41
4462.83
4581.68
3451.5
3391.62
3425.57
3516.8
3762.68
3647.45
3732.33
3654.31
3998.4
3894.16
3823.51
4084.52
4003.85
3555.58
2709.77
2010.23
1283.07
1004.64
931.866
951.108
930.832
897.211
945.588
680.111
479.973
260.611
544.095
705.616
912.077
882.573
916.319
978.89
958.376
963.817
818.681
552.564
4257.19
5051.01
4653.82
4826.24
4202.43
3731.87
3368.46
3098.44
2825.62
2747.47
2619.81
2805.37
2848.05
2634.28
2848.7
2893.15
2906.2
3146.43
2977.82
3243.42
3163.97
3770.03
3312.89
3415.57
3334.94
2774.67
2900.61
2975.39
3125.4
3153.02
3218.52
3149.72
2940.23
2019.83
1940.75
1968.62
1420.35
1393.23
1405.92
1400.93
1411.6
1462.17
1439.87
1487.62
1330.43
947.658
959.116
607.11
286.062
494.144
351.796
419.511
709.041
919.37
1028.81
1036.1
1015.36
1060.71
709.345
471.147
4593.36
4768.06
4815.39
4344.71
4379.57
3841.29
4403.13
4664.29
4535.48
4545.83
4370.25
4148.41
3671.23
3288.72
3527.36
3529.92
3342.59
3400.47
3652.13
3639.56
3792.45
3592.82
4032.96
3647.83
3025.7
2983.29
3138.87
3198.08
2893.71
2811.84
2646.42
2840.65
2450.97
2497.99
2556.8
2702.34
2052.61
2193.33
2182.68
2206.4
1934.39
1971.24
1531.28
957.437
928.056
489.516
135.321
142.471
