40.5929
2
2.60377
2
0
0
2
0
2
0
2
0
0
0
0
2
0
0
2
0
2
2
0
2
0
0
2
2
0
2
2
2
2
2
2
2
2
2
2
2
2
2
2
2
2
2
2
2
2
2
2
2
2
2
2
2
2
2
2.45
2
57.9052
2
0
2
2
3.93023
41.3473
38.7208
33.9296
34.8426
34.7544
34.8893
33.959
33.7578
33.6885
33.6141
33.3584
33.8861
32.6584
32.9363
32.4551
31.8235
29.8033
32.7147
30.596
31.0431
32.2486
29.0356
33.8176
30.6962
30.108
29.8047
30.8704
31.55
26.6149
29.9828
27.5889
31.3929
30.3181
28.9907
31.0294
27.2074
29.2052
25.0682
23.2537
26.9219
24.3937
23.9065
27.2407
25.1764
25.4207
22.2947
25.7546
24.4636
26.1128
27.1155
21.7475
20.3787
21.514
19.8328
20.1918
16.1842
15.5695
6.45035
27.5871
4.69054
7.12
4.67826
6.03077
5.97115
5.62357
4.78986
6.29454
4.99801
4.98116
30.4707
26.4433
18.0705
20.427
14.1849
12.4672
11.5916
12.947
13.3865
16.4464
16.4375
17.4325
16.7056
17.6243
21.2678
21.4691
20.0015
22.9662
22.1062
22.8882
24.0415
25.8632
24.789
26.647
23.6696
25.0453
22.9733
21.7311
24.9793
23.3076
24.5939
23.6719
25.6696
24.2043
23.9324
26.1556
25.8449
24.4612
23.418
17.3067
14.7224
12.6521
11.0838
11.6709
10.9689
9.42152
11.673
10.6987
13.2938
3.40256
5.44973
7.20118
6.29272
6.36456
5.3871
6.47957
5.55959
6.14836
6.59842
7.26012
27.0668
26.9907
23.9337
22.5923
21.7991
20.8943
18.2151
17.3915
15.9246
13.9289
17.3822
14.585
14.9077
13.2741
15.1274
15.7291
16.2884
16.752
16.3568
17.8322
18.0231
22.2661
21.777
20.705
19.7053
18.235
18.0697
18.3198
23.1758
20.4842
22.6125
19.772
23.1933
15.8654
16.1216
16.7901
12.3207
13.4593
13.1144
11.7535
12.9745
12.4205
12.831
13.6313
13.1569
11.8883
11.851
10.5427
6.92885
38.4134
3.57908
4.34118
6.75208
5.8382
6.56177
6.5435
7.06076
7.303
5.66866
5.60116
35.6068
23.8503
24.6092
23.5443
21.1612
18.9893
20.9735
24.656
24.1565
22.893
22.9428
22.163
21.8767
20.2465
19.0458
20.9929
19.9731
19.8558
21.0058
21.4118
20.6966
19.6141
21.9596
22.3799
23.7475
19.9498
19.6909
22.1924
20.53
18.6564
21.4628
19.2641
16.9504
18.1452
18.8372
21.9504
16.4695
17.0784
18.405
17.1396
14.959
18.2619
13.9373
10.6955
11.4859
9.9165
3.98225
3.99939
