352
7
55
8
1
1
2
0
2
1
3
1
1
1
1
2
1
1
2
1
7
2
1
2
1
1
2
2
1
11
3
2
3
3
2
2
2
2
3
2
2
3
2
2
3
2
3
3
3
2
2
2
2
3
2
2
3
30
22
21
489
17
0
57
25
92
1257
4212
4110
4069
4052
4007
3979
3940
3890
3705
3692
3632
3500
3509
3331
3215
3091
3189
3240
3192
3351
2996
3288
3187
3051
3210
3397
3513
3065
3231
3076
3165
3166
3258
3325
3078
3277
2935
2993
3098
3018
3177
3268
3127
3013
3287
3383
3516
3323
3531
3403
3579
3728
3714
3682
3648
3339
2564
1403
744
1082
922
1239
940
964
968
1121
1011
748
2351
2345
1742
1867
1376
1353
1251
1292
1423
1313
1605
1784
1763
2032
2120
2184
2029
2438
2608
2409
2807
2916
2829
2918
2903
2867
2855
2801
3002
3046
3203
3127
3180
3177
3098
3164
3116
3122
3111
3000
3025
3227
2953
3017
3000
2923
3052
2841
2461
316
1307
1530
1472
1681
1151
1204
970
1252
1270
1341
1731
2924
2665
2569
2475
2323
2106
1864
1681
1628
1392
1673
1637
1335
1632
1689
1799
1934
1853
2067
2209
2500
2203
2489
2345
2518
2549
2656
2706
2742
2895
2938
2739
2444
2712
2816
2517
2894
3007
2962
3024
3007
3036
3104
3051
3152
3190
2934
2325
1139
788
939
1086
1272
1292
1028
1011
875
841
692
1414
2550
2525
2368
2385
2256
2418
2663
2623
2632
2738
2610
2435
2093
2259
2261
2207
2436
2607
2570
2519
2425
2618
2671
2735
2608
2773
2758
2602
2600
2719
2863
2474
2549
2712
3057
2653
2824
2836
2898
2594
2727
2813
2990
2977
2535
1749
1631
