90172.4
4.57121e+06
581608
3.9998e+06
3.19999e+07
3.19997e+07
1.59998e+07
inf
1.59999e+07
3.19999e+07
1.06664e+07
3.19999e+07
3.19998e+07
3.19999e+07
3.19998e+07
1.59999e+07
3.19999e+07
3.19998e+07
1.59999e+07
3.19998e+07
4.57127e+06
1.59999e+07
3.19998e+07
1.59997e+07
3.19999e+07
3.19999e+07
1.59999e+07
1.59998e+07
3.19998e+07
2.90896e+06
1.06665e+07
1.59998e+07
1.06666e+07
1.06666e+07
1.59999e+07
1.59999e+07
1.59998e+07
1.59999e+07
1.06666e+07
1.59998e+07
1.59998e+07
1.06666e+07
1.59999e+07
1.59999e+07
1.06665e+07
1.59998e+07
1.06666e+07
1.06665e+07
1.06665e+07
1.59999e+07
1.59999e+07
1.59999e+07
1.59999e+07
1.06664e+07
1.59998e+07
1.59999e+07
1.06666e+07
1.06653e+06
1.45437e+06
1.52368e+06
64343.8
1.88223e+06
inf
561293
1.27989e+06
347627
20353.9
564.075
598.2
553.161
489.411
606.083
723.67
888.054
1108.11
2725.07
2856.68
2837.49
3817.62
3534.26
4532.23
5049.53
5866.43
5446.3
5174.83
5216.31
4523.14
6640.61
5072.27
5693.03
5854.18
5117.2
4552.13
3591.46
6941.64
5940.3
6778.29
6172.72
6341.3
5885.26
5577.62
6722.81
6418.46
8018.12
7699.62
7192.7
7504.74
6793.48
6431.13
6991.76
7582.92
6954.49
6599.06
6000.69
6711.81
5917.98
6889.8
6547.58
5939.21
5999.57
6582.46
7096.47
8309.51
12231.7
22393.6
42622.2
28915.4
34128.8
24951.8
33046.7
32216.4
32048.7
27526.7
30859.3
42248.1
9120.14
9443.72
15065.8
14030.2
20475.9
21065.3
23134.9
22215.8
19878.9
21736.2
17148.7
15035.5
15245
12608.9
11518.7
11186
12252.4
9501.57
8024.92
9257.85
7591.19
6791.53
6848.59
6384.74
7571.58
7769.87
7782.84
7907.7
6896.88
6858.13
6258.31
6579.14
6064.49
6178.24
6505.74
6029.26
6265.73
6694.26
7576.31
8656.43
9295.44
8911.69
9904.57
9655.45
9735.83
10050.4
9539.34
10583.5
12522.9
101005
23939.5
20209.4
20827.1
18153.7
26885.6
25599.2
32031.3
24595.3
24378.2
23310.2
14229.2
5892.9
7353.68
7629.97
8726.86
10043.4
11826.2
14068.9
16210.7
16908.6
20368.7
16321.9
16699.9
21335.8
16759.1
16053
14881.5
13399.6
14291.5
12238
11322.2
9029.97
11212.8
9441
10311.1
9933.82
9653.33
9072.8
8700.18
8517.29
7835.02
7742.05
8742.87
11073.5
9858.66
9395.02
11293.2
9664.13
9235.92
9402.58
9170.41
9179.67
9100.32
8821.66
9157.93
9204.63
9072.23
10299.5
13477.4
27600.7
40257.3
33659.3
28756.9
24237.9
23739
30092.3
30636.5
35510.7
37340.6
45771.6
18037.5
7780.96
7857.88
9168.81
9037.62
10343.1
8830.95
7352.23
7664.29
7612.22
7317.11
8112.12
9470.45
12000.3
10638.2
10623.1
11156.7
9735.82
8622.52
8811.8
8911.01
9603.06
8190.11
8332.7
8674.48
9286.65
8400.98
8404.53
9404.52
9495.85
9122.61
8336.43
10483.5
10055.9
9242.61
7765.44
10009.2
9138.12
9100.81
8835.7
10401.8
9763.26
9844.47
9744.9
9821.02
12133.8
18160.8
19477.4
