This file contains any messages produced by compilers while
running configure, to aid debugging if configure makes a mistake.

It was created by esesc configure 2, which was
generated by GNU Autoconf 2.59.  Invocation command line was

  $ ../sesc/configure --enable-smp

## --------- ##
## Platform. ##
## --------- ##

hostname = cycle3.cs.rochester.edu
uname -m = x86_64
uname -r = 3.12.9-201.fc19.x86_64
uname -s = Linux
uname -v = #1 SMP Wed Jan 29 15:44:35 UTC 2014

/usr/bin/uname -p = x86_64
/bin/uname -X     = unknown

/bin/arch              = x86_64
/usr/bin/arch -k       = unknown
/usr/convex/getsysinfo = unknown
hostinfo               = unknown
/bin/machine           = unknown
/usr/bin/oslevel       = unknown
/bin/universe          = unknown

PATH: /home/vax6/p28/compiler2/BenchmarkPrograms/spec-cpu2006/bin
PATH: /u/rlavaee/usr/local/bin
PATH: /u/rlavaee/build-binutils/binutils
PATH: /u/rlavaee/build-binutils/gold
PATH: /usr/staff/bin
PATH: /usr/ccs/bin
PATH: /opt/SUNWspro/bin
PATH: /bin
PATH: /usr/bin
PATH: /usr/openwin/bin
PATH: /usr/dt/bin
PATH: /usr/bin/X11
PATH: /usr/gfx
PATH: /usr/local/bin
PATH: /usr/sbin
PATH: /usr/ucb
PATH: /usr/bsd
PATH: /usr/vision/bin
PATH: /usr/grads/bin
PATH: /usr/java/bin
PATH: /u/rlavaee/build-llvm/Debug+Asserts/bin
PATH: /u/rlavaee/loca/gem/lib


## ----------- ##
## Core tests. ##
## ----------- ##

configure:1663: creating ./config.status

## ---------------------- ##
## Running config.status. ##
## ---------------------- ##

This file was extended by esesc config.status 2, which was
generated by GNU Autoconf 2.59.  Invocation command line was

  CONFIG_FILES    = 
  CONFIG_HEADERS  = 
  CONFIG_LINKS    = 
  CONFIG_COMMANDS = 
  $ ./config.status 

on cycle3.cs.rochester.edu

config.status:651: creating Makefile
config.status:651: creating Make.defs

## ---------------- ##
## Cache variables. ##
## ---------------- ##

ac_cv_env_build_alias_set=
ac_cv_env_build_alias_value=
ac_cv_env_host_alias_set=
ac_cv_env_host_alias_value=
ac_cv_env_target_alias_set=
ac_cv_env_target_alias_value=

## ----------------- ##
## Output variables. ##
## ----------------- ##

$1_OPT='326431_OPT'
ATOMIC_OPT=''
BUILD_DIR='/u/rlavaee/queue/build'
CLUSTER_ARCH_OPT='#CLUSTER_ARCH=1'
DEBUG_OPT='#DEBUG=1'
DEBUG_SILENT_OPT='#DEBUG_SILENT=1'
DEFCONF='smp.conf'
DEFEXEC='sesc.smp'
DEFS='-DPACKAGE_NAME=\"esesc\" -DPACKAGE_TARNAME=\"esesc\" -DPACKAGE_VERSION=\"2\" -DPACKAGE_STRING=\"esesc\ 2\" -DPACKAGE_BUGREPORT=\"renau@soe.ucsc.edu\ luisceze@cs.uiuc.edu\" '
DIRECTORY_OPT='#DIRECTORY=1'
ECHO_C=''
ECHO_N='-n'
ECHO_T=''
LIBOBJS=''
LIBS=''
LTLIBOBJS=''
MPCOH_OPT=''
NO_MERGELAST_OPT='#NO_MERGELAST=1'
NO_MERGENEXT_OPT='#NO_MERGENEXT=1'
PACKAGE_BUGREPORT='renau@soe.ucsc.edu luisceze@cs.uiuc.edu'
PACKAGE_NAME='esesc'
PACKAGE_STRING='esesc 2'
PACKAGE_TARNAME='esesc'
PACKAGE_VERSION='2'
PATH_SEPARATOR=':'
SESC_BAAD_OPT='#SESC_BAAD=1'
SESC_CHERRY_OPT='#SESC_CHERRY=1'
SESC_CRIT_OPT=''
SESC_DSM_OPT=''
SESC_ENERGY_OPT='#SESC_ENERGY=1'
SESC_INORDER_OPT='#SESC_INORDER=1'
SESC_MISPATH_OPT='#SESC_MISPATH=1'
SESC_SEED_OPT='#SESC_SEED=1'
SESC_SLICE_OPT=''
SESC_SMP_DEBUG_OPT='#SESC_SMP_DEBUG=1'
SESC_SMP_OPT='SESC_SMP=1'
SESC_THERM_OPT='#SESC_THERM=1'
SHELL='/bin/sh'
SRC_DIR='/u/rlavaee/queue/build/../sesc/src'
TASKSCALAR_OPT='#TASKSCALAR=1'
TOPSRC_DIR='/u/rlavaee/queue/build/../sesc'
TS_CAVA_OPT=''
TS_PROFILING_OPT='#TS_PROFILING=1'
TS_RISKLOADPROF_OPT='#TS_RISKLOADPROF=1'
TS_SPAWN_OPT=''
TS_VMEM_OPT='#TS_VMEM=1'
VALUEPRED_OPT='#VALUEPRED=1'
bindir='${exec_prefix}/bin'
build_alias=''
datadir='${prefix}/share'
exec_prefix='${prefix}'
host_alias=''
includedir='${prefix}/include'
infodir='${prefix}/info'
libdir='${exec_prefix}/lib'
libexecdir='${exec_prefix}/libexec'
localstatedir='${prefix}/var'
mandir='${prefix}/man'
oldincludedir='/usr/include'
prefix='/usr/local'
program_transform_name='s,x,x,'
sbindir='${exec_prefix}/sbin'
sharedstatedir='${prefix}/com'
sysconfdir='${prefix}/etc'
target_alias=''

## ----------- ##
## confdefs.h. ##
## ----------- ##

#define PACKAGE_BUGREPORT "renau@soe.ucsc.edu luisceze@cs.uiuc.edu"
#define PACKAGE_NAME "esesc"
#define PACKAGE_STRING "esesc 2"
#define PACKAGE_TARNAME "esesc"
#define PACKAGE_VERSION "2"

configure: exit 0
