173.565
138.225
132.627
130.719
132.073
133.712
131.571
135.582
130.006
130.596
132.67
135.294
132.607
133.663
133.472
131.128
131.224
127.777
132.944
132.468
130.528
130.61
131.281
126.719
137.424
128.341
133.88
130.197
132.509
130.1
126.924
130.641
130.358
130.849
127.401
132.517
123.734
130.135
130.552
134.026
125.356
133.572
127.045
127.579
127.856
128.09
129.051
126.627
132.088
126.184
127.493
127.344
129.77
125.31
130.99
128.557
128.968
123.79
129.435
126.706
121.782
447.651
203.908
195.857
172.212
175.302
166.514
383.532
324.009
402.594
567.92
607.345
661.818
718.703
969.065
633.714
613.523
830.138
731.325
576.492
723.464
441.203
387.773
369.56
328.524
203.88
238.077
284.347
272.221
266.326
229.922
222.694
219.068
368.723
689.93
739.931
814.686
857.573
791.525
699.479
719.578
557.989
518.245
413.559
332.809
409.191
388.172
323.616
321.322
238.704
221.794
214.961
244.768
224.363
287.011
289.131
233.517
215.014
203.566
292.122
298.852
562.906
828.487
840.104
918.107
688.684
665.631
580.486
523.306
636.33
444.941
321.383
352.871
330.575
304.194
287.889
209.945
198.59
238.052
178.226
293.916
295.629
223.816
210.707
189.156
315.335
346.121
366.861
422.012
386.229
382.618
414.176
370.806
418.319
354.068
375.602
310.493
308.555
210.308
198.015
