73
0
917
2178
1001
0
0
0
0
0
0
0
0
0
0
0
0
752
2168
1176
0
0
0
0
0
0
0
0
0
0
0
0
655
2096
1290
55
0
0
0
0
0
0
0
0
0
0
0
618
1967
1351
160
0
0
0
0
0
0
0
0
0
0
4
0
0
6
2
65
1166
2582
1828
1938
1215
1328
587
490
1462
1843
887
572
775
1638
1312
2294
1016
1305
396
315
1053
485
2496
143
2748
50
1352
1301
561
519
391
621
697
1015
1016
984
2955
2066
1353
2922
2972
1140
1586
1776
519
450
22
1956
1153
1836
1490
1319
767
2550
921
673
410
452
1354
1168
1288
1430
596
1557
1887
1990
3320
1978
1149
1795
773
493
24
1434
1290
1358
1823
983
560
2162
1387
1566
2089
2037
1746
2709
1689
2555
2651
1976
1515
1617
355
