29
0
0
0
0
0
0
0
0
6
1917
2083
90
0
0
0
0
0
0
0
0
0
0
0
40
1710
2076
270
0
0
0
0
0
0
0
0
0
0
0
73
1503
2056
464
0
0
0
0
0
0
0
0
0
0
0
108
1383
1936
614
55
0
0
4
0
0
1
6
2
1021
1805
2211
1077
1071
1385
2310
751
1041
1810
928
794
2305
1072
1187
1434
2138
1151
902
57
667
2120
158
3087
608
2540
1098
743
741
776
1230
918
1425
1157
1465
2093
788
2080
3262
1015
2546
2718
852
1748
1545
140
696
1497
2412
1643
1752
2026
1895
1698
1447
1284
1174
590
795
1213
1113
2215
1577
1092
2474
1826
1493
2755
1909
1288
1798
222
683
1881
1665
2015
1371
2103
1382
1977
3345
2312
1608
1472
1541
2669
1771
1903
2586
2446
2054
1062
1453
