55
0
0
0
1167
2175
754
0
0
0
0
0
0
0
0
0
0
0
0
998
2175
923
0
0
0
0
0
0
0
0
0
0
0
0
886
2117
1061
32
0
0
0
0
0
0
0
0
0
0
0
820
1980
1173
123
0
0
0
0
0
0
0
0
4
0
0
4
4
5
1050
2432
1546
1304
1825
1049
1173
532
1207
1188
1653
1155
1071
1579
2340
2767
404
791
0
418
7
1263
1378
1103
3268
439
1110
1212
1258
487
336
475
696
921
1558
1141
2207
3351
1337
2855
3217
1130
1227
1398
377
811
3
1879
484
2744
1235
1664
713
2758
968
674
562
411
940
984
1326
1775
1262
1581
2676
2144
3641
2208
1495
1053
7
510
0
1422
425
2521
1170
2260
726
2458
1767
1655
2421
1939
2198
1987
1836
2429
2483
1671
1342
1772
644
