767
2171
1256
0
0
0
0
0
0
0
0
0
0
0
0
509
2161
1426
0
0
0
0
0
0
0
0
0
0
0
0
447
2055
1516
78
0
0
0
0
0
0
0
0
0
0
0
435
1896
1554
211
0
0
0
0
0
0
0
0
0
0
2
0
236
0
0
16
2
4
1458
1898
1779
1773
1353
1039
852
1010
2515
1856
709
570
1518
683
2637
1231
1202
563
0
224
1237
0
3110
628
2336
0
1755
707
737
815
771
1163
1174
1281
1180
1403
2799
1079
1791
3496
1251
1546
1843
970
500
379
589
582
3633
307
3496
138
1018
2005
945
801
664
1008
1949
1347
1773
1062
1409
2236
1882
2875
2326
1633
1496
715
2
191
999
185
3713
264
3276
0
938
1564
1301
2322
1876
2251
1788
2557
2280
2864
2603
1509
1810
376
301
