14
0
0
0
0
0
0
0
1671
2167
258
0
0
0
0
0
0
0
0
0
0
0
0
1499
2137
460
0
0
0
0
0
0
0
0
0
0
0
36
1304
2087
669
0
0
0
0
0
0
0
0
0
0
0
68
1190
1967
792
79
0
0
0
0
4
0
0
2
4
6
1083
2285
2319
1289
1204
2127
1382
639
1400
1394
935
1253
1660
586
1540
1462
2804
484
432
475
313
2176
81
2603
719
2777
1147
902
928
1154
1215
1323
1100
846
1548
1107
823
2332
1838
920
2762
2569
882
1775
1523
127
1361
1418
72
2426
388
3449
718
1792
2194
791
988
530
773
1238
1233
1920
1581
1766
1848
1785
2071
3443
1499
616
1024
6
625
1895
0
2659
529
3170
751
1632
2494
1188
1397
2492
1869
2620
2157
2418
1861
2772
1506
1201
1739
