153
0
0
0
0
0
0
0
0
0
0
88
2083
1894
31
0
0
0
0
0
0
0
0
0
0
0
94
1905
1913
184
0
0
0
0
0
0
0
0
0
0
0
124
1706
1911
355
0
0
0
0
0
0
0
0
0
0
0
154
1559
1855
498
58
342
294
300
266
230
218
1391
2573
4819
6618
7283
7385
7046
6777
7548
7645
7165
7293
6985
6332
5849
4191
2457
2695
905
354
1240
844
1533
2458
824
3473
4470
8136
8112
8212
8161
7901
8170
7915
7315
7089
6102
3392
4067
2283
2260
3437
2200
1699
1868
845
1206
185
2763
1253
2475
1943
3358
4879
7062
7932
7730
7751
8283
8257
8242
7961
7584
7219
5753
3552
2476
2717
3583
1344
1237
742
1264
161
2367
917
2739
1635
4330
6637
5853
6531
6753
5747
6710
5678
6346
5519
5830
5173
4791
2175
1594
