1479
0
0
0
0
0
0
0
0
0
0
0
0
280
2136
1669
11
0
0
0
0
0
0
0
0
0
0
0
260
1993
1724
119
0
0
0
0
0
0
0
0
0
0
0
263
1816
1740
277
0
0
0
0
0
0
0
0
0
0
0
268
1560
787
222
0
15
42
5
14
1184
1951
2214
1852
1291
789
1166
1353
1608
707
713
930
1548
1202
2714
1555
1603
1781
128
301
1012
59
2465
1006
2310
1753
2124
764
659
437
309
670
726
705
1162
2115
1452
1409
2270
2717
1433
2861
2374
754
1197
940
1310
0
1890
188
2399
1114
2395
1801
1174
550
880
1386
955
710
1033
715
1021
1915
1929
3182
2094
2251
2976
923
398
924
1044
0
1841
471
2771
861
2520
1561
1618
1742
2097
2341
2341
2182
2811
2330
1760
1591
2507
1011
861
