56
0
0
0
0
0
1420
2171
505
0
0
0
0
0
0
0
0
0
0
0
0
1249
2177
670
0
0
0
0
0
0
0
0
0
0
0
0
1114
2104
867
11
0
0
0
0
0
0
0
0
0
0
30
999
1983
985
99
0
0
0
0
0
0
4
0
0
2
5
5
1089
2769
1708
1392
1834
1416
1042
943
826
1489
1003
1520
683
601
1410
1701
2231
1390
399
671
0
1715
545
2036
1510
1820
1205
1012
1278
1339
922
718
896
738
1353
802
677
2953
1030
1393
2767
1842
1914
2066
945
327
776
1271
0
2436
957
2397
747
2318
1805
670
935
539
718
1179
1397
1604
1155
1175
1545
1507
2030
2709
1587
1916
1036
308
581
1379
87
2070
695
2668
444
1175
1855
1693
2464
2400
2515
1312
1917
2673
2271
2659
1656
1798
271
