29.1708
5.18975
4.12264
4.47102
3.96628
4.78535
5.62379
3.93223
4.65424
4.37667
4.69323
4.54453
5.36762
5.33379
4.92973
4.98069
4.45018
4.85189
4.54713
4.87189
4.99263
4.6971
4.14082
3.9317
5.1791
4.27608
4.90489
4.96685
4.83402
4.89738
3.97786
4.56201
4.56161
4.98157
4.03499
4.44373
3.99448
3.98847
4.95247
4.27365
3.99216
4.85117
4.10295
4.7682
4.66282
4.07228
4.99723
4.02397
4.82107
4.96124
4.63636
4.53367
3.95164
4.9558
4.57281
4.44311
4.79769
3.98066
4.66099
4.48589
3.71615
22.2616
4.93103
4.76527
4.60299
4.47244
4.71429
36.7774
18.0062
19.9128
22.5802
20.5988
21.5623
21.1041
22.462
22.6181
21.4653
21.9206
19.8337
21.4764
19.8791
23.2224
16.4478
15.9567
14.8533
5.65315
28.6005
7.99674
10.5958
11.6853
10.8028
13.9259
12.4183
30.9747
21.0104
21.747
22.384
22.8165
20.8732
21.7439
22.1491
21.1226
21.8046
19.3401
17.3625
17.3375
18.3675
18.6671
18.5147
11.9101
10.1763
10.9804
19.1407
10.578
10.2696
13.949
12.3307
12.864
12.8165
22.7994
18.6498
20.8889
21.8432
21.5669
22.852
20.6999
20.0539
21.1021
20.8195
20.7146
20.994
20.5675
17.8175
20.5012
18.1934
15.3419
9.91839
6.98644
18.665
7.29089
9.48611
13.8729
11.8712
10.8489
12.2568
23.5776
17.2312
19.7558
19.9425
19.7447
20.9164
19.6606
20.387
20.771
20.9325
19.8431
18.9117
16.3281
11.9629
8.90501
