2626
2171
2173
2178
2168
2175
2174
2171
2176
2173
2175
2171
2173
2174
2167
2178
2172
2178
2168
2174
2175
2172
2177
2169
2177
2170
2170
2175
2173
2177
2171
2174
2171
2174
2176
2172
2175
2172
2171
2171
2172
2180
2170
2174
2171
2175
2173
2172
2178
2171
2170
2172
2174
2175
2174
2175
2169
2173
2178
2060
845
820
294
315
339
258
319
9442
18295
18424
17243
17076
16518
15558
12495
17607
17932
13993
14087
16545
13693
18989
16635
13855
10160
3162
2815
5529
8662
11766
13064
14323
12852
14261
14777
14274
13739
13335
13789
14884
14578
16597
16734
17803
18662
16948
17601
19208
17243
12878
12186
8474
4019
5963
8788
12407
12833
14192
14050
11611
19801
16516
13375
13343
12667
15767
16096
17405
18682
16185
18541
19994
18861
19451
19694
15694
9650
6275
3396
5220
8357
11388
12275
14374
13680
11651
19166
19620
19009
20705
20679
20708
21714
20807
22691
22045
19797
17181
11012
7218
