105.105
114
114.018
114
114.014
114
114.022
114
114.018
114
114.021
114.006
114.019
114.014
114
114.029
114
114.055
114
114.032
114
114.061
114
114.03
114.001
114.044
114.017
114.054
114.019
114.028
114.037
114.012
114.062
114.001
114.073
114.014
114.088
114.006
114.076
114.028
114.062
114.022
114.073
114.011
114.058
114.058
114.043
114.07
114.023
114.104
114.025
114.098
114.052
114.099
114.034
114.068
114.036
114.076
114.043
114.093
114.071
93.0512
114
114
107.186
109.907
102.047
122
121.603
121.011
119.343
118.675
118.231
117.934
116.642
118.562
118.805
116.894
116.916
118.109
116.664
119.262
119.002
118.334
117.327
114.463
107.856
109.083
112.33
113.875
113.913
114.533
114.346
118.693
116.423
116.202
115.796
115.801
115.933
116.234
116.204
117.307
117.685
118.557
119.009
118.975
118.986
119.647
119.125
117.174
116.919
115.879
110.492
112.688
112.924
114.017
113.903
114.446
114.568
117.221
118.16
116.788
115.486
115.303
115.531
115.779
116.102
116.707
117.213
116.424
117.642
119.095
119.247
119.876
120.027
118.615
116.458
115.094
109.711
112.198
112.806
113.49
113.808
114.345
114.47
116.459
118.236
118.589
117.874
118.441
119.238
118.879
119.627
119.374
120.251
120.069
119.59
118.909
116.635
115.136
