12012.3
14601.5
14593.6
14561.7
14628.1
14578.9
14587.8
14604.2
14575.9
14595.6
14580
14604.5
14593.6
14585.7
14633.5
14561.3
14601.7
14564.6
14627.2
14586.9
14582.1
14602.4
14567.8
14626.6
14561.7
14618.2
14612.7
14582.4
14593.7
14569
14612.8
14588.8
14609.4
14588.6
14578.5
14600.4
14588.9
14602.8
14609.2
14605.7
14607.6
14545.3
14619.5
14591.8
14611.9
14584.6
14597.1
14606.3
14560.3
14613.6
14619.1
14605.6
14589.6
14587.3
14588.4
14584.1
14624.4
14602.4
14562.9
15407.3
37748
38576.7
108640
101391
94223.1
123856
100147
3005.58
1425.1
1334.27
1287.91
1266.63
1275.46
1338.12
1591.96
1183.74
1171
1456.72
1540.27
1357.63
1613.5
1243.98
1535.88
1940.08
2821.08
9916.3
11129.6
5503.32
3422.08
2453.37
2219.56
2011.47
2270.82
1875.16
1475.6
1501.91
1514.45
1542.13
1529.16
1450.48
1475.51
1370.07
1394.03
1383.89
1381.91
1478.94
1429.91
1342.36
1534.5
2246.15
2404.17
3561.3
7717.41
5142.06
3354.32
2290.06
2260.05
2039.78
2074.01
2463.89
1317.23
1374.61
1564.04
1558.16
1608.14
1340.87
1322.44
1258.07
1189.57
1340.81
1280.96
1279.1
1343.75
1314.58
1320.67
1751.11
3106.12
4901.01
9184.8
5952.04
3535.21
2514.35
2383.11
2015.53
2150.03
2431.21
1323.5
1264.13
1261.4
1159.29
1164.85
1131.12
1102.9
1119.62
1056.18
1075.97
1305.91
1553.97
2695.61
4235.35
