556.11
108
117.231
165
108
222
108
108
108
108
108
108
108
222
108
108
222
108
108
108
124.286
165
108
108
108
108
108
108
222
139.091
108
142.5
108
108
130.8
108
112
165
108
108
108
108
108
108
108
108
108
222
108
108
108
185
108
108
108
108
108
109.5
133.667
119.333
124.111
696.643
0
108
108.13
108.5
185.419
374.15
331.814
347.974
366.599
328.633
343.048
385.086
521.471
351.933
314.844
412.525
370.471
370.949
465.957
381.592
359.833
357.68
324.757
204.462
539.506
351.48
274.067
234.712
211.71
202.448
217.389
328.792
258.291
279.493
262.679
294.743
325.714
252.034
302.86
341.667
360.939
367.689
349.183
432.611
408.988
330.944
325.893
231.272
214.744
213.507
357.959
231.825
298.49
255.195
226.707
204.597
207.935
356.276
297.299
308.924
356.848
464.839
459.92
244.038
237.564
249.34
283.958
347.658
298.623
284.14
377.756
336.995
311.571
281.074
194.777
191.367
356.498
171.483
362.944
275.095
207.895
183.135
175.343
305.605
246.042
286.084
312.35
295.349
317.571
319.974
330.654
326.994
318.532
318.084
288.519
286.616
211.225
201.161
