0
0
0
0
0
0
0
0
0
0
0
3
0
0
0
0
0
0
0
0
0
0
0
0
0
0
2
1
0
0
0
0
0
0
0
0
0
0
0
0
0
3
2
0
0
0
0
0
0
0
0
0
0
0
0
0
2
6
1
0
0
4
0
0
1
4
2
1019
1804
2209
1075
1067
1378
2256
734
969
1617
814
764
2226
910
1035
1151
2029
994
673
19
63
325
7
319
103
185
564
317
386
347
734
514
725
573
704
1678
428
1258
2370
586
1525
1839
468
1181
934
45
62
278
101
399
137
381
420
665
730
741
213
106
145
219
331
1407
802
548
1452
1091
866
1720
1271
964
1003
55
52
214
171
326
165
275
346
1066
2184
1159
423
383
862
935
869
1114
1259
1106
1501
679
469
