0
1
1
0
0
0
0
0
0
0
0
0
0
0
0
0
1
1
0
0
0
0
0
0
0
0
0
0
0
0
0
1
3
1
0
0
0
0
0
0
0
0
0
0
0
0
1
1
2
0
0
0
0
0
0
0
0
0
0
2
0
244
0
0
11
2
2
1415
1893
1770
1766
1335
1016
833
972
2463
1615
621
519
1281
595
2470
1006
975
333
0
161
122
0
416
142
182
0
1296
351
366
341
283
522
560
548
526
1011
2307
728
1286
2589
919
1168
1264
615
322
235
78
11
298
0
488
0
746
1024
375
319
156
446
725
594
639
396
849
1633
1171
2007
1901
1143
1060
321
1
141
41
6
235
82
294
0
707
969
552
1406
949
879
960
1686
953
1349
1777
795
987
180
106
