343
0
0
0
0
0
0
0
0
0
0
0
1
1
0
0
0
0
0
0
0
0
0
0
0
0
0
0
1
1
0
0
0
0
0
0
0
0
0
0
0
0
0
2
2
0
0
0
0
0
0
0
0
0
0
0
0
0
26
23
18
234
0
0
0
4
41
1239
2128
2510
1339
929
954
1212
1475
725
620
1118
1044
963
1844
1351
1490
1819
2154
671
207
116
84
115
254
20
469
690
298
327
252
304
506
274
491
966
1096
948
730
2368
1020
836
1853
1262
1002
1017
435
56
0
345
282
185
484
711
735
591
512
716
645
176
196
184
395
778
694
1280
1462
1205
1210
2298
887
816
291
61
0
212
128
296
273
617
745
1148
1370
838
867
1202
843
1010
1504
978
1052
1914
952
550
