0
0
0
0
0
1
1
0
0
0
0
0
0
0
0
0
0
0
0
0
7
2
0
0
0
0
0
0
0
0
0
0
0
0
0
1
3
0
0
0
0
0
0
0
0
0
0
0
0
0
0
3
1
0
0
0
0
0
0
0
0
4
0
0
3
3
3
1050
2431
1543
1294
1808
1030
1167
528
1197
1177
1606
1051
1022
1466
2015
2372
287
497
0
27
0
136
165
60
492
0
714
918
869
243
199
271
413
626
1083
803
1473
2193
669
1563
1923
478
765
831
88
100
0
262
147
352
301
97
498
1814
436
303
248
153
295
458
678
761
684
725
1603
1254
2361
1446
844
704
7
34
0
103
151
222
184
203
462
1558
1006
1016
1525
1257
1024
730
1335
1155
1472
1282
884
697
184
