11
0
12
0
0
0
0
0
0
0
0
0
0
0
1
2
0
0
0
0
0
0
0
0
0
0
0
0
0
10
1
3
0
0
0
0
0
0
0
0
0
0
0
0
0
2
3
0
0
0
0
0
0
0
0
0
0
0
0
2
9
127
0
15
23
4
11
1171
1946
2205
1837
1277
766
1075
1311
1491
665
697
912
1473
1141
2451
1343
1196
1432
104
197
151
4
210
221
133
436
775
289
311
209
167
367
521
365
789
1143
812
610
1141
1708
685
1915
1336
133
748
713
202
0
214
55
254
179
688
1061
693
273
489
986
553
259
409
232
523
925
909
1955
1270
1334
2109
663
162
699
59
0
69
126
299
184
408
812
1015
1033
1229
1059
1327
1232
1296
1479
1101
1057
1511
715
547
