0
0
0
0
0
0
0
0
0
1
1
0
0
0
0
0
0
0
0
0
0
0
0
0
1
1
0
0
0
0
0
0
0
0
0
0
0
0
0
2
2
0
0
0
0
0
0
0
0
0
0
0
0
0
0
3
1
0
0
0
0
4
0
0
2
2
4
1082
2286
2315
1285
1190
2080
1315
626
1330
1342
870
1234
1524
555
1445
1194
2379
287
323
58
25
211
35
206
268
231
562
401
546
831
840
870
554
435
654
595
395
1397
1180
475
1792
1668
332
980
795
5
248
131
0
378
200
279
455
974
1385
305
398
182
331
544
708
1036
711
998
977
978
1023
2497
952
271
779
0
33
108
0
328
160
182
381
948
1725
573
564
1501
867
1122
1183
1349
1060
1682
990
668
652
