0
0
0
2
1
0
0
0
0
0
0
0
0
0
0
0
0
0
2
1
0
0
0
0
0
0
0
0
0
0
0
0
0
0
5
0
0
0
0
0
0
0
0
0
0
0
0
0
0
3
2
0
0
0
0
0
0
0
0
0
0
4
0
0
4
2
63
1164
2600
1826
1932
1184
1277
556
459
1433
1774
772
535
728
1465
1082
2137
872
961
231
41
111
46
330
21
231
14
829
898
252
267
227
336
468
670
743
669
2054
1480
767
1773
1872
582
1146
1104
170
78
3
258
278
214
268
122
537
1740
419
353
203
194
600
680
481
775
231
912
1140
1099
2156
1212
736
1167
384
106
3
55
198
70
262
20
374
1636
829
879
1257
1272
889
1965
1081
1070
1722
1185
857
764
175
