0
0
0
0
0
0
0
1
2
0
0
0
0
0
0
0
0
0
0
0
0
0
1
2
0
0
0
0
0
0
0
0
0
0
0
0
0
2
3
0
0
0
0
0
0
0
0
0
0
0
0
0
0
2
3
0
0
0
0
0
0
4
0
0
2
3
3
1089
2769
1706
1383
1815
1352
1019
915
787
1432
909
1473
564
580
1317
1559
1927
1036
318
73
0
147
88
196
260
86
718
657
938
982
615
404
469
394
754
488
358
1890
638
724
1714
1043
1051
1093
332
57
35
125
0
392
291
194
497
1426
1034
303
543
280
458
708
976
804
560
587
858
827
1056
1843
1002
1133
486
37
49
53
2
153
165
270
281
753
1297
899
1506
1630
1369
707
1299
1443
1132
2139
1158
860
98
