36.6855
0
2
2
0
0
0
0
2
0
0
2
0
0
0
2
0
0
2
0
2
2
0
2
0
0
2
0
0
2
0
2
2
0
2
0
2
2
2
2
2
2
2
2
2
2
2
0
2
2
2
2
0
2
2
2
2
2
2
2.2
2.84
32.1932
0
2
2
2
4.352
41.71
19.5592
17.1679
16.9901
15.6529
14.4006
14.7553
14.2196
18.1539
15.5321
15.2404
13.5727
15.4224
14.9637
16.6592
16.5719
14.8557
13.6311
4.56908
27.9315
3.68718
4.86512
4.8605
4.62544
4.6635
5.86229
28.7446
9.17917
8.83396
8.79734
8.49301
9.32743
8.28126
9.0171
12.3153
12.0915
13.4734
14.101
13.6065
13.394
15.613
13.719
10.5217
9.36339
7.53715
17.2325
4.83676
3.87959
4.44525
5.79245
4.95189
5.92023
30.4909
13.1116
10.7151
8.93421
9.17619
8.26801
8.00703
9.48561
9.1614
9.88841
10.0185
11.8264
13.7337
13.9857
14.4912
14.006
12.4469
7.62795
5.9945
14.8089
3.4678
3.50838
3.99228
5.15734
4.82372
5.19472
29.402
11.4085
11.1161
12.005
12.7193
13.5151
12.8396
13.5027
11.9817
14.2173
13.6945
13.481
11.9692
10.8814
6.65514
