354
1
13
2
1
1
1
1
2
1
1
3
1
1
1
2
1
1
2
1
7
2
1
2
1
1
2
1
1
11
1
4
3
1
5
1
3
2
3
2
2
3
2
2
2
2
4
1
2
3
2
3
1
2
3
3
3
6
27
27
27
625
0
15
46
24
129
9229
17857
16084
11911
10605
9853
9433
7020
10395
10242
7407
7532
9781
8556
13166
12252
11484
7694
2320
783
588
953
1366
1419
1689
1421
6148
4129
3995
3472
3369
3790
3984
4102
6219
7483
8775
10286
10419
10438
11266
10546
7624
6939
4406
1668
684
1065
1383
2072
2124
1736
4552
9439
5663
3109
2966
2992
3283
3658
4406
5806
5138
7022
9390
10673
11838
12405
10272
6110
3638
1363
298
539
1038
1435
1825
1407
3576
8487
9756
8335
8291
8848
8500
9220
9026
10463
10501
10298
9802
5515
2781
