105.076
114
110.769
114
114
114
114
114
114
114
114
114
114
114
114
114
114
114
114
114
114
114
114
114
114
114
114
114
114
114
114
117
114
114
114
114
118
114
114
114
114
114
114
114
114
114
114
114
114
114
114
114
114
114
114
114
114
115.5
114.222
114.667
114.444
105.254
0
114
114
114
93.093
117.736
118.467
118.406
117.63
117.578
117.044
116.65
115.857
117.346
117.574
116.296
116.4
117.075
116.233
117.821
116.987
116.239
115.878
114.221
108.402
109.235
109.206
111.578
113.501
114.144
113.677
116.236
115.653
115.662
115.178
115.32
115.658
115.689
115.782
116.591
116.491
116.746
116.966
116.689
116.724
117.246
116.868
115.668
115.572
115.082
111.417
111.539
110.363
110.753
112.184
113.775
113.844
115.872
116.707
116.376
114.915
115.076
115.325
115.879
115.756
116.236
116.504
115.909
116.707
117.214
117.152
117.607
117.537
116.489
115.193
114.551
110.551
109.168
108.106
111.59
112.424
114.085
114.2
116.394
116.739
116.876
116.696
117.136
117.273
117.219
117.617
117.714
118.041
117.991
117.612
116.885
115.437
114.729
