89839.4
3.19999e+07
2.46142e+06
1.59998e+07
3.19999e+07
3.19998e+07
3.19999e+07
3.19999e+07
1.59999e+07
3.19999e+07
3.19999e+07
1.06666e+07
3.19999e+07
3.19998e+07
3.19999e+07
1.59999e+07
3.19998e+07
3.19999e+07
1.59999e+07
3.19999e+07
4.5713e+06
1.59998e+07
3.19999e+07
1.59999e+07
3.19999e+07
3.19999e+07
1.59999e+07
3.19999e+07
3.19998e+07
2.90895e+06
3.19999e+07
7.99986e+06
1.06666e+07
3.19999e+07
6.39987e+06
3.19999e+07
1.06666e+07
1.59998e+07
1.06666e+07
1.59999e+07
1.59999e+07
1.06666e+07
1.59999e+07
1.59999e+07
1.59999e+07
1.59999e+07
7.99989e+06
3.19998e+07
1.59999e+07
1.06666e+07
1.59999e+07
1.06665e+07
3.19999e+07
1.59999e+07
1.06666e+07
1.06666e+07
1.06666e+07
5.33322e+06
1.18505e+06
1.18507e+06
1.18506e+06
50503.4
inf
2.13323e+06
695544
1.33322e+06
247877
3093.18
1460.2
1641.58
2319.99
2688.81
2904.69
3007.26
4036.93
2726.47
2809.55
3907.71
3878.07
2900.7
3274.11
2048.91
2251.99
2428.81
3834.33
13588.6
40328.9
54070.3
33304.1
23191.3
22339.4
18743.7
22302
4876.15
7491.77
7730.52
8953.91
9203.62
8117.56
7780.09
7498.21
4803.86
3915.42
3279.03
2761.84
2638.7
2656.73
2509.46
2708.43
3966
4396.87
7049.32
18826.7
46551.8
29748.5
22882.9
15217.3
14861.3
18225.2
6673.6
3092.89
5341.79
9935.85
10324.1
10235.3
9503.14
8510.39
7013.48
5227.58
5880.45
4258.48
3123.74
2620.46
2366.16
2268.03
2834.19
5042.54
8604.68
23121.1
107211
59006.3
30553.4
22091.8
17351.1
22568.1
8642.94
3524.43
2993.95
3526.88
3564.26
3299.07
3444.73
3140.06
3218.32
2739.86
2729.24
2818.88
2978.02
5591.13
11305.5
