591.79
639.557
641.189
644.185
635.333
638.921
650.857
641.988
633.991
632.399
626.229
538.235
282.62
284.561
702.546
706.977
703.919
738.964
785.31
1409.64
1299.94
725.2
682.28
635.461
878.928
868.432
803.398
785.906
795.35
804.172
799.226
805.458
813.929
793.943
809.527
715.319
593.804
792.801
739.211
748.346
741.351
746.371
738.03
739.478
745.233
742.693
747.677
661.994
682.453
808.033
789.371
756.394
773.359
762.435
757.365
769.636
776.719
759.912
777.433
671.151
630.004
725.936
696.866
669.626
299.183
1054.95
1379.29
1026.35
664.817
674.133
701.3
917.363
809.05
788.938
813.831
806.518
790.369
811.241
798.532
801.593
796.384
768.803
546.698
766.38
776.959
743.365
736.013
746.299
736.963
742.679
741.67
730.437
749.257
720.966
574.59
830.88
774.4
781.674
766.437
768.805
768.276
762.341
770.719
758.867
753.542
749.398
553.51
777.657
694.586
639.468
874.76
815.192
1414.83
1304.88
685.993
678.539
612.711
903.862
838.334
811.712
797.794
805.392
811.082
783.955
808.281
800.027
801.338
814.57
699.627
622.167
783.125
746.849
740.399
732.846
751.192
735.449
742.859
750.002
739.981
745.403
614.053
708.706
810.296
781.013
754.697
775.226
763.217
765.835
770.374
769.52
767.524
775.516
650.547
648.214
722.976
698.715
680.213
709.257
1065.85
1346.21
958.491
670.654
666.992
740.85
903.781
803.282
780.266
806.087
795.791
801.083
807.05
802.637
801.694
802.58
783.786
537.148
773.695
792.871
739.94
748.082
738.87
741.166
749.588
745.836
745.979
747.464
724.109
582.906
822.579
775.278
771.188
761.007
773.727
760.844
773.397
773.797
758.937
772.088
746.953
358.719
