13809
13459
13887
11377
14361
14254
12255
13061
13211
13420
13942
12973
11548
38835
16684
17679
17367
5617
5248
0
0
11577
15067
14038
11354
13559
13420
15119
14279
13507
14172
15651
13887
13678
14558
14312
14950
10946
11527
11785
11857
11392
12441
11148
11535
12430
11589
11206
15940
15069
13103
15020
14139
14815
14232
14560
14753
14113
14103
14737
18254
16263
17366
13063
919
4608
0
4147
14889
15474
11772
12095
14655
14604
13342
14632
15343
13869
13326
15220
14863
13451
16545
10795
11080
12295
11084
12336
11298
11958
11833
11886
11521
11677
16124
12764
14278
14507
14435
14488
14325
15076
13561
14341
15610
13657
17375
15523
18389
16950
3337
5248
0
0
13377
15107
12077
12599
13872
13220
15193
13944
14156
14020
15286
13898
14318
13708
14802
14571
11263
11047
12440
11345
11605
12283
11345
11663
11797
12126
11017
16583
14435
13370
15130
13925
15034
13820
14403
14794
14219
13765
15039
18048
16248
17303
12215
919
4608
0
5437
15055
15569
11278
12192
14859
14506
13617
14263
15437
13755
13697
14667
14679
14096
16120
10644
11099
12207
11046
12616
11113
11795
12089
11663
11582
11376
16271
13072
14303
14123
15108
13762
14553
15130
13530
14479
15347
14252
25546

43847
