32069
30272
29013
31702
31533
28643
30543
30737
30415
29806
30836
29273
26704
41533
34670
33064
34144
1795528900
4325
3626
17397
21785
19705
22949
29457
30667
30376
31386
31437
30020
31042
30625
31477
29801
31014
29710
27327
28257
27783
28977
27562
29027
28021
28384
28250
28355
28419
31309
30331
30754
32590
30888
31840
31953
32013
30951
32051
32066
29951
32430
32515
34127
32090
889
10596
3826
7827
22535
22148
18225
27795
30212
31698
30338
30522
31535
30527
30948
30117
30971
31536
31050
28153
26991
28755
27688
28729
27993
28693
28114
28661
28648
28121
30858
29485
31924
30909
31534
31923
31987
31670
31591
31861
31433
30975
32180
31344
33440
32929
14548
9821
3795
3581
19378
22012
17265
25443
30388
30220
30805
30851
30888
30963
30364
30810
31575
29644
31505
29573
27635
27467
28729
28116
28188
28552
28313
28124
28205
28021
28298
32238
30024
30739
32330
30901
31675
32039
31757
31065
32031
31812
29268
32647
32675
33269
30547
1126
10685
3746
9820
21851
22377
18888
27864
30371
31698
30353
30777
30790
30751
31366
30074
31020
31405
30334
27876
26801
28770
27535
29126
28016
28610
28051
28270
29162
27616
31070
29591
31839
30789
31741
31499
32199
31248
31096
32416
31335
30493
34577
4
26321
