33.9803
28.9231
29.5279
31.655
31.4124
29.8162
30.7853
30.6835
30.0074
31.5384
29.7742
31.9379
20.013
33.4807
32.9137
32.9224
32.9426
31.5546
32.9957
32.9952
32.9385
32.9901
32.8926
32.7195
32.3566
32.9682
32.9209
32.978
32.954
32.895
32.9987
32.9972
32.9674
32.9428
32.9777
32.9762
32.2102
32.7904
32.7111
32.6238
32.7192
32.8968
32.91
32.9518
32.8616
32.8599
32.8635
32.8972
31.7152
32.9671
32.9973
32.9372
32.9036
32.8617
32.9471
32.9853
32.8974
32.9742
32.9113
32.8056
30.8942
32.9057
32.7793
32.9394
29.4704
32.9986
32.9705
33
32.974
32.8796
32.8259
32.9944
32.9706
32.9299
32.9905
32.9895
32.9706
32.9789
32.9975
32.9273
32.9594
32.8692
32.892
32.9227
32.6898
32.9333
32.9363
32.9862
32.6132
32.8931
32.9712
32.9204
32.9304
32.9713
32.7885
32.9684
32.959
32.9096
32.917
32.8802
32.8477
32.9135
32.9747
32.9569
32.8595
32.982
33.1682
32.9857
32.9121
32.9271
32.9829
32.9949
32.9845
32.9862
32.9109
32.9456
32.7579
32.7528
32.9828
32.903
32.9951
32.9142
32.9717
32.9513
32.9984
32.9924
32.9834
32.9786
32.958
31.7309
32.8102
32.9842
32.9532
32.6467
32.858
32.8475
32.7674
32.8254
32.7192
32.8023
32.8182
32.5619
32.9646
32.8925
32.9441
32.94
32.8907
32.9831
32.8841
32.9741
32.9336
32.9751
32.9157
32.0582
32.9642
32.9982
32.8598
31.3176
32.9971
32.9822
32.9559
32.9013
32.8868
32.8829
32.9474
32.9944
32.9506
32.9955
32.9474
32.9897
32.9183
32.9891
32.9866
32.98
32.993
32.2043
32.9883
32.9944
32.8018
32.918
32.9097
32.8966
32.9112
32.8987
32.7956
32.9011
32.9983
32.7978
32.9484
32.9689
32.9884
32.7181
32.9536
32.9729
32.9007
32.9293
32.9737
32.9596
32.8944
32.8708
