195348
191753
187986
187062
195877
187354
185238
191632
189309
189285
188049
186228
166473
321396
222686
221737
219992
80302
90571
116113
114380
178202
187435
171855
151180
187904
196719
200560
199746
198861
197015
202120
198500
198146
196745
196529
196169
171011
178284
178925
180099
177706
182057
178357
177723
181292
180028
175323
204211
193883
195820
203119
200933
200052
202214
202066
201062
199716
200511
196814
217816
211695
219000
174710
7453
141354
119388
137155
193758
191856
138023
178054
198235
201213
197574
196890
204046
198341
194701
200326
201498
196339
207008
175110
172697
180207
178716
178518
180530
178775
179067
182232
179156
177917
200845
188910
198750
200335
199751
199011
204110
200834
196888
202943
202869
194852
216192
202975
223279
216384
56742
99628
119261
113711
186559
186754
151995
167500
192141
196297
199556
199316
197007
198832
200380
198401
200332
194102
198010
195959
171911
177079
180260
179794
177601
182347
179160
177522
180045
179119
174232
208934
193589
195725
201503
200831
200031
200745
200496
202230
197393
200321
193710
218795
212516
219183
162397
11401
146437
117738
145425
191711
193339
136207
179336
198096
202367
196434
196447
202955
198494
197316
199553
199905
197846
201931
174177
171588
180251
177397
180465
180751
177630
179272
180725
179270
176380
201863
190328
197347
201237
200638
197221
204859
200313
196491
202972
202596
196074
252745
