112.769
113.433
113.342
113.003
113.409
113.3
112.966
113.237
113.275
113.275
113.205
113.566
113.626
114.476
114.195
114.229
114.371
105.34
92.131
92.1298
94.3024
109.011
115.582
115.317
113.233
113.058
112.798
112.747
112.816
112.814
112.848
112.986
112.892
112.772
112.839
113.094
110.751
112.39
112.613
112.208
112.362
112.435
112.236
112.554
112.438
112.442
112.544
112.495
110.961
113.211
113.077
113.044
113.155
113.173
113.067
113.145
112.981
112.937
113.026
113.294
112.2
114.671
114.476
110.405
82.7176
92.361
92.6927
99.9188
114.381
115.572
113.829
113.399
113.003
112.709
112.888
112.836
112.867
112.952
112.982
112.679
112.881
113.005
111.564
112.057
112.622
112.328
112.537
112.492
112.349
112.389
112.498
112.284
112.582
112.516
111.282
112.996
113.123
113.137
113.004
113.311
112.952
113.022
113.095
112.951
113.21
113.12
112.178
114.418
114.444
113.265
104.925
92.9266
91.9956
94.2764
110.36
115.662
114.971
113.131
113.259
112.763
112.815
112.954
112.881
112.804
112.921
112.981
112.748
112.871
113.18
110.578
112.448
112.651
112.261
112.628
112.48
112.342
112.551
112.276
112.264
112.483
112.72
111.044
113.234
113.004
113.098
113.177
113.118
112.965
113.112
113.136
113.163
113.049
113.203
112.519
114.474
114.33
110.126
86.9382
92.4755
93.017
101.503
114.796
115.521
113.468
113.252
112.971
112.773
112.883
112.829
112.623
112.762
112.914
112.793
112.892
113.042
111.415
112.075
112.484
112.216
112.497
112.5
112.407
112.46
112.325
112.291
112.376
112.394
111.184
113.202
113.11
113.084
113.14
113.187
112.943
113.085
113.092
112.889
113.195
112.994
113.531
