1147.68
868.796
929.562
1048.03
968.345
952.518
1011.08
959.178
951.109
1033.79
957.094
1176.76
919.557
757.166
775.488
777.773
793.527
3190.53
2857.77
1432.01
1579.8
1126.07
1072.6
1268.44
1261.34
886.091
870.1
858.39
854.447
849.999
875.707
827.098
846.896
868.611
866.64
962.611
1048.16
1124.64
1095.56
1074.98
1075.38
1104.82
1069.65
1108.04
1103.8
1069.85
1077.79
1214.38
870.608
892.327
895.711
865.179
864.181
880.224
871.952
862.767
859.462
891.144
863.94
995.681
788.359
828.457
799.907
1215.75
39242.5
1279.52
1382.34
1379.69
1037
1039.63
1676.99
935.692
854.159
847.63
855.951
869.011
825.474
851.497
896.248
842.092
839.333
905.304
1042.22
1113.74
1115.94
1084.16
1106.93
1101.48
1069.56
1097.24
1099.61
1076.07
1088.83
1132.22
1057.94
914.308
883.913
861.054
881.465
883.377
841.035
876.501
904.077
865.084
866.196
943.269
980.69
847.455
779.448
882.229
4938.03
2496.62
1350.91
1596
1078.11
1085.58
1542.49
1051.53
878.26
864.47
855.632
845.964
862.551
873.289
838.51
862.888
845.097
884.467
964.837
997.094
1125.43
1115.83
1087.7
1082.94
1098.91
1065.92
1086.09
1099.09
1077.3
1085.91
1269.54
849.773
892.516
899.535
880.221
864.958
881.064
877.199
869.764
861.003
900.906
870.597
1048.68
817.001
828.164
806.794
1343.21
26759.9
1187.48
1455.11
1307.69
1045.54
1034
1673.33
933.408
862.295
847.992
873.638
881.377
824.386
851.352
869.256
851.333
847.206
883.826
1057.67
1120.26
1130.01
1079.84
1107.53
1084.73
1078.83
1103.2
1089.29
1068.69
1087.82
1146.75
1041.85
908.556
895.327
868.096
869.697
897.172
848.697
869.07
902.069
865.606
854.777
930.699
941.832
