859.966
854.39
825.887
819.743
840.08
820.717
848.645
837.128
824.807
820.291
805.933
686.672
362.34
446.058
1096.25
1082.67
1043.49
1190.56
1447.8
1612.27
1499.48
935.364
723.362
701.813
975.126
1044.64
1120.41
1100.29
1126.49
1112.66
1101.81
1126.93
1133.78
1089.45
1125.49
1007.85
906.185
972.174
939.4
990.417
1015.31
988.492
992.586
990.464
984.226
1002.15
1006.23
891.46
975.715
1023.37
1054.75
1042.15
1078.05
1043.58
1025.93
1076.54
1060.65
1041.72
1077.69
913.908
895.627
952.761
1008.56
1059.89
1211.44
1553.53
1589.31
1399.19
728.955
724.732
779.36
1027.87
1106.39
1109.21
1134.75
1104.97
1117.13
1132.41
1092.19
1130.74
1119.5
1056.44
821.018
988.669
949.715
980.354
962.574
999.099
978.946
979.975
995.883
970.767
993.556
964.668
814.87
1019.79
1034.91
1090.1
1058.31
1039.32
1057.62
1056.6
1066.41
1056.99
1040.03
1018.88
797.172
970.035
1017.28
993.669
1234.79
1430.08
1617.57
1504.4
869.601
717.662
674.053
999.665
1045.56
1127.34
1117.59
1126.3
1117.06
1085.37
1151.83
1108.99
1107.88
1141.01
976.142
939.508
961.862
961.587
971.579
983.474
1003.99
975.923
995.067
989.892
976.999
1005.89
827.858
1002.26
1038.22
1056.21
1034.91
1076.43
1044.74
1056.34
1068.74
1063.22
1042.97
1071.02
901.009
915.222
974.034
1032.23
1085.98
1739.49
1550.08
1547.27
1326.59
722.23
723.888
820.852
1023.75
1104.38
1098.74
1110.19
1103.97
1149.07
1133
1104.88
1133.82
1106.34
1093.37
811.897
986.611
990.901
987.46
991.41
979.764
983.964
1002.02
1015.06
995.357
999.027
969.205
841.389
1005.32
1039.58
1062.57
1057.05
1050.62
1060.49
1074.26
1057.8
1052.47
1064.27
1034.75
544.993
