23166423027
2980
2130
2510
2695
2793
2518
2624
2670
2625
2054
7315
286
1173
1403
339
26924
77722
77108
42412
33448
28110
39715
45374
44340
44471
45484
44827
43648
44783
44514
43982
44304
44251
38783
46640
45492
44747
45398
44916
44282
45036
45245
45339
45082
43470
9280
4981
3471
2962
2549
3113
2896
2712
2836
2790
2919
3009
3917
4416
1303
895
170
63627
82393
64857
32943
33584
27710
46858
44375
44816
44910
43705
44996
44579
43254
44655
45157
43998
39094
45854
46015
45639
44684
44830
44679
44892
45451
45400
45040
44810
26508
5461
3438
2689
3265
2459
3057
2745
2589
3290
2872
2251
3886
4969
1973
1471
120
30833
82712
76579
38387
32525
24816
44151
45953
44322
44396
45649
44374
43956
44734
44511
44473
44097
44094
40163
46880
45229
45082
45193
44694
44586
45363
45059
45401
44915
43085
5474
4868
3439
2561
2897
2922
2824
2775
2790
2954
2807
2789
4461
3924
1271
863
2653
67313
80704
60724
33095
33535
29273
46903
44529
45130
44265
44247
44933
44735
44124
44387
44924
44677
37724
45981
45928
45211
44810
45377
44452
45025
45379
44939
45127
45061
24441
5748
3238
2757
3037
2869
2855
2751
2744
3146
2753
2430
6648
7625
27899
27346
27892
28329
27095
27651
28039
27125
19007
