0
2080
2374
2987
2714
2543
2422
2440
2601
2819
2775
2819
1760
7269
274
1408
1374
302
0
0
0
6046
14745
12183
8101
6187
2743
2872
2856
2789
2612
2897
2808
2733
2921
2785
3060
4805
3615
2843
2979
2864
3112
2667
2960
3137
2494
3157
3893
5964
2496
3251
2941
2631
3086
2725
2552
3015
2672
3055
4176
3971
1637
872
0
0
0
293
13113
14209
9457
8427
3153
2970
2743
2833
2806
2799
2861
2534
3137
2697
3342
2970
4525
3633
2740
2904
3016
2937
2863
2770
3046
2714
3981
5196
3743
3018
2576
3129
2715
2747
2652
2941
2923
2914
3272
5091
2120
1300
131
0
0
0
7839
14537
10551
9251
5513
2624
2916
2660
2750
3238
2287
2895
2961
2536
2977
3072
4925
3529
3082
2770
2923
3064
2636
3006
2846
2780
3205
4475
5259
2592
3332
2650
2792
2884
2757
2568
3009
2862
2909
4579
3419
1699
804
0
0
0
885
13942
14056
8894
7990
3150
2874
2774
2884
2740
2691
3037
2650
2995
2959
3059
3248
4392
3517
2638
3028
2918
2826
3090
2581
3159
2537
3960
5411
3705
2989
2632
2946
2920
2669
2752
2700
3098
2862
6239

2890
3001
2695
2895
12492
29010
27283
27114
27175
26559
26835
27252
27016
27343
26520
27214
18321
