29.999
30.4434
31.8311
37.0693
30.8549
30.2781
35.0171
30.598
32.6381
32.7769
29.6183
30.5053
17.97
21.4083
34.6291
36.2493
32.2124
58.2406
98.0066
69.5339
77.6557
75.949
47.9507
48.2941
49.985
39.9797
38.7489
35.9245
44.5407
39.1744
35.8846
37.3231
38.1569
36.9387
36.8678
41.5151
43.2786
38.8756
34.6697
39.8518
38.2057
40.8217
39.7596
40.833
34.7807
37.6035
37.7925
37.0909
51.8044
37.84
34.1523
37.8101
37.8866
35.3378
38.7343
39.4735
38.8631
38.4646
41.8396
38.3871
41.3728
41.617
32.6594
52.1842
29.6748
103.929
68.8589
79.6253
57.3634
47.8416
40.4165
48.2424
36.4733
35.4334
37.8259
38.5313
37.4422
38.8824
35.845
41.5049
35.9552
35.7332
36.1218
36.7504
36.3994
41.7015
37.552
37.7067
35.4473
37.8596
40.4381
35.6607
41.5585
33.5422
35.3532
41.4795
35.7319
36.0955
40.3846
36.4603
35.1093
34.7946
39.9617
39.7744
34.9532
47.843
37.9279
39.1763
43.0646
34.2167
55.4454
100.442
78.9134
84.6485
85.3228
45.4712
49.0953
50.6277
40.5497
39.6649
43.8736
36.7028
37.4194
36.7694
44.7528
39.5303
39.5623
39.8803
36.5955
42.3143
38.9392
39.417
36.7938
32.6655
43.3239
36.2349
34.7087
42.1181
34.8913
36.9596
36.4217
49.2994
37.9834
42.6268
34.7499
35.7822
36.1849
41.1867
43.2348
35.4472
36.072
38.3578
36.0478
47.4806
36.6167
38.0722
55.2959
91.3424
93.0029
70.1988
73.6249
52.5842
46.6001
49.7062
48.6701
40.6536
38.2291
38.2951
39.3345
43.9288
36.3737
40.2453
44.9198
38.2543
40.6246
36.885
38.3199
46.8485
39.9136
39.8864
38.9466
37.1467
35.801
45.4364
37.157
35.5325
39.969
42.0421
39.9224
39.2834
41.6458
39.0299
36.8372
38.6324
36.8307
36.263
35.6749
34.9973
51.3454
39.5836
