98422
111863
116905
116266
118123
115662
115419
117623
116680
117406
115537
114383
89049
70066
90669
98391
97514
46137
53240
123878
116788
139145
190489
160774
133363
137290
113404
112945
113880
112685
111223
114073
113859
112186
112266
111411
101433
128734
119934
114433
114109
114348
114603
113542
114247
115193
113652
111247
113795
134516
116817
116091
113780
115271
115192
115800
115019
115350
114994
114133
110010
118029
98411
86477
684
115486
124839
114028
183268
187866
124269
155123
115480
113799
112655
112044
113094
113784
110089
113070
114581
111689
103758
117208
127024
117469
113419
114190
114381
114630
114563
114284
113768
112571
109714
133914
120814
115131
116539
113789
116924
115254
113071
116510
115290
112131
105249
125584
103268
91403
38498
65633
125035
116577
147889
188315
141600
149205
132678
112574
113013
115011
112681
112953
112524
112794
114265
110737
111202
102892
129790
119463
115008
112747
113810
115385
113523
115052
115150
113872
109291
119312
131499
116781
114307
114804
115476
114912
115000
115501
114084
115197
111055
111641
113807
99135
82037
5200
120167
121830
114220
187154
187783
122181
151808
114542
113696
111338
113070
114807
113075
111566
112572
114037
112912
99808
119841
126214
116713
113247
115108
113526
114412
116010
113629
115150
112578
108842
134271
120084
115372
116171
113764
116283
116595
113515
116615
116070
113621
97605
