94.8826
96.1191
96.9113
96.9283
96.335
96.7698
96.6094
96.1439
96.7947
96.7678
96.9525
97.2368
100.946
106.847
94.387
95.8864
95.5351
90.883
77.9399
72.5698
73.93
94.968
104.542
104.468
99.6945
97.918
95.199
95.8406
95.323
95.3595
95.9603
95.2022
95.2851
95.9523
95.4171
96.2188
96.7626
97.3473
97.0415
96.33
96.1246
96.2671
96.0957
96.1546
96.3159
96.1532
95.8365
96.8586
97.8861
98.2366
96.9993
96.7794
96.6946
97.0583
96.9054
96.4031
96.7792
96.9311
96.5374
97.5857
98.4413
98.2091
96.1758
93.2887
123.601
75.1442
72.0696
78.1226
103.695
104.564
102.647
99.4225
95.8968
95.4249
95.467
95.7349
95.5273
95.4056
96.0306
95.0103
95.3301
95.7812
98.0281
95.928
97.441
96.3458
96.3428
96.1039
96.0991
96.2736
95.9812
96.3375
96.0489
96.3029
98.2085
98.2031
97.2088
96.6791
96.7427
96.9874
96.5134
96.7447
96.6632
97.0037
96.8022
96.9757
98.8566
98.4045
96.3645
96.2203
89.7874
78.996
71.2881
73.7735
97.7337
104.711
104.511
99.7342
97.6865
95.6642
95.6215
94.8889
95.3583
95.7954
94.9196
95.9586
95.4522
95.5179
96.5828
96.3703
97.3843
96.669
96.2584
96.2168
96.1164
96.2354
96.2117
96.1067
95.983
95.7216
97.2454
97.912
97.8934
97.0072
96.9687
96.946
96.947
96.662
96.4836
96.8257
97.03
96.7211
97.8675
98.7793
98.1126
95.9064
93.1066
78.9485
75.1431
72.4453
81.0267
103.917
104.432
102.059
99.2874
95.8188
95.7494
95.6878
95.667
95.0999
95.2925
95.7852
95.4866
95.367
95.5681
98.2661
95.9852
96.8395
96.426
96.245
95.9726
96.1684
95.9008
95.9258
95.9735
96.0654
96.2697
98.0928
98.49
97.2097
96.9316
96.9384
96.9174
96.7377
96.451
96.9308
96.7715
96.4125
96.7892
103.282
