2188.03
1867.1
1896.93
2368.57
1772.02
1797.09
2185.26
1764.24
1972.42
1971.47
1757.6
1980.27
1655.65
2609.4
2723.04
2601.54
2259.87
11432.9
16960.6
4000.82
5149.8
4522.9
1793.88
2302.04
2772.92
1867.42
2296.48
2080.42
2784.71
2363.79
2124.56
2144.93
2217.46
2203.18
2158.48
2718.45
3360.53
2047.67
1951.33
2492.13
2332.87
2581.46
2476.74
2605.83
2060.11
2262.24
2319.04
2442.64
3576.71
1789.67
1868.82
2214.78
2251.76
2022.05
2336.65
2332.23
2318.2
2292.88
2560.73
2449.46
2865.19
2573.24
2310.11
4974.57
432631
7445.77
3926.51
5583.77
2401.07
1821.85
2472.98
2082.08
2052.02
2004.47
2222.93
2333.98
2193.59
2284.8
2163.81
2539.98
2018.48
2142.91
2660.33
2146.81
1915.83
2569.64
2348.34
2303
2120.11
2322.79
2533.89
2149.59
2659.36
2014.98
2407.44
2077.69
1922.68
2045.06
2407.02
2164.89
1945.12
1962.35
2467.8
2356.83
1991.73
3247.83
2806.46
2149.5
3152.9
2749.83
13167.4
13873.5
4693.73
5756.77
4899.78
1696.97
2793.13
2393.5
2010.69
2396.11
2764.58
2064.94
2203.76
2169.91
2825.35
2395.66
2354.45
2460.34
2314.76
3172.99
2038.31
2337.93
2227.66
1913.77
2802.7
2164.43
2062.35
2670.89
2053.08
2239.82
2504.69
3129.72
1850.27
2593.94
2005.13
2040.38
2088.8
2527.86
2690.8
2005.77
2118.91
2258.74
2344.93
3337.75
2243.4
2808.21
5654.38
173919
6189.38
4214.76
5119.3
2087.45
1757.71
3247.39
2182.28
2444.85
2263.66
2329.35
2374.81
2677.25
2083.78
2502.43
2856.5
2248.21
2504.53
2883.7
2210.95
2720.93
2432.35
2530.66
2403.72
2288.12
2127.11
2901.53
2274.67
2086.73
2581.14
3021.29
1967.95
2231.74
2547.13
2302.65
2187.41
2261.79
2084.6
2136.76
2006.73
1950.92
3484.26
3510.5
