617.682
650.448
648.614
662.872
670.287
667.093
661.113
666.688
663.908
671.387
655.399
621.732
476.298
368.933
467.458
778.758
766.247
747.123
982.596
941.087
1558.35
1434.11
831.961
830.918
803.608
857.391
1072.97
903.414
896.03
880.476
881.088
877.396
886.217
897.491
902.72
871.183
896.506
867.25
626.488
886.167
874.013
825.747
855.782
830.901
832.93
840.87
832.317
829.173
834.134
834.919
739.633
775.192
931.398
872.172
861.549
859.419
853.644
860.41
876.008
841.619
866.212
859.245
871.169
704.232
739.611
826.857
777.364
763.045
783.191
1050.82
1532.84
1405.06
769.754
825.518
754.37
968.213
1026.79
895.887
891.495
897.698
904.611
894.659
906.889
905.357
905.279
882.912
895.789
832.141
633.267
892.108
852.308
822.836
822.359
831.549
835.447
845.911
827.754
834.751
834.528
824.53
687.389
819.907
926.558
867.701
862.198
870.006
858.908
862.187
869.237
857.948
873.677
871.24
830.455
603.563
835.302
799.146
757.173
780.341
395.741
1137.09
1496.62
1376.85
741.356
816.547
730.65
1015.53
997.802
893.458
893.212
900.818
889.432
909.821
895.731
888.9
901.201
884.349
885.84
766.388
688.73
887.5
847.189
828.109
840.095
831.561
823.044
839.887
833.244
826.284
831.527
829.068
640.403
933.661
908.492
860.942
858.352
862.707
874.961
867.257
860.609
860.618
866.129
862.827
837.369
581.674
871.699
785.853
764.293
779.424
1194.22
1188.21
1433.25
1101.92
788.68
817.405
711.965
1034.63
966.431
906.633
864.308
904.48
900.925
897.625
909.686
908.875
893.299
918.775
893.59
664.32
765.119
907.834
848.637
837.341
820.523
856.664
816.122
829.396
844.278
821.345
829.753
817.764
643.837
943.111
885.245
870.098
864.138
877.453
876.17
847.509
856.831
879.945
854.284
861.713
820.774
396.27
