13680
12605
12521
13122
11847
13694
12330
12429
12997
11460
13736
12400
10961
23531
28618
16442
16156
16513
2463
28026
56617
54484
40082
29071
29545
28166
44412
49996
50392
50202
50440
50163
50244
50978
50619
50480
50490
49948
46193
47897
47685
48330
48764
49049
48549
48570
49169
48336
48996
48923
47989
18780
12181
13800
13370
12625
14188
13269
12362
14307
13576
12964
13164
13439
17178
15574
15940
14592
1533
35187
57129
55096
34807
29105
29269
30330
45718
50131
50583
50430
49758
50614
50049
50690
50358
50487
50569
49822
46003
47404
47911
48986
48870
49077
48911
48584
48662
49027
48933
48564
44195
16126
12449
12980
13687
13880
12777
14009
12665
14071
13496
12960
13610
14245
15994
15716
16517
12269
936
44480
57384
53804
32222
29235
25264
37184
46662
50446
50488
50334
50375
50930
50173
49996
50555
50588
50120
50172
46629
46731
48065
48922
48653
48559
49299
48735
48583
49315
48605
48838
41361
12279
13400
12434
14615
13507
12209
14332
13442
12699
13703
13621
12626
16773
14444
16442
16303
8460
9318
49473
57019
48946
30801
28421
21207
44117
47730
50201
50401
50722
50516
50262
50831
49937
50929
50684
50550
45091
49464
46073
48379
48793
48598
48754
49043
48797
48621
49000
48792
49061
33229
11924
13264
13121
13876
13078
13215
13817
14164
12104
14033
14369
11807
24110
