13897
12391
11728
14119
11786
13753
12442
11304
13452
11976
13637
12666
10853
23620
28044
16529
16001
16822
2696
29541
50702
50225
44895
35655
35952
24936
35585
39312
40424
39677
39381
40216
39516
40009
40304
39552
40287
40118
36091
37375
37334
38427
37872
38456
38064
38204
37997
38333
38484
37740
37866
17913
12138
12891
14010
13488
12506
13863
13496
12802
13939
13515
12709
13377
17529
15419
16135
14617
1670
36206
51407
50967
42228
35336
34996
25037
35672
40081
39786
39713
39707
40184
39392
39973
40698
39716
38971
40182
36696
36728
37693
38482
38104
38376
38194
38058
38440
38418
37995
38541
33726
16332
13022
12156
14654
13570
12198
14446
13586
12682
13269
13902
13166
14485
15760
15783
17120
11912
988
44740
51758
50170
40460
34778
31192
29885
37241
39932
39234
40465
39221
40066
39900
39622
40457
39636
39869
38722
37461
36796
37678
38129
38156
38269
38293
37917
38682
37884
38079
38971
32694
12077
13480
12288
14347
13445
12701
14012
14146
12567
13608
14165
12737
16405
14305
16497
15879
9120
8901
48819
51172
48943
37912
34857
25197
35381
37824
39553
40009
40398
39168
40354
39997
39298
40433
40171
39553
35250
39949
36396
38092
38228
38568
37775
38266
38443
38227
38085
38273
38307
27558
11672
13715
13899
12486
13842
13385
13003
13891
13018
13561
13553
13339
23860
