13053
13393
12401
12867
12515
11548
14466
11914
13056
12459
11887
12934
12357
22920
27672
16452
16528
16642
2546
5248
0
0
10027
13916
12895
10438
11043
13287
13414
13176
13218
13729
13495
12698
14760
12962
12635
13907
14930
9789
10936
10995
10858
11318
10913
10631
11550
10734
10865
11803
9983
15555
13051
12831
13758
13271
12750
14177
13307
12543
14102
14176
12070
13739
17176
15275
16835
14150
1640
4608
0
0
12748
13540
13525
9452
11646
13008
13497
14053
12470
13073
14382
12157
13875
13975
12432
13269
14818
10006
10970
10917
11227
11146
10838
11087
11179
10682
11307
11250
9796
15670
13215
13336
12794
14362
12865
13352
13839
12851
14101
13353
12577
15004
15755
16613
15819
12535
919
4608
0
4
14759
13579
12274
10318
12196
12728
14314
13134
12925
13500
14433
12217
13053
14929
11860
13076
14826
10068
10703
11460
10725
10808
11615
10630
11120
11383
10753
10767
14423
12001
13717
13312
12455
14620
13351
12659
13930
14040
12299
13701
13592
16312
14413
15981
16337
9217
791
4608
0
3923
13485
13941
10254
11435
12700
12975
13540
13525
13149
13133
14106
13055
12971
14795
12696
12160
14341
10070
10769
11753
10224
11148
11734
10404
10930
11894
10262
11175
15039
11829
13095
13307
13521
13299
13795
12929
13754
14088
12203
14135
13390
23734
