42120
40753
40316
40920
40568
40247
40441
40304
39541
40871
40524
40831
39161
36532
42289
45094
44743
42921
7851
5491
46
41
9841
12955
13907
9216
11754
12869
13566
13715
12716
13408
14076
12713
13437
14446
11916
13829
15304
10076
10457
11471
10653
10957
11408
10793
10957
11211
10927
10757
11313
38232
41425
43380
43022
43852
43300
42139
43941
43763
42157
44200
43464
42794
41973
42414
43955
37269
3850
4812
52
5
12400
12976
13863
8475
12242
13171
13665
13225
13184
12908
14065
13066
12783
14774
12384
13231
14835
9954
10774
11570
10516
11107
11664
10438
11056
11697
10300
11218
10276
42791
41367
42875
43778
43754
43096
43284
43805
44013
41848
44321
43947
41074
42021
42610
44780
32911
975
4814
53
40
13964
13348
12718
9635
12805
13253
12819
14133
13211
13136
13369
13631
12624
13719
13808
12585
14588
10102
10998
11189
10887
10942
11392
10648
11024
11608
10401
11310
17134
41780
42392
43368
43838
42801
43368
43456
43117
43646
43172
43853
43842
41359
41254
44028
44327
23048
849
4820
42
3749
13389
14131
9721
11124
12794
13120
13431
13585
13296
13205
13464
14224
12586
13332
14256
11689
14119
10488
10502
11347
11320
10321
11502
11297
10676
11306
11199
10682
23889
41136
42616
44128
43004
43047
43648
44038
42732
43294
44486
42379
43570
39309
