30561
29223
29794
28544
28236
29437
28965
29212
29480
27379
29570
27929
27945
31029
36803
32106
31931
33065
11849
9795
3514
3401
15681
18771
20064
17078
24790
29317
28537
28467
29312
27913
29386
28816
28243
29489
28545
27877
29147
25555
26158
26373
26486
26956
26184
26324
26894
26757
26401
27104
26043
29299
27581
29572
29574
27898
30176
29653
27845
29896
29946
28645
29169
28291
30641
30115
31689
32865
5093
9521
3620
3360
18204
19473
19691
17708
26110
28358
28471
29221
28700
28241
28959
29189
28063
29012
29501
27379
28363
25786
26064
26528
26828
26837
26375
26619
26970
26243
27193
26672
24345
30400
27667
29647
29096
29124
29799
29958
28462
29592
30183
27853
29233
28003
30632
30591
31690
32190
894
10167
3606
3431
20583
19818
16988
21274
26934
28179
29530
28273
28626
28788
28963
28810
27935
29589
29201
27815
28250
25519
25897
27117
26557
26046
27380
26685
25895
27198
27154
25603
28057
27662
28792
28880
29335
29878
28295
29838
29122
29073
30115
29088
28690
29536
29113
30975
32274
24320
1875
9993
3570
7398
20400
18956
14561
24964
27180
28722
29050
28487
29360
28806
28390
29194
28622
28548
29232
26276
28798
24870
26312
26836
26433
26458
26897
26879
26221
27232
26656
26653
28123
27186
29299
28214
30448
29352
28569
29995
29910
28209
29285
30371
27274
31755
