49347
47165
47255
47095
46982
46897
46848
46932
47101
46697
47052
46331
46262
40156
45844
50811
50639
49729
13159
5376
21
0
9841
12884
14422
9093
11816
13315
13308
13312
13479
12609
14314
13061
13003
14584
12514
12989
15617
9963
10619
11600
10529
11057
11527
10397
10998
11629
10396
11343
11074
41072
43985
46381
46681
46400
46204
46648
45900
46519
46659
46597
46493
44829
47014
47528
50205
45777
5522
4736
21
0
12312
13459
13892
8727
11936
13709
12590
13713
14026
12012
13881
13906
12284
13880
13645
12261
15423
9983
10951
11159
11007
11201
10870
10828
11243
11265
10515
11663
9941
45905
44400
46327
47081
46210
46716
46766
46341
45961
46777
46369
46213
43700
47693
48410
50719
42680
846
4740
17
6
14025
13865
12450
9911
12647
12684
13526
13684
13280
12967
13541
14324
12088
13548
14486
11710
14856
10431
10645
11138
11173
10691
11305
11100
10888
11024
11457
10499
17959
44953
45514
46180
46265
46701
46542
46931
46370
46207
47029
46315
46307
44008
47151
49467
50881
31022
768
4750
7
3577
13523
14098
9973
11509
12585
13001
14035
12833
13396
13893
12326
14501
13018
12973
14354
11793
14208
10490
10442
11634
11044
10382
11647
11205
10310
11428
11412
10406
25683
44060
46343
46101
46244
47156
46516
46777
46669
46184
46439
46523
46116
39914
