13305
13233
11874
12833
12864
12429
13637
12259
11761
12757
12831
13262
11883
22556
27783
16673
16743
16309
2567
5366
0
0
9854
13611
13277
9830
11281
13004
13823
13559
12456
13890
13766
12153
14275
13717
12023
14351
14900
10087
10833
11057
10990
11119
10852
11017
11255
10425
11575
11021
10544
15126
12978
13435
12571
13916
13701
12452
13488
14048
12663
13829
13161
13481
16974
15884
16078
14493
1765
4608
0
0
12234
13209
14029
8771
11880
12494
14271
13586
12258
13755
14186
12102
13454
14715
11875
13430
14945
10041
10730
11435
10688
10967
11449
10682
11080
11339
11044
10583
10451
15625
13007
13491
12652
14412
13253
12954
13700
14152
12263
13121
14594
13848
16012
15983
15876
12750
1029
4608
0
11
14302
13581
12466
9604
12606
13124
13542
13531
12800
13508
14165
12100
13639
14508
12349
13138
14562
9974
10781
11647
10379
11052
11964
10189
11037
12058
9947
11224
14175
12210
12918
13091
13783
13328
13535
13193
13513
14193
12767
13281
14063
15759
14260
16280
16137
9359
901
4608
0
3499
13445
14169
10200
10737
13090
13277
12884
14360
13303
12632
14262
12963
12685
14207
13797
11785
14198
10037
11092
11255
10915
10828
11401
10855
10905
11686
10573
10856
14543
12182
12651
14154
13839
12147
14121
13811
12810
13185
14403
12740
12893
24299
