13294
12765
12729
13699
11840
12034
13610
11413
14013
12258
12371
12665
11998
23290
28116
16206
16158
16977
2477
10733
26
6
24315
30291
29891
13340
11393
13407
13518
13124
13390
13628
13057
13308
13884
12689
13546
13564
15045
9732
10818
11232
10757
11083
11092
11005
10771
11336
10905
11230
10439
15653
12907
12317
14768
13315
11729
14800
13941
11311
14398
14148
12050
13697
17600
14926
16746
14538
1517
10087
19
0
30258
29779
29631
9960
11564
13614
13091
13379
13451
13012
13894
12701
14274
13310
12399
13850
14467
9903
10847
10998
11121
11223
10811
10955
11419
10778
10894
11770
9676
15738
13216
12371
14253
13548
12503
14340
14021
12035
13902
14424
11692
15320
15750
16038
16678
12120
961
10081
19
274
34609
29475
26962
10718
12166
12987
13742
13646
12802
13491
13420
13165
12897
14169
12874
12951
14552
10220
10867
10992
11155
10888
11087
11048
11218
10762
11202
11116
13934
11822
13804
13432
12527
14407
12690
13155
14056
13155
12924
14433
13240
16424
14496
15962
16020
9326
833
10085
12
9414
31750
30312
20849
11981
12261
13049
14125
12983
13100
13966
13436
13158
13347
14058
12149
12890
14261
10229
10636
11351
10897
10749
11481
10932
10964
11359
10758
11222
14524
11622
13949
13425
12399
14436
13463
12738
13668
14395
11835
13747
14320
23435
