33.9794
30.3334
28.4313
30.3041
30.4913
31.2769
30.6381
29.3481
30.6853
30.7891
26.87
29.7225
24.8411
28.2317
28.3449
32.9493
32.9523
32.9684
32.8336
32.9972
32.9828
33
32.9728
32.9764
32.9043
32.8658
32.9728
32.9719
32.9935
32.9398
32.9683
32.9645
32.9551
32.998
32.9976
32.9798
32.9811
32.9885
33.1106
32.9427
32.881
32.9288
32.9542
32.9667
32.8995
32.9221
32.9215
32.9479
32.8859
32.8744
32.9481
31.7904
32.9131
32.9973
32.9609
32.955
32.9654
32.9223
32.9803
32.9735
32.8793
32.8786
32.9511
32.9684
33.1182
32.9221
32.9214
32.9535
32.7499
32.9982
32.9813
32.986
32.9636
32.9428
32.9491
31.7137
32.991
32.9952
32.9636
32.9623
32.9837
32.9568
32.9984
32.9719
32.9945
32.9563
32.9942
32.9964
31.8552
32.9328
32.9154
32.892
32.8889
32.9846
32.9161
32.823
32.926
32.8542
32.7444
32.5921
32.926
32.9785
32.9144
32.888
32.9461
32.9822
32.9821
32.9598
32.9089
32.9242
32.9883
32.9954
32.9785
32.9461
33.7904
32.9384
32.994
32.997
29.1227
32.9986
32.9916
32.9643
32.9554
32.9569
32.8767
32.3586
32.9722
32.9767
32.9978
32.9922
32.9722
32.9746
32.9953
32.9779
32.9859
32.9598
32.9715
32.9522
31.8383
32.927
32.8649
32.7844
32.8579
32.8908
32.8208
32.951
32.8857
32.9772
32.8986
32.8579
32.8201
32.9648
32.929
32.9436
32.9728
32.9262
32.9711
32.9755
32.9305
32.9362
32.9581
32.8732
32.9951
33.2715
32.9394
32.9268
32.9978
32.778
32.8152
32.9874
33
33
32.9327
32.858
32.8484
32.9158
32.9961
32.9954
32.9805
32.9925
32.9978
32.9924
32.9446
32.9728
32.9701
32.9865
32.9935
32.8858
32.81
32.9096
32.9162
32.9283
32.8181
32.8929
32.8582
32.9722
32.9323
32.9042
32.8978
32.8161
32.1576
32.9897
32.9524
32.9892
32.9723
32.9876
32.9475
32.9564
32.9529
32.9829
32.9941
32.9581
32.9664
31.4529
