189257
181528
178618
183199
176638
180039
182739
175767
181401
175857
181608
179018
171420
223634
265169
210313
208899
208978
45608
99576
110926
108157
164536
167154
169953
122097
162074
184507
186982
185232
184392
185556
187854
183736
188525
187919
181956
186583
187227
160474
164840
169485
166909
169995
168589
166941
169591
168761
168549
169921
165251
191630
176246
184607
187754
184765
184554
187001
184280
185189
187440
188074
182280
183647
206085
197135
207583
188301
22590
109765
112248
109428
175191
166877
168896
118460
166768
184566
185954
187320
183554
183799
188808
183784
185789
189869
181776
183424
185550
159805
165940
170075
168361
169934
169112
167251
170049
169449
168181
170261
152406
198587
178343
183183
187995
188860
183207
189109
186419
185357
185839
186303
185032
185679
199617
201744
209199
169367
7548
128238
112837
107740
184924
167679
150314
138529
173257
183333
187195
187200
183240
186386
187964
183865
183248
190686
184567
180169
185724
159841
165634
170594
167685
167255
172335
166952
168447
171232
167598
168328
179737
174784
184017
182985
187165
188687
182691
187576
187696
185580
185617
188457
185097
196576
189436
205632
208158
123872
24236
137156
111822
129449
174705
168885
121962
161248
176164
183898
187475
186893
185288
186251
186812
186330
184591
188768
186587
166934
189338
158653
166224
171197
167999
166415
171971
168812
166854
171990
167925
168362
182588
171611
184932
186349
185817
186357
186712
187108
187598
184477
186245
187817
182709
230416
