131.536
136.288
137.09
137.719
137.587
137.859
139.1
136.463
138.499
137.368
137.804
137.833
134.825
139.145
135.807
138.198
139.583
138.596
125.939
114.851
108.34
109.02
142.801
175.415
173.807
158.751
156.513
141.738
140.389
139.962
140.25
140.344
140.806
140.418
141.647
140.699
139.508
140.687
137.268
140.65
143.017
139.538
138.812
138.816
138.446
138.224
138.804
138.845
138.548
139.218
137.579
143.768
149.719
143.875
142.618
142.318
142.545
142.709
142.446
141.817
142.836
142.959
141.674
141.62
144.206
147.352
140.907
135.396
116.633
113.545
108.37
109.235
151.539
176.039
170.433
154.611
153.642
140.783
140.267
140.419
140.855
140.053
141.857
140.466
140.851
141.264
139.771
139.919
136.294
142.741
141.884
139.054
138.945
139.033
138.69
139.073
139.042
138.582
138.812
139.428
135.571
145.08
148.8
143.148
142.402
143.413
142.338
142.564
142.426
142.701
141.673
142.971
142.136
139.428
147.008
145.464
140.079
132.784
107.147
113.348
108.444
109.631
157.044
176.447
169.887
156.665
151.598
140.111
141.082
140.479
140.656
140.718
140.965
140.496
139.729
141.868
140.21
139.181
136.671
144.225
141.117
138.907
138.871
138.424
139.443
138.33
138.915
138.614
138.597
138.393
139.974
145.915
147.42
142.799
142.933
142.888
141.897
142.669
142.798
142.655
141.441
143.2
142.356
140.021
148.959
142.81
139.485
130.455
109.571
112.441
108.671
118.408
169.278
176.474
164.789
157.144
147.818
140.45
140.651
140.474
140.62
140.732
140.765
141.388
140.21
141.342
141.013
137.263
137.635
144.955
140.399
139.384
138.073
138.835
138.902
138.674
138.146
139.146
138.504
138.974
140.336
148.443
145.483
143.014
142.614
142.566
142.925
142.72
142.128
142.697
141.766
142.723
142.05
139.603
