1177.73
1020.55
943.121
991.29
1055.91
1070.14
1015.49
1003.03
1027.67
1079.42
824.163
1038.58
972.84
893.472
601.48
787.923
811.182
830.478
6216.49
2372.68
1415.06
1617.01
1172.02
1141.89
1132.47
1834.39
961.458
883.614
868.496
897.821
906.856
899.129
868.077
898.458
847.584
883.818
916.082
900.784
1141.99
1166.67
1120.71
1117.12
1118.6
1108.37
1118.53
1131.21
1108.91
1123.17
1116.98
1099.77
1254.19
883.755
936.054
915.263
893.985
924.198
932.578
900.134
913.676
938.915
887.913
888.929
936.551
1090.98
867.406
843.172
808.577
986.998
13714.3
1955.44
1405.42
1609.34
1111.83
1148.56
1196.48
1708.96
951.462
891.828
881.18
861.979
892.338
898.43
840.832
888.7
870.635
852.828
919.315
966.77
1083.53
1168.7
1131.27
1111.13
1131.11
1109.48
1110.96
1116.59
1108.51
1104.13
1112.45
1089.71
1473.03
840.752
919.011
927.661
890.3
876.377
941.359
880.711
896.083
918.312
901.423
899.82
951.859
1170.79
857.461
833.536
819.985
1167.92
38187.6
1436.14
1427.21
1682.76
1040.75
1148.93
1456.55
1320.34
905.28
905.276
869.539
861.587
909.967
859.337
859.677
904.691
898.866
844.135
900.583
1062.57
1025.55
1172.48
1137
1093.67
1119.41
1134.95
1081.43
1133.79
1119.05
1099.6
1131.42
1122.95
1185.6
952.369
880.964
939.402
903.346
882.31
929.788
890.727
893.851
914.155
909.466
881.505
945.214
1110.88
867.113
815.394
820.935
1866.7
12345.6
1216.89
1517.87
1447.35
1096.37
1128.18
1981.37
1006.68
906.601
887.587
894.886
860.837
879.967
873.769
853.829
860.714
892.816
828.686
874.675
1305.67
967.76
1166.48
1131.59
1086.08
1132.95
1119.89
1094.56
1123.79
1129.44
1091.8
1129.33
1131.37
1117.37
979.241
896.623
900.195
910.312
892.675
888.447
913.85
899.739
907.968
917.259
893.086
983.537
968.779
