880.1
843.443
796.315
834.657
847.065
839.904
838.932
834.949
833.198
828.499
813.008
784.527
592.439
469.356
855.296
1189.49
1103.21
1119.7
1330.35
1491.3
1689.18
1566.39
1046.62
809.598
805.621
899.868
1124.9
1175.75
1202.47
1189.54
1158.63
1164.45
1201.09
1173.11
1210.53
1166.25
1185.14
1177.01
900.426
1056.58
1036.52
1050.23
1112.31
1063.52
1075.11
1071.5
1051.23
1064.42
1059.69
1067.88
951.643
1046.66
1096.22
1114.3
1134.32
1124.38
1119.86
1129.5
1150.39
1093.74
1148.32
1129.17
1143.81
938.714
995.403
1026.85
1107.04
1163.04
1238.45
1507.96
1666.91
1539.52
914.174
805.114
763.145
1023.6
1109.74
1187.14
1167.89
1210.66
1202.24
1177.58
1230.06
1193.6
1210.37
1199.99
1178.39
1107.48
911.87
1043.2
1036.23
1040.34
1036.92
1055.05
1065.92
1077.67
1065.06
1059.62
1046.5
1048.36
908.439
1075.31
1104.79
1117.28
1124.59
1152.14
1116.12
1137.66
1158.87
1110.55
1171.37
1132.71
1076.5
807.237
1065.77
1048.68
1073.5
1190.25
1333.49
1582.54
1633.84
1512.52
852.323
800.488
744.691
1071.51
1117.78
1184.31
1180.64
1204.54
1178.19
1190.53
1223.79
1186.63
1183.93
1184.27
1188.71
1024.92
975.849
1021.01
1040.68
1048.83
1084.3
1052.79
1051.7
1078.32
1063.1
1056.03
1069.64
1056.55
863.689
1134.07
1122.63
1108.16
1115.58
1145.7
1143.53
1137.07
1156.44
1137.43
1146.09
1141.68
1094.67
819.484
1047.02
1075.05
1091.47
1198.42
1698.46
1610.52
1561.96
1424.76
808.307
808.601
738.46
1071.85
1142.89
1219.24
1150.75
1203.74
1196.97
1182.94
1211.06
1216.32
1170.25
1229.73
1185.55
911.081
1066.49
1058.83
1040.35
1069.85
1049.55
1089.01
1034.85
1055.43
1079.85
1054.4
1058.17
1037.53
878.223
1108.71
1120.49
1142.91
1117.1
1140
1156.19
1089.86
1151.41
1162.54
1101.7
1144.28
1063.37
550.773
