1
1689
2881
2298
2419
2626
2445
2415
2642
2254
2754
2206
2418
5051
3628
703
1175
1070
151
21526
38188
37737
32834
32206
32235
25847
38734
36842
37012
36094
36286
36088
36466
35670
36730
36056
36218
36744
30174
38429
37582
37064
37226
37292
37383
37289
37175
37394
36657
37394
36489
6161
5269
3280
2377
2752
2751
2426
2732
2815
2413
2716
2653
2515
3962
4133
1510
912
0
27054
39065
37883
31494
32686
31468
26293
38421
35732
36444
36949
37486
35867
37442
36191
37032
36823
36581
35780
31193
38472
37099
36965
37012
37230
37822
37526
37017
37123
36973
37355
33237
4108
4790
3251
2375
2672
2987
2238
2681
2816
2427
2702
2657
2810
4675
3130
1354
770
0
33790
38859
37787
31082
32471
26981
32594
37825
35763
36746
36718
35941
36338
36676
36660
36093
36578
36442
35365
32346
37997
37326
37174
37460
37305
37095
37583
37145
37246
37152
36692
28158
4278
4004
3130
2767
2429
2738
2720
2536
2656
2458
2688
2614
3412
4642
2529
1080
446
6750
36160
38429
35514
32862
31783
22730
37855
37682
37045
36240
36699
36918
36529
36696
37188
35833
37252
36679
30845
35166
39113
37032
37324
37393
37726
37137
37548
37485
37120
37347
36792
20223
5156
3183
2979
2808
2325
2855
2865
2364
2595
2822
2573
2382
5591
