29179
30022
29109
29734
29919
29467
30079
29638
30143
30512
30162
30444
28757
19006
14556
23038
22834
21522
6324
128
8
7
4407
12769
12702
7246
8299
3003
2722
2799
2381
2929
2600
2463
2928
2558
2390
2813
2574
3703
4061
3106
2617
2737
2753
2725
2844
2705
2637
2702
2649
21696
27250
25106
25740
25455
24876
25190
25700
24665
25600
25261
25085
23996
23386
24521
24200
20239
2363
29
19
0
6883
12809
12229
6437
7763
2704
2991
2381
2535
2968
2636
2333
2898
2745
2114
2854
2721
4029
3883
3043
2525
3011
2642
2557
2939
2660
2453
3123
2134
25257
26778
24661
24883
24832
24281
25154
25605
25296
25537
25760
24767
20943
25159
23899
23374
19419
102
21
16
2
8467
13147
10954
7259
6923
2604
2859
2632
2486
2936
2483
2448
2781
2799
2260
2612
2890
4534
3618
2801
2789
2658
2749
2585
2910
2608
2444
3119
5821
26987
26279
24670
25146
25004
25016
25275
25405
25165
24657
25547
24987
20826
26240
23279
23442
13476
103
33
10
44
11547
13377
8322
8345
5835
2463
2768
2672
2496
2699
2754
2655
2608
2635
2600
2374
2845
4797
3218
2999
2720
2527
3017
2491
2844
2789
2519
2922
10590
26659
25109
25105
24808
25278
25220
24197
25134
25362
25162
25336
24660
15759
