0
1776
2479
2656
2378
2648
2547
2127
2578
2522
2795
2379
2235
5209
3309
452
1164
1476
138
31101
76911
73576
41459
29630
29433
26981
43548
41697
41710
41980
41249
41380
42198
41077
42221
41423
41466
41448
34717
43317
42774
42683
42344
42453
42379
42084
42444
42706
41969
42366
41552
7082
5064
3284
2345
2702
2826
2477
2778
2498
2642
2684
2653
2703
3746
4263
1251
1137
170
41466
78026
73378
33704
29664
27891
29876
42470
41892
41623
41722
41519
41023
42112
41395
42055
41811
41402
41178
35754
43716
42888
42501
42602
42421
41889
42552
42660
42187
42467
42578
37044
4637
4790
3104
2754
2387
2902
2624
2669
2694
2233
2813
2616
3087
4223
3273
1335
818
170
54797
77717
72097
27811
29297
25083
36597
42188
41601
41880
42273
41653
41283
42374
41597
41052
42139
41597
40185
36789
43883
42521
42220
42455
42510
42331
42878
42284
42112
42984
42145
31466
4198
4101
2814
2950
2360
2877
2905
2299
2807
2517
2706
2671
3192
4414
2639
1044
642
11221
62216
76634
60002
29536
29777
20616
43076
42417
41740
41724
41804
41628
41689
41587
42559
40978
42317
41989
35236
40114
43624
42628
42350
42650
41890
42345
42910
42326
42760
42435
42079
22620
4920
3747
2659
2823
2522
2570
3006
2187
2718
2735
2414
2765
5624
