0
1961
2423
2667
2370
2194
3052
2339
2297
2722
2209
2628
2322
5282
3216
587
1339
1272
69
0
0
0
4554
13602
11492
8066
7705
3285
2479
2513
2940
2480
2742
2717
2618
2678
2626
2533
2612
3596
4115
3046
2941
2581
2584
3009
2590
2467
3026
2682
2405
4000
5338
3049
2857
2227
2829
2791
2252
2905
2740
2666
2486
2692
3770
3962
1611
1106
0
0
0
0
7212
13094
11693
7120
6976
3072
2565
2550
2707
2535
2621
2993
2577
2545
2508
2735
2146
4676
3674
2868
2879
2593
2712
2813
2645
2642
2980
2496
2484
4239
5216
2814
2795
2543
2587
3108
2232
2682
2755
2619
2442
3148
4161
3182
1431
879
0
0
0
0
9209
13050
10355
7723
6278
2849
2906
2278
2790
2754
2704
2408
2610
2821
2507
2558
2453
4868
3498
2879
2586
2700
2867
2542
2951
2620
2722
2609
3425
4427
4331
2602
2956
2706
2317
2941
2645
2601
2472
2707
2602
3056
4882
2312
1346
581
0
0
0
225
11543
13087
8663
8683
5057
2558
2988
2407
2672
2818
2383
2844
2765
2680
2499
2769
2200
4976
3439
2910
2333
3151
2600
2618
2735
2699
2522
3175
3108
5282
3526
2433
2951
2684
2346
2886
2734
2429
2628
2850
2525
5487
