39668
40552
40176
40556
41011
40897
41033
40891
41161
40641
40590
40779
38106
23180
22770
39751
39258
37832
10437
20
4
0
4339
12697
12938
6916
8715
2901
2784
2585
2534
2880
2600
2455
2831
2811
2318
2739
2793
3448
4183
3210
2470
2960
2692
2426
2903
2738
2433
3112
2369
35791
44196
43139
43117
43264
43239
43111
43754
42417
43718
43659
42874
41598
36538
40273
39734
34466
3589
28
18
0
6812
13179
12091
6285
7936
2792
2748
2482
2482
2773
2663
2665
2789
2578
2528
2341
3058
3967
3821
2935
2812
2648
2661
2749
2543
2968
2518
2994
2306
41118
44482
42764
43182
43798
42695
43235
43874
43074
43104
42884
42990
37383
39812
40262
39218
32328
0
15
2
0
8507
13413
10764
7117
7215
2382
2733
2764
2495
2674
2767
2506
2589
2849
2559
2393
2842
4607
3327
3044
2733
2551
2956
2542
2897
2650
2623
2800
7992
44630
44017
42875
43031
43575
42750
42973
43990
43293
43114
43477
42943
35921
41086
40087
39104
23206
0
28
7
47
11530
13364
8466
8692
5377
2483
2635
2763
2474
2788
2659
2557
2813
2444
2882
2033
3061
4953
3188
3018
2519
2686
2902
2550
2654
2984
2463
2735
16733
44459
43301
43476
43172
43186
43285
42484
43945
43611
42520
43424
42933
24514
