21442
22548
23126
22921
22697
23510
23563
23054
23679
22599
22885
22865
21320
14948
14641
22914
22907
25089
14096
895
132
156
4688
12857
12865
11975
18627
14646
14245
13615
13903
13906
13825
13812
14361
14211
13720
14218
12252
14695
15427
14163
14110
13647
13680
14047
14425
13713
13728
14570
13489
22861
27236
26223
25232
25641
25858
25554
25958
25408
25964
25855
25173
24502
22867
25016
23146
27894
5392
756
179
7
6589
13529
12255
12825
18380
13736
13754
14516
14126
14112
14862
14025
13920
14350
13688
13486
12177
15296
14654
14249
14058
14055
14250
14365
14261
14282
14142
14268
12283
25131
27371
26009
25356
26163
25816
25670
25682
25876
25613
25337
25206
22311
25316
24752
23183
29509
299
767
159
248
8518
13597
10447
16062
17153
13394
14501
14729
13735
14258
14443
14173
13605
14264
14086
13135
12765
15726
14324
14353
14047
14088
14561
14076
13896
14239
13761
13912
14693
27112
26619
26001
25260
25989
25754
25177
26420
25637
25808
25874
25241
21937
25755
23826
23494
24299
467
597
163
270
11752
12728
9434
18359
16380
14186
13991
13797
14130
14166
14272
14314
13646
13887
14064
11731
13491
16026
14440
14006
13949
14805
13651
14145
14434
14098
14588
13917
16539
27436
26227
25926
25582
25840
25877
25904
25909
25664
25166
26023
25083
16684
