0
2185
2233
2513
2474
2519
2620
2493
2121
2462
2751
2710
2088
5115
3390
529
1372
1370
22
0
0
0
4442
13436
11656
7766
8013
3323
2658
2575
2601
2652
2625
2855
2551
2536
2633
2563
2634
3852
4172
3031
2683
2622
2723
2738
2772
2546
3149
2424
2519
3787
5515
2868
2706
2574
2705
2759
2310
2726
2716
2722
2600
2803
3408
4403
1515
1029
0
0
0
0
6789
12959
12065
6657
7550
2705
2981
2491
2549
2953
2587
2543
2778
2682
2298
2643
2605
4318
3760
2901
2680
2725
2911
2537
2884
2727
2729
2673
2235
4419
5078
2828
2828
2756
2495
2706
2574
2875
2460
2425
3012
2746
4288
3236
1418
824
0
0
0
0
8854
13168
10415
7382
6822
2755
2951
2432
2407
3184
2282
2481
2997
2686
2297
2752
2508
4759
3487
2990
2414
2930
2751
2660
2918
2566
2552
2910
3160
4347
4345
2584
3017
2594
2269
2969
2746
2564
2811
2355
2726
2946
4810
2300
1400
623
0
0
0
94
11377
13458
8300
8481
5648
2509
2879
2664
2452
2809
2708
2439
2804
2649
2513
2691
2482
4856
3454
2771
2715
2677
2807
2680
2696
2820
2663
2675
3267
5034
3585
2857
2670
2612
2685
2749
2550
2579
2812
2461
2668
5361
