0
1723
2662
2664
2263
2371
2804
1964
2916
2483
2466
2530
2335
5317
3146
622
1096
1371
141
11998
110
6
28829
41870
40852
13803
7975
2980
2730
2664
2707
2428
2683
2831
2602
2549
2699
2511
2691
3479
4340
2968
2903
2638
2526
2944
2662
2814
2766
2705
2575
3804
5067
3080
2888
2283
2766
2758
2568
2507
2761
2714
2538
2722
3935
3928
1546
1094
113
12075
18
0
36829
41307
40246
8144
6833
3131
2446
2559
2987
2201
2927
2743
2520
2653
2627
2615
2336
4289
3836
3005
2958
2574
2544
3039
2469
2646
3003
2556
2532
4243
4830
2982
2929
2461
2615
2851
2527
2594
2551
2943
2272
3295
4180
3066
1398
946
116
12021
18
318
42978
40975
35604
8068
6004
2977
2630
2395
3001
2549
2411
2930
2164
3044
2608
2452
2306
5069
3552
2937
2676
2498
2901
2568
2719
2556
3161
2242
3716
3970
4589
2562
2939
2558
2436
2947
2356
2795
2507
2794
2593
3249
4844
2116
1259
634
175
11997
12
9645
42764
41728
26965
8979
4748
3011
2850
2177
2952
2748
2375
2896
2547
2736
2376
2639
2453
5073
3393
2944
2427
2825
2743
2737
2686
2722
2847
2641
3297
4971
3640
2528
2975
2604
2520
2757
2598
2767
2492
2469
2801
5576
