30.5231
29.9752
25.2033
28.5135
33.1941
29.4905
30.2213
29.0669
29.478
31.3756
27.7211
30.7019
23.6187
20.5222
31.1781
34.9125
32.3568
36.4147
49.0948
62.4489
51.6684
55.0111
54.2371
52.4901
44.083
48.5749
43.6243
42.733
38.718
38.1115
36.2778
39.333
34.9339
35.5232
43.0798
34.5481
39.7187
40.1086
37.9351
36.4197
43.3934
35.5173
38.8562
37.7209
39.805
36.4873
37.0316
36.5485
37.8694
41.2315
35.6395
40.2809
40.4306
34.4573
37.6937
37.6366
40.1247
38.0326
36.7996
37.0443
36.1699
34.0051
44.634
40.1518
45.5121
38.058
34.3332
38.9849
42.5544
55.1578
52.8328
53.4549
55.2381
48.6354
45.1846
45.3489
41.0594
37.7714
37.6565
37.2443
38.4349
36.8783
41.2867
37.5813
43.2901
40.7671
37.5976
46.0218
39.0586
38.1754
40.3698
36.5842
40.2263
35.6612
38.6219
38.4124
41.1835
35.2952
43.7906
35.1697
37.1766
46.6844
42.0715
34.8027
36.0604
35.5264
42.3106
41.4393
35.4583
35.9395
42.1847
41.9252
36.2387
32.5071
44.1275
36.9149
34.3159
44.7298
24.6033
57.9258
53.0255
53.7108
47.2766
49.9844
44.1613
47.9718
41.9917
38.4611
39.6475
39.0346
37.3812
37.2839
38.1725
36.3829
39.4309
37.7527
39.9512
33.3725
43.0623
41.7616
36.5338
36.9384
36.4924
36.2619
40.7524
36.902
38.1298
34.2269
36.8109
38.4044
39.2416
41.3729
40.7569
36.1161
37.0635
39.1674
36.7329
44.2908
36.0149
37.0747
38.7124
37.6182
36.206
36.3238
36.9586
37.7307
35.513
44.6947
57.5116
57.0159
51.4672
54.0492
46.8645
43.4396
43.8507
40.1706
44.1182
43.6048
38.772
38.9698
41.7432
39.9796
40.899
40.0952
36.8904
40.2158
36.6
37.1217
50.9432
43.9451
37.4883
38.6948
35.0321
46.6147
36.3735
36.693
41.873
39.6591
34.9242
34.0708
40.4773
40.8382
39.2591
38.2744
35.4893
35.8577
35.907
33.1418
37.6756
39.5692
39.1017
37.4269
36.9266
26.6871
