90290
102456
105089
106009
105531
106232
108143
104921
107537
106195
106612
106541
99581
83108
68656
88596
91145
91002
31378
65668
115353
111482
125552
169067
164173
108600
141616
108677
106340
104825
104601
104743
105739
103880
106842
104822
104070
105569
90447
114519
116654
109271
107294
106930
106720
107262
107815
107083
106365
107955
104047
105182
124935
110029
107262
106898
107850
107066
108052
105941
108554
108277
106062
103531
101612
110499
94513
87877
11627
81408
117325
111268
136312
169227
159938
103637
136329
105764
105552
105650
106391
104432
107850
104888
106569
106187
103746
103632
91990
118763
113615
108467
107526
107257
107431
108138
107418
107235
107265
108043
94255
113152
123335
108413
107102
107612
106378
107586
107844
107907
106680
107483
105962
95723
111814
104800
92711
85493
687
101411
116771
110452
145426
169118
140603
122802
130408
104325
107206
106221
104508
105976
106140
105203
103891
107180
104356
101452
94899
121443
111653
108398
107160
107240
108211
107434
107720
106597
107399
106429
98431
119949
118285
107238
108066
107215
106157
107907
108397
107518
106344
108148
106377
94539
116673
99088
92169
63907
18716
111031
115255
105841
162911
169302
113496
142470
123144
105995
106075
104983
105722
106246
105434
107452
103994
106600
105602
90318
101812
123418
110792
108322
106706
108287
107202
107679
107860
107992
107384
106936
96377
123917
112318
107963
107789
107051
107358
106848
107421
107725
106337
107550
105817
84596
