103.409
105.892
106.65
106.76
105.772
106.47
106.69
105.844
106.339
106.05
106.976
106.589
106.976
116.423
112.78
104.264
106.067
105.669
96.211
85.6909
75.1264
76.9642
105.047
124.071
123.622
116.596
113.098
105.862
105.184
105.444
105.345
105.225
105.383
105.603
105.338
105.741
104.939
105.071
107.962
104.978
106.825
105.358
104.228
104.499
104.756
104.293
104.52
104.854
104.892
104.454
104.491
110.296
110.806
108.036
107.175
106.892
107.161
107.3
107.037
107.299
107.345
107.293
106.785
107.817
111.617
110.993
106.403
103.655
101.73
83.0978
75.3511
77.0486
113.368
124.443
123.033
113.535
111.8
105.694
105.482
105.064
105.093
105.271
105.288
105.347
104.804
105.638
104.873
104.963
107.082
106.12
106.203
104.946
104.854
104.554
104.746
104.327
104.516
104.884
104.503
104.652
104.752
110.749
110.149
107.674
107.12
107.248
107.612
107.507
106.808
107.388
106.876
107.085
107.583
109.399
111.383
109.244
106.352
101.976
193.555
81.3837
75.8804
77.9662
118.369
124.714
122.203
113.625
111.235
105.522
105.54
104.739
105.764
105.8
104.955
104.837
104.791
105.828
105.023
105.538
106.346
107.185
105.729
105.055
104.369
104.221
105.013
104.139
104.728
104.673
104.419
104.71
109.624
108.562
109.883
107.39
107.543
107.333
106.887
107.515
106.846
107.101
106.82
107.019
107.228
110.917
110.878
108.129
105.431
101.358
79.0647
80.4954
76.4285
83.0837
122.049
124.814
120.968
113.628
109.359
104.962
105.745
104.852
105.269
105.419
105.04
105.169
105.614
104.814
105.259
106.203
105.995
107.021
105.763
104.881
104.214
104.315
104.803
104.478
104.056
104.861
104.277
104.739
110.152
109.852
108.634
107.325
107.63
107.114
106.994
107.689
106.787
107.351
107.243
107.201
107.288
116.964
