2500.46
2082.23
1601.96
1855.07
2298.37
1936.14
1955.63
1935.41
1908
2126.03
1787.18
2097.17
1779.37
1999.99
3685.9
2751.15
2446.83
2881.82
14315.9
8018.49
2789.98
3368.14
3273.27
2295.1
1879.53
3572.96
1955.56
2756.36
2438.5
2446.18
2309.58
2590.73
2102.69
2246.53
2821.57
2129.63
2631.4
2622.28
3293.75
2123.65
2683.32
2200.16
2509.15
2464.11
2654.74
2330.2
2383.51
2348.68
2500.63
2751.44
2473.68
2782.98
2139.91
2017.35
2379.85
2396.42
2600.56
2422.75
2255.34
2402.96
2183.66
2011.39
3064.48
2939.52
3483.6
2417.35
2525.61
3273.26
35361.2
5267.52
2836.21
3264.64
3138.15
2068.86
2061.98
3352.14
1902.05
2384.15
2399.69
2314.59
2410.37
2353.75
2598.1
2389.39
2851.79
2639.19
2445.61
3333.4
3334.09
2171.22
2516.98
2332.5
2704.16
2269.79
2529.12
2474.49
2768.88
2231.77
3035.97
2206.8
3035.82
3050.51
2306.37
2092.92
2242.33
2149.2
2861.27
2714.08
2129.05
2220.05
2782.95
2767.92
2343.46
2588.72
2880.75
2473.73
2627.88
4041.74
356793
4129.45
2907.14
3350.3
2398.58
2155.1
2396.16
2834.92
2102.25
2502.35
2517.62
2470.31
2398.69
2327.62
2372.64
2271.72
2611.48
2338.1
2639.64
2264.56
3561.85
2417.77
2231.41
2358.83
2321.12
2328.59
2714.31
2356.53
2476.62
2154.84
2357.84
2551.9
3123.02
2315.13
2323.02
2259.69
2314.13
2507.46
2316.71
2967.47
2166.06
2310.8
2494.21
2336.72
2308.89
3022.72
2120.69
2732.75
2761.57
5795.28
29030.1
3524.62
2903.55
3681.89
2068.39
1757.2
3125.18
1747.73
2439.76
2894.61
2504.4
2508.27
2751.42
2579.99
2668.05
2515.13
2377.1
2542.87
2280.29
3199.03
3937.17
2501.84
2343.31
2502.35
2233.5
3215.73
2358.13
2352.2
2802.31
2618.01
2194.11
2148.57
3321.67
2186.9
2374.86
2402.22
2175.37
2209.59
2188.41
2011.92
2355.87
2510.63
2575.45
2335.67
2426.29
2603.88
