639.485
652.474
661.537
641.093
638.686
690.12
685.816
678.051
760.565
738.95
731.912
715.264
710.054
814.403
1123.68
971.941
409.961
55.164
53.4307
185.743
117
0
55.4516
62
362.953
0
0
1371.27
1276.07
1206.36
1077.16
989.592
1405.06
1454.46
1439.38
1481.69
1457.34
1448.62
1420.18
1339.94
1264.86
1278.6
1167.83
1345.93
1300
1485.93
1396.29
1337.19
1288.51
1320.67
1266.48
1285.67
1284.95
1229.28
1194.89
1194.94
1221.75
1220.77
1182.34
1138.83
1235.73
1156.19
1110.23
1103.88
1148.95
1107.4
943.245
0
116.364
1173.33
0
0
0
0
957.408
0
0
1380.47
1287.42
1259.96
1080.39
1011.23
1401.25
1434.23
1427.53
1499.67
1468.61
1450.61
1452.26
1336.92
1301.46
1320.73
1177.65
1309.86
1355.21
1474.46
1386.7
1371.04
1323.35
1325.6
1219.72
1257.21
1180.27
1211.24
1225.95
1192.22
1247.01
1177.31
1238.65
1186.31
1206.78
1140.03
1116.1
1035.68
1174.56
1140.39
959.15
0
127.625
1183.83
117
0
0
0
1030.36
0
0
1380.73
1266.95
1277.08
1112.99
1021.06
1342.84
1446.48
1479.57
1527.06
1498.26
1437.43
1422.9
1319.18
1279.75
1312.91
1265.33
1273.86
1375.92
1357.1
1343.29
1363.04
1373.01
1327.33
1198.3
1264.77
1230.57
1199.48
1143.19
1245.14
1220.69
1178.66
1179.84
1199.13
1174.71
1125.94
1079.43
1047.38
1186.88
1095.97
655.667
0
118.125
1182.02
117
0
0
0
1012.4
0
0
1420.42
1309.36
1272.54
1095.44
977.174
1417.01
1461.97
1427.26
1467.06
1482.48
1415.78
1443.62
1347.58
1328.86
1326.75
1233.53
1370.21
1355.64
1316.38
1330.65
1434.63
1337.39
1319.51
1231.45
1214.78
1191.12
1227.65
1153.19
1242.48
1200.35
1164.19
1186.98
1184.43
1165.84
1123.31
1116.71
