4369
4381
4429
4369
4488
4394
4341
4584748298496644618
825
631
317
397
9
25
105
236
1
0
0
6
642
0
0
5121
5301
5576
4902
3998
3238
5743
5822
5630357339553685377
386
368
410
357
450
351
334
325
362
468
389
340
315
332
322
2747
4691
4865
4831
4928
5021
47638414
15
14
35
0
0
18
78
0
0
0
0
45
0
0
4247
5636
5545
5110
4552
2641
5686
5795
5601
5711
5590
5591355339543635368
356
419
362
325
346
339
357
376
358
336
344
336
3276
4836
4780
4837
4860
4980
2
20
17
10
0
0
0
15
79
1
0
0
0
41
0
0
4055
5682
5483
4974
4634
2343
5635
5802
5685
5772
5569
5519
5606
5510
5526
5410
5127
5441353935533675331
367
380
362
336
339
345
3123
4605
4808
4872240
0
11
11
18
9
0
0
0
15
79
1
0
0
0
42
0
0
4690
5410
5506
4908
4375
2655
5730
5813
5715
5694
5641
5487
5568
5432
5686
5365
4775
5413
5505
5442
5327
5431354336533485346
356
332
3001
4674
18
11
11
0
7
15
059
4704
4665
4612
