1250
1130
1130
1124
1222
1179
1097
1192
638
829
795
806
753
481
356
252
28
126
8
128
0
0
2
2
640
0
0
0
20
0
0
0
0
0
0
0
0
0
0
0
0
0
0
123
1
0
1
1
0
0
0
0
0
0
0
0
0
0
0
0
0
0
0
5
1
0
0
0
0
0
0
0
0
0
0
0
0
0
0
0
0
0
0
0
0
0
0
0
0
0
0
0
0
0
0
0
0
0
0
0
0
0
0
0
0
0
0
0
0
0
0
0
0
0
0
0
0
0
0
0
0
0
0
0
0
0
0
0
0
0
0
0
0
0
0
0
0
0
0
0
0
0
0
0
0
0
0
0
0
0
0
0
0
0
0
0
0
0
0
0
0
0
0
0
0
0
0
0
0
0
0
0
0
0
0
0
0
0
0
0
0
0
0
0
0
0
0
0
0
0
0
0
0
0
0
0
0
0
0
0
0
0
0
0
0
0
0
0
0
0
0
0
0
935
2977
2875
2826
2750
2899
2682
2966
2884
477
0
4
0
0
0
0
0
24
0
0
4
25
0
25
14
30
4
8
9
2
0
0
8
6
0
0
30
0
3
0
1
0
0
0
0
0
1
1757
2925
2875
2902
2952
2861
2806
2766
2892
