31.7685
26.5335
31.5444
24.5873
25.6375
31.2017
29.9306
29.1577
30.5242
31.8015
32.3725
31.8045
31.2564
32.8468
32.9199
32.5546
19.3345
2
2.34432
29.4099
2
0
2.95
2
32.8995
0
0
32.9843
32.9959
32.9941
32.606
32.8128
32.7632
32.6276
32.7931
32.9919
32.7844
32.8464
32.734
32.8694
32.2916
32.8167
32.965
33.7288
32.4639
32.5963
32.5217
32.7911
32.7835
32.6323
32.859
32.5703
32.9969
32.1456
32.4582
32.7802
32.6891
32.6376
32.3759
32.8648
32.8327
32.2028
32.3013
32.7286
33.4693
32.7516
32.4341
0
2
23.3394
0
0
0
0
16.2636
0
0
32.9813
32.9374
32.7291
32.9031
32.9993
32.5792
32.4817
32.9125
32.9917
32.7664
32.7165
32.9654
32.6168
32.6681
32.1383
32.5097
32.0451
32.4808
32.1931
32.9965
32.7077
32.8733
32.8279
32.1722
32.4801
32.1939
32.7049
31.5193
32.4236
32.8714
32.5007
32.6159
32.6656
32.8438
32.5161
32.7174
31.9365
32.4791
32.6738
31.7077
0
2
24.3894
2
0
0
0
17.0994
0
0
32.984
32.9839
32.4793
32.7158
32.7047
32.5945
32.984
32.8834
32.999
32.7753
32.9998
32.9159
32.9465
32.4346
32.7032
32.9835
31.7471
32.7453
31.9198
32.9811
32.5636
32.9877
32.5317
32.3068
32.8438
32.4114
32.9954
31.947
32.9233
32.8181
32.8197
32.7329
32.5988
32.6368
32.2753
32.7999
32.8466
32.6932
32.9958
25.1738
0
2.04545
25.2613
2
0
0
0
18.1149
0
0
32.9809
32.8926
32.6406
32.9654
32.9975
32.6363
32.8419
32.7977
32.9992
32.9026
32.6977
32.9901
32.8957
32.8199
32.8861
32.7965
31.8127
32.3621
32.7707
32.8333
33
32.2824
32.7355
32.2312
32.532
32.7502
32.3944
31.2868
32.9297
32.6352
32.5709
33
32.9999
32.4862
32.7203
32.8164
