18763
18062
18246
18057
17887
17927
17655
17778
17685
17747
17665
16729
16704
15763
16174
15726
615
317
548
1329
2
0
62
18
5434
0
0
10979
11043
11794
13360
10749
6721
12384
12564
12390
12467
12310
12364
12213
11936
11907
11067
11683
11503
11130
11280
11630
11928
11784
11285
11089
11159
11129
10462
13454
13276
13353
13433
13596
13218
12851
12917
12246
14465
14107
2633
0
33
137
0
0
0
0
250
0
0
9082
11672
11652
12846
12293
5460
12483
12266
12402
12576
12395
12449
12207
11887
12185
11603
10912
11576
11150
11284
11391
11522
11700
11408
11131
11233
11124
10877
13391
13165
13474
13037
13516
12901
12562
12956
11130
14093
13957
2947
0
24
141
2
0
0
0
197
0
0
8762
11770
11548
12783
12759
4764
12508
12346
12457
12528
12263
12410
12211
12014
12134
11600
10893
11642
11471
11632
11354
11652
11639
11598
11157
11150
11073
11599
13068
13434
13564
13663
13482
13168
12887
13217
12073
14149
13737
1978
0
24
139
2
0
0
0
203
0
0
9943
11186
11563
12870
11897
5565
12428
12322
12512
12357
12422
12399
12318
11812
12125
11697
10143
11469
11607
11489
11319
11731
11741
11338
11395
11337
11026
10267
13265
13401
13610
13647
13608
13123
12879
13008
