109.974
111.944
112.041
111.819
112.163
111.523
111.634
110.69
107.504
107.97
107.741
106.785
107.015
103.685
98.4029
99.2404
79.2537
52.164
50.4088
55.5124
114
0
52.2581
59
94.4917
0
0
93.4293
93.8837
93.8636
95.5601
96.5777
91.09
92.1788
91.9573
91.7552
91.8269
92.5601
92.8522
93.406
93.7729
94.3361
94.1244
93.1269
94.3721
93.5186
94.45
94.4629
94.1916
94.0423
94.9518
93.5078
94.3369
95.1913
96.1353
96.3998
96.5175
96.39
97.5144
97.0029
96.254
96.1774
97.6831
97.3168
96.1483
96.6588
98.3061
0
110
110.65
0
0
0
0
95.58
0
0
92.5881
93.7099
94.2423
95.748
96.2021
92.5313
92.0827
92.3661
92.0414
91.5146
92.3126
92.4819
93.534
94.0146
93.5025
94.142
93.8053
93.9195
93.643
94.4075
92.892
94.6224
93.5882
95.0817
94.2549
95.2661
95.5547
96.513
96.5717
96.8566
96.4526
96.7633
96.8812
96.4225
97.2153
97.3833
98.1399
96.5028
96.6291
99.2077
0
111.25
110.766
114
0
0
0
99.4112
0
0
92.3056
93.8895
94.4049
95.9819
96.2546
93.8476
91.7614
92.4642
91.7812
91.6106
92.9295
93.3957
93.5533
93.7626
94.0579
94.005
93.6367
93.7504
94.2012
94.068
94.3251
93.6699
94.1828
95.2012
94.2498
94.6499
95.4554
96.7485
96.7291
96.2736
96.5279
96.3546
97.1017
96.5101
97.9245
97.5448
97.7603
96.3117
97.6285
100.723
0
111.25
111.41
114
0
0
0
101.246
0
0
92.0939
93.3481
93.2872
95.5056
96.3374
93.0447
91.8177
92.4576
91.9994
91.6526
92.1697
92.6659
92.8261
93.5946
93.6376
94.5271
94.0287
94.1601
93.8503
94.5962
92.7864
94.0493
94.4232
94.3076
94.557
95.0757
95.5636
96.7948
96.0622
96.2897
96.8114
96.195
96.3161
97.2208
96.665
97.4857
