1066
1119.2
1092.27
1131.07
1150.32
1094.9
1126.7
1121.93
1048.88
1064.17
1079.58
1197.58
1205.65
1215.67
854.809
1062.91
51622.6
100891
58340.7
23892.5
1.59999e+07
inf
516074
1.77772e+06
5525.9
inf
inf
1543.39
1621.69
1506.88
1318.04
1987.43
3356.14
1129.52
1107.58
1101.04
1109.44
1150.89
1167.98
1280.21
1416.11
1408.89
1723.65
1393.09
1481.88
1389.18
1440.59
1414.32
1394.25
1394.88
1569.15
1600.07
1582.69
1646.09
1863.8
1183.54
1188.61
1175.69
1199.85
1214.81
1185.21
1333.89
1367.13
1509.22
1063.28
1160.98
11210.2
inf
969581
232403
inf
inf
inf
inf
127043
inf
inf
2142.99
1454.19
1486.35
1410.65
1591.88
4459.55
1129.25
1181.31
1080.56
1075.92
1131.08
1118.23
1284.52
1390.56
1305.45
1580.26
1622.69
1409.13
1395.49
1449.17
1438.2
1453.94
1409.44
1585.33
1617.64
1668.48
1665.42
1716.04
1197.45
1183.68
1197.64
1215.91
1181.25
1273.65
1407.34
1353.8
1839.43
1096.07
1152.36
9899.35
inf
1.33321e+06
225767
1.59999e+07
inf
inf
inf
161406
inf
inf
2271.4
1451.83
1493.97
1390.33
1486.97
5374.21
1111.88
1112.36
1041.78
1056.02
1172.05
1155.66
1301.41
1383.81
1324.31
1493.29
1663.81
1372.75
1432.54
1407.74
1455.35
1373.3
1422.05
1560.79
1603.39
1639.39
1690.43
1615.66
1203.59
1161.33
1180.52
1162.25
1174.41
1255.43
1357.18
1341.69
1603.16
1074.76
1233.51
15522.3
inf
1.33322e+06
229034
1.59999e+07
inf
inf
inf
156623
inf
inf
1797.93
1551.36
1494.91
1390.96
1712.58
4333.22
1112.86
1169.72
1090.49
1107.14
1160.29
1137.23
1250.25
1380.25
1312.42
1502.22
1784.68
1434.49
1440.58
1454.62
1392.48
1390.43
1405.98
1590.91
1593.47
1631.49
1674.58
1963.6
1169.89
1187.53
1187.02
1157.86
1167.13
1272.63
1361.35
1343.32
