951.948
882.866
974.452
903.091
855.574
1040.62
1012.95
905.875
1000.55
933.525
907.848
959.688
911.448
1093.43
1267.23
1136
651.359
0
0
2068.87
0
0
0
0
890.514
0
0
1563.2
1579.75
1434.71
1225.55
1098.99
1695.61
1694.01
1636.29
1676.85
1654.28
1639.7
1624.67
1499.66
1451.78
1445.3
1319.25
1651.18
1469.19
1745.43
1634.07
1520.03
1475.95
1549.05
1468.67
1529.78
1541.96
1420.19
1397.62
1245.9
1288.67
1294.41
1258.64
1200.95
1387.1
1314.41
1246.46
1247.76
1159.71
1137.16
1035.36
0
106.7
1805.55
0
0
0
0
658.698
0
0
1571.86
1540.4
1513.23
1198.74
1115.13
1647.36
1652.8
1631.6
1695.8
1638.94
1659.94
1627.18
1515.89
1467.69
1528.85
1348.54
1516.69
1524.07
1721.08
1600.03
1606.08
1475.89
1539.04
1401.33
1487.35
1377.05
1377.94
1395.4
1250.43
1377.5
1257.25
1383.1
1242.66
1336.79
1243.56
1239.1
1128.76
1210.47
1170.42
1016.63
0
108
1794.7
108
0
0
0
611.819
0
0
1633.83
1494.64
1547.08
1255.98
1148.33
1529.28
1632.23
1667.08
1717.32
1713.37
1638.58
1589.05
1489.2
1443.01
1477.13
1436.26
1513.01
1590.79
1571.83
1544.68
1582.02
1574.9
1536.75
1376.14
1511.28
1444.19
1380.59
1284.92
1369.89
1339.09
1215.68
1236.73
1262.92
1250.88
1227.39
1164.75
1114.79
1216.54
1119.9
628.263
0
109.227
1814.72
108
0
0
0
596.361
0
0
1643.77
1575.94
1556.22
1243.3
1095.22
1568.97
1668.95
1603.99
1670.45
1677.12
1627.21
1632.42
1529.33
1522.18
1493.79
1398.9
1611.24
1583.67
1512.76
1526.43
1719.76
1572.19
1502.95
1440.75
1413.39
1370.81
1397.91
1298.83
1366.03
1280.43
1219.23
1268.67
1242.88
1306.38
1229.35
1203.43
