460
0
0
0
0
0
0
0
0
0
0
0
0
0
0
0
0
0
64
0
0
0
0
130
0
0
6423
6777
7112
5665
4083
4379
8603
8501
8720
8535
8462
8461
8183
8075
7925
7539
7641
7845
7750
7840
0
1
8
4
0
0
0
3891
7021
7028
6930
6832
6906
6933
6667
6879
6671462
0
0
18
82
0
0
0
0
126
0
0
5591
7114
7125
562824678
132
0
2
0
0
5
1
0
0
0
0
144
0
4
0
0
2
7
4
0
0
0
4808
6972
6901
7007
6712
6924
6732
6529
6788
6009
6907
6755
1465
0
0
30
0
0
0
0
261
0
0
182
149
0
251
8
126
3
2
0
0
2
6
0
0
0
0
150
0
4
0
0
1
7
2
0
0
0
4424
6791
7026
6997
7045
6840
6898
6607
6788
6427
6796
6792
994
0
0
30
0
0
0
0
268
0
0
182
150
0
253
8
128
0
2
0
0
0
8
0
0
0
3
149
0
4
0
0
9
0
0
2
0
0
4167
7100
7060
6913
7015
7031
6627
6749
6880
8494
8624
8543
8591
8503
8259
8124
7842
7898
7124
7837
7780
7789
7851
7812
7855
7566
7569
7718
7391
1738
0
4
18
11
11
0
7
15
