38.6578
27.253
36.1619
32.7283
28.5982
38.9966
39.6988
31.0952
46.0827
40.3979
41.7983
53.4301
44.4456
61.4636
49.4242
49.6894
11.3539
0
0
23.9175
0
0
0
0
15.4662
0
0
80.3284
62.5301
59.3999
89.5324
55.6082
100.136
53.8211
48.3411
49.7066
52.4855
53.7098
52.0222
48.2486
45.3002
45.7147
42.6389
65.1258
56.7907
69.2224
58.8429
51.0928
53.6903
51.4528
51.3367
64.5001
65.8428
46.8395
74.9528
62.6373
55.6955
52.7938
53.6353
51.3553
63.3742
62.4156
58.4323
67.1341
50.2362
53.2982
57.9125
0
2
22.9508
0
0
0
0
16.6633
0
0
79.5834
62.7033
61.76
92.6838
57.966
65.7268
50.2848
48.1496
49.7376
51.0321
51.7655
50.5203
50.0664
50.9524
46.5838
48.5946
72.5543
49.466
64.4606
76.2926
53.2883
47.3044
57.4586
47.1281
61.0755
46.3636
47.8899
70.4759
49.2925
60.0345
66.2621
62.4645
49.657
61.9188
58.1526
67.9714
52.2531
52.9314
60.9441
56.8928
0
2
24.8548
2
0
0
0
15.9965
0
0
85.3776
59.23
63.7636
77.5982
61.7685
75.8205
49.13
54.6334
62.8992
53.981
58.8924
47.0594
47.7324
47.2341
48.5443
51.2609
71.0781
55.819
52.7137
51.721
55.0773
77.5679
53.1575
58.4609
55.6738
56.7805
47.1207
71.5794
73.8097
55.6655
53.9408
55.7483
60.9337
64.1094
62.7856
52.9289
49.9464
59.5928
57.6667
27.8625
0
2
23.7317
2
0
0
0
16.8647
0
0
81.647
61.33
66.0075
89.4588
67.8632
71.3153
54.8489
48.091
55.557
54.6523
50.3873
48.346
48.2545
56.1055
48.5762
46.1128
82.6172
47.0194
49.0138
49.179
67.4287
55.7126
49.5323
46.3731
47.2024
43.1032
44.7365
72.1483
63.4254
58.3694
52.1518
63.8975
58.2713
56.0953
57.3356
54.9229
