11717
12100
11907
12052
11847
12083
12252
12165
13248
13215
12974
12981
13161
12938
14072
13178
192
0
0
122
0
0
0
0
599
0
0
10828
11052
11509
16999
13665
7309
12703
12686
13060
13132
12697
12562
12320
12076
11874
11170
11994
11891
12385
11900
11881
11918
11749
11234
11458
11383
11400
12008
14934
14431
14441
14208
14267
14564
13922
14096
14308
14470
14143
2882
0
30
148
0
0
0
0
613
0
0
9389
11604
11420
15862
15766
5860
12690
12679
13157
13135
12694
12766
12439
12014
12134
11721
11690
12023
12128
11900
12193
11747
12074
11452
11454
11246
11283
12861
14528
14489
14479
14280
14382
14365
13778
14336
12882
14521
14340
3027
0
20
151
2
0
0
0
596
0
0
9081
11533
11488
15746
16414
5018
13056
12725
13367
13205
12782
12461
12103
12109
12144
11843
11469
12115
11876
12130
11793
12297
11915
11381
11362
11548
11077
13014
14565
14662
14657
14701
14227
14774
13916
14009
13574
14646
14130
2053
0
22
149
2
0
0
0
606
0
0
10098
11203
11490
16195
15125
6036
13040
12770
12947
13106
12735
12777
12416
12203
11886
11764
11224
11744
11808
11630
12069
11867
11879
11438
11463
11555
11109
11781
14956
14603
14382
14740
14519
14143
14071
14293
