92.5965
92.284
91.3285
92.1903
92.3338
90.8208
91.0661
90.6769
86.1916
86.8736
87.6872
85.8898
86.5437
84.7174
83.2611
84.9944
101.812
0
0
105.984
0
0
0
0
130.392
0
0
72.8495
73.7079
75.385
84.5813
87.551
73.6726
71.103
71.3431
71.0465
70.6295
71.2938
71.5732
72.083
72.6027
73.3007
74.5773
73.5548
74.3584
71.3399
73.1599
73.7607
73.6004
73.1465
73.7983
73.8642
73.3744
74.1279
80.249
82.2607
83.2088
82.841
81.9941
82.4766
81.723
82.2955
82.4015
82.3822
83.1272
83.6345
86.2047
0
102.8
104.068
0
0
0
0
96.8222
0
0
72.4901
72.8544
74.514
84.6169
87.1754
73.3976
71.2005
71.3493
70.4962
70.7036
71.4952
70.8281
72.2499
73.1479
71.8996
73.9429
73.4243
73.167
72.0569
73.6679
72.8242
73.9008
72.9939
74.3744
74.2844
75.6202
74.9886
81.0231
82.5217
81.6622
82.1918
81.6221
81.7624
81.2093
82.5059
81.9396
83.4895
82.7788
83.0305
87.5382
0
105
104.503
105
0
0
0
97.0067
0
0
71.5758
72.6383
73.5475
83.2381
86.4833
73.9484
70.8205
70.8736
69.7299
70.2059
70.9553
71.6314
72.6026
72.9888
72.1816
73.0128
74.6173
72.9992
73.5571
73.524
73.0476
72.375
73.2123
74.9623
74.1432
74.1388
75.8612
82.329
81.7887
81.6883
82.5938
82.5074
82.4653
82.1773
82.0936
83.503
84.827
82.3923
83.4132
91.7199
0
105
103.671
105
0
0
0
96.6337
0
0
71.9545
72.6178
73.954
84.4259
87.4994
72.6725
70.4423
71.018
70.7738
70.6188
71.2408
71.4661
71.6852
72.4509
72.3362
73.4906
72.6297
73.7087
73.7678
73.6052
72.348
73.4642
73.218
74.3031
74.3222
74.5168
75.5458
83.1207
81.3841
82.5202
82.3686
82.0895
82.1819
81.9212
82.6568
83.1841
