1779.13
1761.76
1713.04
1752.07
1845.53
1607.73
1598.87
1724.62
1414.91
1487.97
1558.62
1505.45
1519.98
1379.91
1006.79
1292.29
166015
inf
inf
260226
inf
inf
inf
inf
52531.9
inf
inf
1392.1
1315.65
1345.72
656.916
1242.76
2682.55
825.083
886.173
773.382
782.517
880.58
922.694
1097.74
1198.1
1249.66
1545.57
1016.82
1221.92
838.338
1055
1173.35
1209.07
1174.58
1379.82
1263.03
1269.25
1386.83
1267.27
896.865
928.779
921.501
993.613
1041.98
810.097
984.108
1023.69
988.75
1051.76
1125.45
10068
inf
1.06656e+06
214411
inf
inf
inf
inf
51543.6
inf
inf
1836.38
1217.27
1288.88
818.659
914.554
3813.39
868.87
892.26
736.362
797.294
860.938
879.474
1056.66
1195.87
1108.36
1381.6
1220.69
1137.49
917.439
1089.05
1018.37
1248.21
1111.28
1392.95
1306.43
1468.41
1458.19
1092.74
952.213
831.07
952.845
857.797
982.342
890.842
1078.98
993.04
1355.33
993.24
1061.1
9554.89
inf
1.59989e+06
210126
1.59999e+07
inf
inf
inf
53079.5
inf
inf
1890.01
1280.01
1238.43
776.284
801.23
4847.77
818.751
847.65
676.632
709.959
864.943
978.962
1154.77
1199.65
1157.92
1265.75
1277.12
1050.56
1122.68
1093.4
1131.45
1027.36
1148.94
1435.56
1305.12
1326.85
1508.28
1173.97
827.161
843.425
967.581
939.992
986.326
915.083
1072.12
1119.5
1242.65
968.361
1144.78
14958.7
inf
1.45444e+06
212950
1.59999e+07
inf
inf
inf
52208.9
inf
inf
1525.18
1280.44
1228.81
732.623
1020.49
3732.56
785.036
901.886
801.163
764.512
885.545
872.082
1047.99
1100.12
1198.45
1321.26
1239.8
1141.12
1197.27
1225.07
931.662
1124.36
1190.88
1356.94
1378.2
1398.55
1482.63
1417.41
773.584
910.9
1005.77
902.291
961.133
956.225
1044.83
1035.43
