668.301
691.621
694.725
720.246
699.521
693.843
694.873
738.61
818.58
825.41
714.478
714.916
688.088
649.996
1163.27
1125.57
743.04
54.3524
55.0146
343.264
52.3488
0
54.569
62
527.951
0
0
1465.31
1386.21
1303.56
1144.52
1116.52
1140.73
1441.98
1494.38
1491.07
1499.12
1519.05
1521.59
1424.98
1332.33
1347.02
1339.22
944.774
1403.17
1355.44
1348.81
1374.7
1408.9
1303.8
1324.93
1318.86
1271.79
1329.12
1216.87
1252.96
1277.86
1284.77
1272.31
1244.42
1298.32
1251.8
1137.74
1162.79
1252.82
1155.33
1196.83
1046.98
0
117
1060.74
132.75
117
0
0
934.734
0
0
1361.07
1391.19
1301.25
1250.81
1149.23
1043.94
1450.77
1508.8
1495.93
1508.67
1531.15
1482.08
1460.67
1369.71
1349.14
1376.99
1118.3
1480.13
1387.8
1381.72
1408.19
1336.41
1364.75
1393.83
1282.07
1371.06
1281.38
1263.8
1031.36
1311.81
1274.04
1272.49
1245.46
1284.29
1232.03
1188.06
1165.21
1168.2
1170.09
1233.09
1152.06
954.52
0
118.043
1205.41
117
0
0
0
1077.17
0
0
1537.26
1304.02
1326.06
1168.67
1110.53
1340.1
1443.24
1499.31
1522.9
1494.78
1534.96
1480.82
1340.78
1382.44
1362.85
1338.49
1175.49
1325.74
1380.26
1402.03
1433.26
1362.27
1334.56
1345.9
1330.7
1249.09
1249.78
1108.65
1349.39
1248.33
1289.25
1252.98
1220.3
1279.08
1218.44
1133.7
1160.69
1107.37
1252.59
1187.19
1083.25
0
117
1140.62
117
0
0
0
1133.85
0
0
1445.19
1328.55
1356.19
1195.37
1132.97
1122.63
1450.44
1515.63
1514.01
1476.42
1541.7
1455.64
1414.33
1383.84
1334.5
1331.86
1166.14
1344.91
1440.29
1361.13
1365.63
1367.86
1362.56
1385.59
1271.21
1229.49
1281.11
1180.25
1175.77
1263.68
1257.57
1262.87
1263.01
1257.21
1275.64
1190.58
1161.56
1193.78
