1286
1365
1239
988
1010
1025
1298
1149
573
685
810
907
644
590
240
290
216
8
71
181
32
0
0
0
725
0
0
3379
5141
5401
4283
3790
1455
6046
6259
6296
6301
6166
6138
6092
5805
5931
5837
3661
5654
5735
5673
5599
5654
5919
5697
5401
5390
5357
5351
801
0
0
0
18
0
0
0
0
18
22
3
7
0
0
20
1
1
0
0
29
0
0
1114
5403
5004
4704
3850
2376
4176
6245
6148
6204
6198
6120
6195
6065
5903
6089
5518
4348
5749
5475
5659
5611
5704
5970
5471
5180
5462
5207
2940
9
0
0
9
9
0
0
0
9
20
3
4
0
0
5
8
1
0
0
0
18
0
0
4436
5200
5325
3894
3763
1646
6156
6223
6157
6156
6120
6295
5761
5991
6041
6026
4033
5751
5648
5520
5355
5883
5869
5787
5241
5305
5391
5302
18
0
0
0
18
0
0
0
9
9
14
4
0
0
5
8
1
0
0
0
18
0
0
2754
5271
5338
4329
3843
1326
5832
6156
6145
6147
6091
6127
6095
5921
5895
5886
3775
5755
5694
5715
5605
5754
5610
5601
5483
5479
5457
5369
1141
0
0
0
18
0
0
0
0
18

22
22
0
0
11
11
0
