4631
4683
4638
4619
4757
4742
4512
4636
5400
5379
5144
5159
5058
4648
5841
5586
1361
9
48
64
128
0
48
0
640
0
0
0
16
0
37
14
2
2
15
0
0
4
3
5
5
0
0
70
0
0
0
0
0
1
0
0
0
0
0
3781
5431
5485
5380
5486
5378
5264
5229
5272
5036
4941
5695
3590
0
0
0
0
0
0
0
19
0
0
0
0
0
0
14
0
4
11
5
6
12
1
2
11
0
17
3
0
0
0
0
0
0
1
0
0
0
0
1451
5402
5423
5510
5328
5283
5448
5254
5140
5223
4691
5782
5622
762
0
0
0
0
0
0
0
0
0
0
0
0
0
4
10
2
7
11
0
0
0
3
11
0
0
0
2
0
0
0
0
0
1
0
0
0
0
0
4506
5496
5464
5408
5463
5432
5334
5176
5204
4875
5235
5687
2202
0
0
0
0
0
0
0
0
0
0
0
0
0
0
14
0
4
16
0
0
0
3
11
0
0
0
2
0
0
0
0
0
1
0
0
0
0
0
3421
5381
5566
5473
5558
5430
5398
5187
5299
5152
428
4613
4641
4274
4846
5018
2003
0
0
24
0
0
0
0
87
0
0
306
659
668
918
1312
446
372
389
375
367
368
376
355
364
367
356
328
346
352
347
349
341
364
337
332
338
332
326
3013
4675
4704
4669
4670
4821
4576
4538
4581
4444
