1247
1297
1167
1105
1002
1008
1337
1201
641
656
879
736
752
514
226
291
152
82
10
2
128
0
4
2
640
0
0
0
16
0
0
0
0
0
0
3
0
0
0
0
1
2
0
58
0
0
0
0
0
8
0
0
0
0
0
0
0
0
0
0
0
0
0
0
0
3
0
5
0
0
0
0
0
0
0
5
0
0
0
0
0
0
0
0
0
0
5
0
0
0
0
0
5
0
0
0
0
0
0
0
0
0
0
0
0
0
0
0
0
0
0
0
0
0
0
0
0
0
3
0
0
0
0
0
0
0
0
3
0
0
0
0
0
0
0
0
0
3
0
0
0
0
0
3
0
0
0
0
0
0
0
0
0
0
0
0
0
0
0
0
0
0
0
0
0
0
0
0
0
3
0
0
0
0
0
0
0
0
3
0
0
0
0
0
0
0
0
0
3
0
0
0
0
0
3
0
0
0
0
0
0
0
0
0
0
0
0
0
0
0
0
0
0
0
0
0
0
0
0
2728
2708
2720
2677
2789
2605
2697
2820
1305
0
0
4
0
0
0
0
26
0
0
4
0
27
28
11
32
0
12
9
0
2
0
8
0
6
0
31
0
0
3
0
1
0
0
0
0
0
1
1719
2773
2810
2751
2728
2713
2751
2717
2780
2712
