32.785
29.4795
27.1146
31.9624
28.9643
28.1656
29.7545
29.7137
31.1182
32.1304
32.4947
32.9459
32.4126
29.5419
32.9901
32.8543
31.7558
2
2.21008
19.559
2.95957
0
2.94643
2
32.8805
0
0
32.9738
32.7046
32.7555
32.4758
32.7651
32.0835
32.9903
32.8825
32.9346
32.9531
32.9913
32.9379
32.5939
32.5262
32.6271
32.9673
32.9272
32.4279
32.584
32.8287
32.9884
32.9593
32.2388
32.382
32.697
32.8589
32.1988
32.3818
32.8154
32.8527
32.6469
32.7619
32.8602
32.9998
32.4803
32.7818
32.8014
32.7881
32.2244
32.8899
32.6979
0
2
21.5191
2
2
0
0
15.3641
0
0
32.9146
32.9195
32.5607
32.9462
32.7818
32.9251
32.7465
32.9143
32.6982
32.9454
32.6723
32.822
32.8286
32.8039
32.887
32.6126
32.4142
32.8167
32.3664
32.5418
32.6995
32.6139
32.4913
32.6094
32.3706
32.7458
32.1048
31.6497
32.4908
32.783
32.8291
32.7251
32.4718
32.9632
32.3166
32.5614
32.45
32.6552
32.1988
32.6282
32.744
31.9064
0
2
25.2456
2
0
0
0
16.924
0
0
32.9865
32.6084
32.8967
32.6327
32.7649
31.2776
32.9967
32.8731
32.6214
32.9944
32.9875
32.75
32.4973
32.5844
32.04
32.6061
31.2081
31.9821
32.9674
32.6397
32.7241
32.3482
32.7713
32.9525
32.0665
32.7616
32.5195
32.6349
32.8388
32.6233
32.8092
32.6506
32.708
32.9995
32.2328
32.3967
32.9988
32.8527
32.3943
32.796
32.1453
0
2
25.3879
2
0
0
0
17.9548
0
0
32.9682
32.6941
32.7449
32.6762
32.8922
32.7175
32.2386
32.9954
32.9911
32.7798
32.9847
32.829
32.8424
32.8853
32.9928
32.8774
32.6513
32.297
32.9641
32.9926
32.9271
32.8548
32.7151
32.5683
32.7483
32.3832
32.2765
32.196
31.0439
32.4872
32.7996
32.9646
32.9134
32.5502
32.5519
32.5995
32.3001
32.6187
