18465
18176
17802
17256
17301
17306
17759
17387
16945
17286
16864
16710
16436
14406
15540
15068
4414
315
479
643
843
0
58
18
5440
0
0
6985
11615
11459
11970
13396
4193
11915
12226
12293
12324
12044
11926
12033
11610
11684
11688
7501
11437
11462
11315
11221
11187
11804
11350
10838
10874
10704
10752
10549
12817
12731
12665
13143
12684
12394
12606
12564
11992
11864
13820
8892
0
16
159
4
2
0
0
244
0
0
2225
11903
10783
10621
13145
8311
8413
12103
12132
12155
12138
11958
11974
11850
11706
11863
10807
8922
11368
11112
11265
11307
11313
11748
10940
10607
10926
10602
9359
12533
12738
12926
12635
12515
12994
12457
12303
12627
11183
13780
13599
2052
0
23
142
2
0
0
0
198
0
0
9373
11548
11290
11832
13108
3604
12057
12316
12049
12060
11966
12091
11632
11803
11901
11861
7988
11410
11362
11169
10902
11526
11585
11354
10606
10853
10754
10501
10749
13032
12700
12898
13086
12902
12482
12477
12654
11763
12817
13534
5510
0
20
144
2
0
0
0
204
0
0
5659
11942
11231
11617
13425
4407
11621
12060
12168
12049
11910
12036
11929
11693
11736
11764
7376
11543
11333
11272
11391
11352
11414
11120
10889
11026
10920
10771
10320
12829
13080
12915
12996
12964
12725
12453
12671
12326
