117.411
120.254
120.086
118.759
119.137
119.208
119.973
118.846
114.935
115.167
115.397
115.297
115.073
111.338
105.851
106.227
106.912
51.3524
51.3069
64.0591
49.0961
0
51.4138
59
122.822
0
0
95.519
96.9474
95.5295
102.417
106.39
101.705
94.8169
93.4593
93.3314
93.7025
93.6583
94.3249
94.6931
96.0403
95.325
94.3524
99.5267
94.3288
95.04
95.9563
95.8543
95.6554
95.1982
95.1679
95.6905
97.4194
96.5219
97.1618
103.375
104.203
104.583
103.751
104.402
103.844
105.502
105.983
104.97
104.304
104.607
103.125
103.303
0
114
112.491
81
114
0
0
97.623
0
0
96.2117
96.7377
96.1344
97.9134
107.001
107.327
94.8814
94.0835
94.0361
93.3737
93.4345
94.9887
94.6112
94.9691
94.8854
94.8552
96.5277
94.1742
95.0025
95.544
95.6482
96.3707
95.3864
94.7428
96.7182
95.9279
95.9418
96.97
100.624
103.946
104.673
103.725
104.379
103.905
103.761
105.13
105.719
105.469
104.616
103.252
104.292
103.573
0
111.13
114.908
114
0
0
0
103.258
0
0
96.4097
96.1969
95.1609
105.391
106.438
95.3857
94.6457
93.6652
93.8841
93.8276
93.9597
94.3222
95.1463
94.6392
94.1817
94.8742
96.7083
96.1041
95.3214
95.6116
95.3888
95.1169
95.1486
96.0254
95.7047
96.7607
97.7193
97.487
104.039
104.147
104.248
104.722
105.005
103.732
105.482
105.522
104.972
104.324
103.053
103.796
105.786
0
114
115.5
114
0
0
0
102.912
0
0
96.4543
96.3929
94.9609
101.251
106.444
105.163
95.027
94.4908
93.753
94.6082
93.7363
94.5653
94.4033
95.0469
95.7342
94.6214
98.0125
94.943
94.6711
96.214
95.1022
95.7939
94.3946
95.9995
96.7254
97.0453
96.6846
97.074
103.099
104.315
104.381
104.265
105.375
104.189
104.586
105.771
105.211
104.21
