1064.71
1068.94
1102.83
1134.18
1150.08
1155.23
1107.03
1101.85
1069.88
1025.8
1183.06
1200.11
1258.86
1571.3
895.931
998.137
6506.62
101533
66750.8
49423.5
37907.3
inf
551670
1.77772e+06
5354.4
inf
inf
3115.93
1368.85
1489.01
1528.83
1272.25
6491.04
1243.71
1122.99
1112.04
1097.44
1137.88
1161.62
1234.37
1423.91
1391.77
1398.64
3321.32
1394.77
1436.39
1479.3
1477.1
1451.56
1407.14
1494.45
1633.71
1671.01
1660.42
1759.32
1780.51
1218.83
1228.78
1254.34
1190.34
1224.54
1330.09
1400.73
1384.17
1415.62
1541.9
1118.66
2551.76
inf
1.99988e+06
200197
7.99987e+06
1.59999e+07
inf
inf
130213
inf
inf
13021
1297.2
1666.38
1762.09
1285.16
2806.38
2352.87
1135.17
1141.72
1124
1105.2
1193.96
1211.79
1330.71
1384.51
1320.47
1842.75
2106.51
1427.12
1498.05
1432.47
1493.7
1463.86
1330.04
1642.97
1645.82
1647.42
1754.5
2387.81
1241.45
1238.13
1203.14
1287.18
1272.64
1230.64
1380.78
1435.78
1366.05
1691.4
1089.11
1201.06
14640
inf
1.39119e+06
224147
1.59999e+07
inf
inf
inf
160539
inf
inf
1876.8
1467.03
1508.31
1535.86
1330.73
7538.92
1210.82
1098.93
1132.92
1158.62
1139.28
1165.78
1410.25
1328.74
1326
1359.43
2830.52
1478.82
1436.14
1463.04
1501.98
1414.06
1427.63
1472.49
1686.46
1699.4
1725.86
1938.68
1627.63
1207.17
1230.44
1228.02
1225.06
1201.15
1345.25
1431.02
1368.15
1613.03
1244.09
1177.23
4724.37
inf
1.59988e+06
221082
1.59999e+07
inf
inf
inf
155729
inf
inf
4209.52
1351.07
1493.07
1559.21
1250.65
6138.54
1303.19
1137.77
1115.84
1179.41
1145.11
1203.05
1268.2
1352.84
1392.15
1388.3
3172.25
1427.33
1383.32
1477.77
1443.61
1451.03
1441.01
1492.11
1667.53
1672.74
1649.29
1790.69
1925
1230.67
1188.91
1214.87
1199.29
1211.17
1239.1
1379.08
1363.89
1402.36
