1029.69
1034.76
980.202
1040.44
1000.26
978.966
1014.71
1005.65
1010.22
1103.38
923.502
913.6
856.259
929.18
1328.34
1326.47
912.412
0
0
2076.8
150.75
0
0
0
1508.59
0
0
1750.2
1704.32
1598.83
1318.35
1227.05
1398.78
1686.2
1776.96
1754.1
1773.1
1776.08
1789.54
1652.63
1545.07
1587.21
1570.04
1241.83
1665.03
1604.17
1534.36
1592.18
1669.01
1538.72
1583.92
1612.44
1494.4
1565.32
1449.45
1386.98
1416.59
1392.73
1393.9
1344.21
1433.53
1362.51
1219.45
1263.85
1460.24
1275.44
1239.88
1076.16
0
108
1795.14
118.125
108
0
0
643.231
121.5
0
1694.74
1558.33
1606.1
1473.5
1261.6
1180.46
1672.35
1794.29
1749.35
1763.82
1830.39
1709.13
1680.95
1620.59
1605.76
1612.25
1321.29
1761.43
1624.98
1662.09
1648.54
1532.71
1652.47
1636.49
1522.08
1646.82
1505.81
1489.41
1254.8
1462.74
1349.11
1344.41
1336.19
1435.19
1291.99
1303.83
1282.26
1275.79
1290.78
1269.25
1212.29
1028.87
0
108
1873.84
108
0
0
0
586.543
0
0
1766.42
1607.9
1618.85
1312.25
1225.27
1611.19
1671.45
1759.14
1751.97
1745.29
1777.59
1724.05
1570.64
1658.55
1613.36
1559.37
1445.44
1533.85
1630.87
1675.67
1714.17
1605.79
1613.01
1585.39
1640.82
1457.09
1477.3
1304.67
1524.57
1323.48
1356.16
1304.44
1292.73
1363.58
1317.66
1209.05
1306.43
1277.14
1314.18
1234.85
1101.39
0
108
1881.92
114.75
0
0
0
644.411
0
0
1726.54
1530.94
1720.03
1362.1
1229.49
1290.49
1694.25
1758.18
1752.56
1710.96
1812.61
1680.79
1653.65
1624.74
1557.61
1537.84
1381.23
1603.15
1722.01
1603.2
1585.07
1610.42
1652.03
1635.06
1524.57
1437.04
1489.42
1397.74
1303.82
1368.94
1303.64
1360.58
1378.46
1297.2
1357.24
1281.8
1276.86
1354.63
