4016
4241
4160
4224
4181
4134
4376
4312
4333
4559
4268
4353
4111
3728
4282
4290
1009
0
0
0
0
0
0
0
0
0
0
0
0
0
0
4
2
0
0
0
0
0
3
0
0
0
0
1
0
0
0
0
0
0
0
0
0
0
0
3396
4591
4721
4765
4553
4690
4527
4327
4452
4460
3915
4458
2920
0
0
0
0
0
0
0
0
0
0
0
0
0
0
14
0
2
10
5
0
0
1
2
11
0
0
2
0
0
0
0
0
0
1
0
0
0
0
1571
4831
4602
4516
4676
4710
4605
4489
4361
4344
4007
4580
4425
633
0
0
0
0
0
0
0
0
0
0
0
0
0
4
10
2
5
10
0
0
0
3
11
0
0
0
2
0
0
0
0
0
1
0
0
0
0
0
4290
4617
4681
4766
4459
4745
4534
4292
4307
4516
4299
4363
1785
0
0
0
0
0
0
0
0
0
0
0
0
0
0
14
0
2
15
0
0
0
3
11
0
0
0
2
0
0
0
0
0
1
0
0
0
0
0
3212
4545
4638
4674
4588
4720
4693
4340
4365
4533
50
6734
6906
6715
6555
6638
6734
6422
6523
6474
