0
0
0
0
0
0
0
0
0
0
0
0
0
0
0
0
0
0
0
0
0
0
0
0
0
0
0
2806
4283
4448
4255
4882
1826
3905
4147
4177
4078
4118
4262
3965
3745
4062
4096
2716
3992
3886
3953
4015
4064
3923
4000
3907
3826
3927
3541
594
0
0
0
18
0
0
0
0
18
19
3
7
0
0
18
1
1
0
0
0
0
0
1026
4117
4180
3866
4848
3024
3251
4078
4122
4210
4108
4040
4079
3965
3809
4043
3597
3414
3951
3894
3991
3866
3756
4079
3722
4093
3866
3667
1838
9
0
0
9
9
0
0
0
9
18
3
4
0
0
5
8
1
0
0
0
0
0
0
3797
4270
4285
4319
4766
1557
3982
4096
4201
4182
4132
4095
3830
3887
4022
3986
2948
3828
3817
3933
4196
3900
3854
3790
4225
3690
3539
3613
58
0
0
0
18
0
0
0
9
9
12
4
0
0
5
8
1
0
0
0
0
0
0
2298
4183
4519
4268
4860
1867
4031
4159
4227
4075
4292
4049
3965
4033
3900
3918
2732
3882
4145
3886
4101
3898
3916
3899
3784
3553
3676
3514
765
0
0
0
18
0
0
0
0
18
1576
0
0
22
22
0
0
11
11
0
