36.8471
37.2754
31.9976
37.9763
34.9114
30.8093
34.7482
30.8019
39.5852
48.1877
46.0529
51.7486
37.4388
40.5103
47.804
51.7548
31.8532
0
0
24.6105
2
0
0
0
17.8348
0
0
55.4251
50.4366
53.2883
54.7196
53.8378
48.6863
53.8502
50.4995
50.424
47.0064
52.8347
48.3445
45.0826
41.7621
46.7338
48.17
46.0049
49.3401
49.0616
48.7135
47.8047
49.6891
45.1186
49.6754
47.6842
55.9119
48.5631
48.8074
52.5879
50.1607
51.6425
52.9363
48.7932
53.6718
48.3083
50.4403
51.3604
51.2187
50.796
48.5635
45.8203
0
2
24.6378
2
2
0
0
18.122
2
0
54.0244
46.3663
52.7161
49.1931
51.8603
52.6467
52.292
49.0715
46.5751
50.619
50.7646
48.3432
49.8233
49.2095
50.971
49.0917
50.9289
56.9931
51.0145
50.9639
48.8609
50.3573
52.4869
50.2959
45.801
50.884
46.3187
46.3084
52.7745
51.7229
49.1321
51.1819
48.2751
51.1695
48.7909
47.871
51.002
50.138
51.0018
48.1163
51.3279
40.529
0
2
28.5462
2
0
0
0
16.9007
0
0
54.6035
52.3798
54.954
61.2569
53.3749
54.1413
48.5361
48.005
46.6787
48.739
47.7386
49.6125
48.5191
50.1777
46.4976
45.5908
48.3249
45.9592
50.3933
48.5914
51.2662
43.9044
50.4691
49.7146
51.8034
45.8305
48.5579
51.3335
55.4206
48.0735
48.3684
47.5501
50.3555
50.5602
50.2928
46.2665
51.9522
54.8307
56.2879
49.7377
46.1475
0
2
24.1322
2
0
0
0
16.6749
0
0
54.7132
47.6709
55.2398
53.3935
52.9354
51.4232
55.9795
46.9021
48.238
49.9094
51.1663
49.7358
47.8566
48.4827
47.6854
51.5145
48.345
50.4488
53.4382
52.501
53.4035
52.0788
52.2259
49.5449
53.4652
43.2768
47.6228
51.595
50.5976
50.7754
47.6303
50.6762
52.7026
48.0686
49.7908
51.8823
48.5744
50.8971
