11107
11442
11254
11221
11164
11271
11704
11709
12113
12666
12203
12279
11863
10842
13427
13169
3281
0
0
120
4
0
0
0
610
0
0
7502
11541
11555
13605
17274
5408
11977
12566
12640
12569
12387
12592
11997
11424
11799
12046
7934
11575
11621
11527
11631
11724
11458
11547
11149
11027
11203
10882
11766
13823
14017
13937
13695
13923
13615
13224
13433
13358
12417
13659
8906
0
16
155
8
2
0
0
597
6
0
2633
11304
10829
10899
16886
10596
9125
12491
12440
12554
12544
12096
12119
12004
11843
12070
10977
9705
11600
11410
11706
11254
11374
11932
11145
11382
11444
10670
10157
14160
13682
13767
13756
13786
13588
13471
13347
13278
12548
14132
13874
2078
0
20
148
2
0
0
0
589
0
0
9946
11336
11223
14608
16826
4223
12201
12578
12515
12525
12293
12290
11756
11893
12119
11810
8744
11408
11461
11361
11652
11688
11714
11386
11410
10950
10668
10727
12630
13846
14055
13994
13429
14212
13569
12950
13288
13371
13534
13586
5513
0
20
147
4
0
0
0
596
0
0
6109
10984
11690
13286
17248
5916
11997
12465
12568
12260
12753
12125
11981
11948
11659
11725
8181
11644
11787
11479
11607
11502
11592
11312
11146
10926
10943
10695
11681
13854
14170
14004
13746
13936
14130
13282
13469
13600
