100.791
99.3277
99.8999
98.0271
99.2311
99.3412
99.3476
97.8967
95.1792
93.3612
94.6427
94.5842
95.1756
94.1782
90.9856
90.2936
95.584
0
0
106.125
105
0
0
0
312.275
0
0
76.8191
76.0068
77.5501
88.366
92.6912
88.647
75.7454
75.0816
75.0204
74.6716
75.3454
74.428
75.9735
77.2203
76.5891
75.9085
83.8484
77.2152
77.3652
77.5878
77.0441
76.5581
77.7099
77.1304
77.1537
77.6607
77.8771
78.558
88.063
88.1019
87.2575
87.7646
87.9553
86.8082
88.3018
88.8355
89.1127
87.5172
89.1237
88.3712
90.7044
0
105
104.806
105
105
0
0
99.2513
105
0
79.7398
76.1024
77.3058
81.5734
92.267
92.8924
77.497
74.9894
75.2556
75.1379
75.0112
75.6426
75.9642
76.3605
76.7861
75.7809
79.7089
76.3901
77.4075
77.7784
76.8501
78.0925
77.9259
76.5533
77.8366
76.7802
78.1649
79.3063
85.3034
86.729
88.0474
88.5624
88.3973
86.9029
87.9319
87.6465
88.3605
88.2271
88.9313
88.5853
88.8784
91.9331
0
105
104.899
105
0
0
0
98.9847
0
0
75.2591
76.7882
77.8276
90.5446
93.3095
80.9879
76.0843
74.7374
74.9942
75.3181
75.6914
75.691
77.0387
75.6513
75.3604
76.6837
78.8673
78.0137
77.0496
77.5453
76.1838
76.9566
77.3656
77.3481
77.2517
79.3721
78.757
80.1878
86.9629
88.1373
87.1981
87.984
88.6406
86.9069
88.7415
89.2566
88.8804
88.6397
87.9928
88.3677
90.3662
0
105
105.102
105
0
0
0
98.3809
0
0
76.3456
77.1888
77.7996
86.5116
92.904
90.7216
76.6754
75.0715
74.9048
75.4419
74.3653
76.4373
76.0169
75.9431
76.5042
77.3506
79.3165
77.4041
76.9239
77.1169
76.9486
77.4103
76.9524
77.0182
78.0388
79.0505
78.1121
78.8906
87.3963
87.8577
88.612
87.7753
87.3869
88.1874
87.604
88.0919
88.5137
88.2481
