1851.37
1761.95
1863.23
1811.35
1866.1
1860.18
1719.4
1727.3
1631.57
1423.07
1698.8
1692.48
1841.2
2022.3
1054.91
1103.48
8840.71
inf
inf
264590
7.99985e+06
inf
inf
inf
50950.4
inf
inf
2515.33
1068.41
1170.53
1033.73
625.442
4518.38
985.591
769.595
777.547
772.842
807.271
751.754
1014.7
1256.05
1124.88
1086.44
2791.44
1099.54
1149.47
1241.73
1159.08
1060.43
1254.09
1187.37
1257.77
1407.57
1291.06
1491.19
1332.72
898.393
890.216
902.144
992.407
864.828
987.841
1200.4
1118.34
935.332
1301.67
1102.89
2516.92
inf
1.99989e+06
204656
3.99988e+06
1.59999e+07
inf
inf
52958.1
5.33321e+06
inf
10458.7
1272.53
1348.93
1462.54
633.46
1839.55
1834.5
767.551
823.002
785.165
720.635
936.372
959.532
1045.19
1096.26
1038.95
1593.89
1535.84
1133.64
1142.46
1085.1
1310.73
1160.96
1045.37
1349.17
1164.63
1290.41
1509.66
1895.73
797.147
989.734
979.986
990.067
886.009
1063.03
1071.65
1115.29
1134.21
1259.42
995.119
1094.18
14370.6
inf
1.59989e+06
214342
1.59999e+07
inf
inf
inf
53742.8
inf
inf
1450.95
1214.96
1232.44
878.334
676.553
5966.36
951.287
784.982
804.959
809.601
825.521
879.691
1151.38
1032.11
1027.13
1150.2
2214.22
1271.2
1161.21
1140.98
1032.14
1132.06
1118.76
1225.08
1163.74
1465.28
1522.33
1678.45
1009.08
987.654
920.608
982.258
1090.18
888.038
1040.65
1261.99
1101.76
1116.1
1050.24
1120.51
4703.08
inf
1.59989e+06
215805
7.99989e+06
inf
inf
inf
53046.9
inf
inf
3511.63
1382.39
1017.35
1046.46
625.797
4118.57
973.085
809.005
793.586
899.151
696.603
958.39
1017.25
1053.54
1187.05
1191.37
2530.27
1145.04
992.841
1184.5
1171.89
1171.7
1108.49
1193.79
1346.41
1491.75
1434.82
1594.31
1435.67
940.865
954.649
924.485
949.489
999.013
907.444
1127.48
1098.97
998.308
